2026-02-11 11:11:05,677 - INFO - 📅 Auto-calculated Nifty weekly expiry (Tuesday): 2026-02-17 (260217)
2026-02-11 11:11:05,677 - INFO - Upstox API initialized
2026-02-11 11:11:05,677 - INFO - Testing API connection...
2026-02-11 11:11:06,636 - INFO - ✓ API connected. Nifty: 25947.95
2026-02-11 11:11:06,637 - INFO - Strategy initialized - PAPER TRADING
2026-02-11 11:11:06,638 - INFO - 
================================================================================
2026-02-11 11:11:06,638 - INFO - 🚀 NIFTY 50 ORB STRATEGY - STARTED
2026-02-11 11:11:06,638 - INFO - ================================================================================
2026-02-11 11:11:06,639 - INFO - Expiry Date:      260217
2026-02-11 11:11:06,645 - INFO - ORB Period:       09:15 - 09:30
2026-02-11 11:11:06,645 - INFO - Stop Loss:        10% (Safety Net)
2026-02-11 11:11:06,646 - INFO - Target:           10% (Fixed)
2026-02-11 11:11:06,646 - INFO - Lot Size:         65
2026-02-11 11:11:06,647 - INFO - Execution Mode:   📝 PAPER TRADING
2026-02-11 11:11:06,647 - INFO - ================================================================================

2026-02-11 11:11:06,648 - INFO - 📥 Loading option contracts...
2026-02-11 11:11:06,648 - INFO - Fetching option contracts for expiry: 2026-02-17
2026-02-11 11:11:07,443 - INFO - ✓ Fetched 186 option contracts
2026-02-11 11:11:07,447 - INFO - ✓ Ready with 186 contracts
2026-02-11 11:11:07,447 - INFO - 📊 Calculating ORB levels...
2026-02-11 11:11:08,231 - INFO - Fetched 115 candles
2026-02-11 11:11:08,260 - INFO - 
======================================================================
2026-02-11 11:11:08,260 - INFO - ✅ ORB LEVELS FORMED
2026-02-11 11:11:08,261 - INFO - ======================================================================
2026-02-11 11:11:08,262 - INFO - High:  26009.40
2026-02-11 11:11:08,262 - INFO - Low:   25942.45
2026-02-11 11:11:08,262 - INFO - Range: 66.95 (0.26%)
2026-02-11 11:11:08,263 - INFO - ======================================================================

2026-02-11 11:11:15,861 - INFO - ⏳ Price: 25949.80 | Range: 25942.45-26009.40
2026-02-11 11:11:23,048 - INFO - ⏳ Price: 25948.90 | Range: 25942.45-26009.40
2026-02-11 11:11:31,341 - INFO - ⏳ Price: 25948.45 | Range: 25942.45-26009.40
2026-02-11 11:11:39,548 - INFO - ⏳ Price: 25946.45 | Range: 25942.45-26009.40
2026-02-11 11:11:47,707 - INFO - ⏳ Price: 25944.20 | Range: 25942.45-26009.40
2026-02-11 11:11:56,082 - INFO - ⏳ Price: 25943.90 | Range: 25942.45-26009.40
2026-02-11 11:12:04,368 - INFO - 📉 BEARISH BREAKOUT CONFIRMED (Price: 25942.2 < ORB Low: 25942.45)
2026-02-11 11:12:04,369 - INFO - ✅ PE 25950 -> NIFTY 25950 PE 17 FEB 26
2026-02-11 11:12:06,851 - INFO - ✓ Using first available quote: NSE_FO:NIFTY2621725950PE
2026-02-11 11:12:06,855 - INFO - 
======================================================================
2026-02-11 11:12:06,856 - INFO - 🎯 POSITION ENTRY
2026-02-11 11:12:06,857 - INFO - ======================================================================
2026-02-11 11:12:06,858 - INFO - Symbol:      NIFTY 25950 PE 17 FEB 26
2026-02-11 11:12:06,858 - INFO - Instrument:  NSE_FO|48235
2026-02-11 11:12:06,859 - INFO - Type:        PE (PUT)
2026-02-11 11:12:06,860 - INFO - Strike:      25950
2026-02-11 11:12:06,860 - INFO - Spot Price:  25942.2
2026-02-11 11:12:06,861 - INFO - Entry Price: ₹112.00
2026-02-11 11:12:06,861 - INFO - Target:      ₹132.00 (+20.00 pts)
2026-02-11 11:12:06,862 - INFO - Stop Loss:   ₹100.80 (-11.20 pts)
2026-02-11 11:12:06,862 - INFO - ℹ️  NOTE: Min Target Floor Applied (20 pts)
2026-02-11 11:12:06,863 - INFO - Exit Condition: TARGET 🎯 OR TRAILING SL 🛑
2026-02-11 11:12:06,864 - INFO - Quantity:    65 lots
2026-02-11 11:12:06,864 - INFO - Entry Time:  11:12:06
2026-02-11 11:12:06,865 - INFO - ======================================================================

2026-02-11 11:12:06,865 - INFO - 📝 PAPER TRADE - No real order placed
2026-02-11 11:12:16,272 - INFO - ✓ Using first available quote: NSE_FO:NIFTY2621725950PE
2026-02-11 11:12:16,274 - INFO -   Price: ₹112.20 | SL: ₹100.80 | P&L: +0.18%
2026-02-11 11:12:19,079 - INFO - ✓ Using first available quote: NSE_FO:NIFTY2621725950PE
2026-02-11 11:12:19,081 - INFO -   Price: ₹111.75 | SL: ₹100.80 | P&L: -0.22%
2026-02-11 11:12:23,494 - INFO - ✓ Using first available quote: NSE_FO:NIFTY2621725950PE
2026-02-11 11:12:23,498 - INFO -   Price: ₹111.75 | SL: ₹100.80 | P&L: -0.22%
2026-02-11 11:12:27,721 - INFO - ✓ Using first available quote: NSE_FO:NIFTY2621725950PE
2026-02-11 11:12:27,726 - INFO -   Price: ₹110.75 | SL: ₹100.80 | P&L: -1.12%
2026-02-11 11:12:31,951 - INFO - ✓ Using first available quote: NSE_FO:NIFTY2621725950PE
2026-02-11 11:12:31,956 - INFO -   Price: ₹111.20 | SL: ₹100.80 | P&L: -0.71%
2026-02-11 11:12:36,058 - INFO - ✓ Using first available quote: NSE_FO:NIFTY2621725950PE
2026-02-11 11:12:36,062 - INFO -   Price: ₹110.85 | SL: ₹100.80 | P&L: -1.03%
2026-02-11 11:12:40,218 - INFO - ✓ Using first available quote: NSE_FO:NIFTY2621725950PE
2026-02-11 11:12:40,222 - INFO -   Price: ₹111.20 | SL: ₹100.80 | P&L: -0.71%
2026-02-11 11:12:44,353 - INFO - ✓ Using first available quote: NSE_FO:NIFTY2621725950PE
2026-02-11 11:12:44,357 - INFO -   Price: ₹110.90 | SL: ₹100.80 | P&L: -0.98%
2026-02-11 11:12:48,420 - INFO - ✓ Using first available quote: NSE_FO:NIFTY2621725950PE
2026-02-11 11:12:48,424 - INFO -   Price: ₹110.95 | SL: ₹100.80 | P&L: -0.94%
2026-02-11 11:12:53,319 - INFO - ✓ Using first available quote: NSE_FO:NIFTY2621725950PE
2026-02-11 11:12:53,321 - INFO -   Price: ₹109.95 | SL: ₹100.80 | P&L: -1.83%
2026-02-11 11:12:56,306 - INFO - ✓ Using first available quote: NSE_FO:NIFTY2621725950PE
2026-02-11 11:12:56,310 - INFO -   Price: ₹109.90 | SL: ₹100.80 | P&L: -1.87%
2026-02-11 11:12:59,058 - INFO - ✓ Using first available quote: NSE_FO:NIFTY2621725950PE
2026-02-11 11:12:59,061 - INFO -   Price: ₹110.15 | SL: ₹100.80 | P&L: -1.65%
2026-02-11 11:13:02,423 - INFO - ✓ Using first available quote: NSE_FO:NIFTY2621725950PE
2026-02-11 11:13:02,424 - INFO -   Price: ₹110.15 | SL: ₹100.80 | P&L: -1.65%
2026-02-11 11:13:05,558 - INFO - ✓ Using first available quote: NSE_FO:NIFTY2621725950PE
2026-02-11 11:13:05,562 - INFO -   Price: ₹110.45 | SL: ₹100.80 | P&L: -1.38%
2026-02-11 11:13:08,846 - INFO - ✓ Using first available quote: NSE_FO:NIFTY2621725950PE
2026-02-11 11:13:08,850 - INFO -   Price: ₹109.55 | SL: ₹100.80 | P&L: -2.19%
2026-02-11 11:13:13,073 - INFO - ✓ Using first available quote: NSE_FO:NIFTY2621725950PE
2026-02-11 11:13:13,077 - INFO -   Price: ₹109.55 | SL: ₹100.80 | P&L: -2.19%
2026-02-11 11:13:17,315 - INFO - ✓ Using first available quote: NSE_FO:NIFTY2621725950PE
2026-02-11 11:13:17,319 - INFO -   Price: ₹108.80 | SL: ₹100.80 | P&L: -2.86%
2026-02-11 11:13:21,438 - INFO - ✓ Using first available quote: NSE_FO:NIFTY2621725950PE
2026-02-11 11:13:21,442 - INFO -   Price: ₹110.00 | SL: ₹100.80 | P&L: -1.79%
2026-02-11 11:13:25,478 - INFO - ✓ Using first available quote: NSE_FO:NIFTY2621725950PE
2026-02-11 11:13:25,484 - INFO -   Price: ₹109.90 | SL: ₹100.80 | P&L: -1.87%
2026-02-11 11:13:29,996 - INFO - ✓ Using first available quote: NSE_FO:NIFTY2621725950PE
2026-02-11 11:13:30,001 - INFO -   Price: ₹108.80 | SL: ₹100.80 | P&L: -2.86%
2026-02-11 11:13:34,426 - INFO - ✓ Using first available quote: NSE_FO:NIFTY2621725950PE
2026-02-11 11:13:34,431 - INFO -   Price: ₹107.55 | SL: ₹100.80 | P&L: -3.97%
2026-02-11 11:13:38,548 - INFO - ✓ Using first available quote: NSE_FO:NIFTY2621725950PE
2026-02-11 11:13:38,554 - INFO -   Price: ₹106.95 | SL: ₹100.80 | P&L: -4.51%
2026-02-11 11:13:42,620 - INFO - ✓ Using first available quote: NSE_FO:NIFTY2621725950PE
2026-02-11 11:13:42,624 - INFO -   Price: ₹106.65 | SL: ₹100.80 | P&L: -4.78%
2026-02-11 11:13:46,686 - INFO - ✓ Using first available quote: NSE_FO:NIFTY2621725950PE
2026-02-11 11:13:46,690 - INFO -   Price: ₹105.45 | SL: ₹100.80 | P&L: -5.85%
2026-02-11 11:13:51,085 - INFO - ✓ Using first available quote: NSE_FO:NIFTY2621725950PE
2026-02-11 11:13:51,089 - INFO -   Price: ₹104.75 | SL: ₹100.80 | P&L: -6.47%
2026-02-11 11:13:55,297 - INFO - ✓ Using first available quote: NSE_FO:NIFTY2621725950PE
2026-02-11 11:13:55,302 - INFO -   Price: ₹103.90 | SL: ₹100.80 | P&L: -7.23%
2026-02-11 11:13:59,381 - INFO - ✓ Using first available quote: NSE_FO:NIFTY2621725950PE
2026-02-11 11:13:59,386 - INFO -   Price: ₹103.45 | SL: ₹100.80 | P&L: -7.63%
2026-02-11 11:14:05,336 - INFO - ✓ Using first available quote: NSE_FO:NIFTY2621725950PE
2026-02-11 11:14:05,340 - INFO -   Price: ₹103.50 | SL: ₹100.80 | P&L: -7.59%
2026-02-11 11:14:09,445 - INFO - ✓ Using first available quote: NSE_FO:NIFTY2621725950PE
2026-02-11 11:14:09,450 - INFO -   Price: ₹104.75 | SL: ₹100.80 | P&L: -6.47%
2026-02-11 11:14:13,817 - INFO - ✓ Using first available quote: NSE_FO:NIFTY2621725950PE
2026-02-11 11:14:13,821 - INFO -   Price: ₹105.80 | SL: ₹100.80 | P&L: -5.54%
2026-02-11 11:14:18,269 - INFO - ✓ Using first available quote: NSE_FO:NIFTY2621725950PE
2026-02-11 11:14:18,273 - INFO -   Price: ₹105.10 | SL: ₹100.80 | P&L: -6.16%
2026-02-11 11:14:22,440 - INFO - ✓ Using first available quote: NSE_FO:NIFTY2621725950PE
2026-02-11 11:14:22,444 - INFO -   Price: ₹105.90 | SL: ₹100.80 | P&L: -5.45%
2026-02-11 11:14:26,477 - INFO - ✓ Using first available quote: NSE_FO:NIFTY2621725950PE
2026-02-11 11:14:26,482 - INFO -   Price: ₹106.70 | SL: ₹100.80 | P&L: -4.73%
2026-02-11 11:14:30,545 - INFO - ✓ Using first available quote: NSE_FO:NIFTY2621725950PE
2026-02-11 11:14:30,551 - INFO -   Price: ₹106.55 | SL: ₹100.80 | P&L: -4.87%
2026-02-11 11:14:34,599 - INFO - ✓ Using first available quote: NSE_FO:NIFTY2621725950PE
2026-02-11 11:14:34,603 - INFO -   Price: ₹106.50 | SL: ₹100.80 | P&L: -4.91%
2026-02-11 11:14:39,393 - INFO - ✓ Using first available quote: NSE_FO:NIFTY2621725950PE
2026-02-11 11:14:39,398 - INFO -   Price: ₹107.30 | SL: ₹100.80 | P&L: -4.20%
2026-02-11 11:14:43,208 - INFO - ✓ Using first available quote: NSE_FO:NIFTY2621725950PE
2026-02-11 11:14:43,211 - INFO -   Price: ₹105.90 | SL: ₹100.80 | P&L: -5.45%
2026-02-11 11:14:47,285 - INFO - ✓ Using first available quote: NSE_FO:NIFTY2621725950PE
2026-02-11 11:14:47,291 - INFO -   Price: ₹106.00 | SL: ₹100.80 | P&L: -5.36%
2026-02-11 11:14:51,304 - INFO - ✓ Using first available quote: NSE_FO:NIFTY2621725950PE
2026-02-11 11:14:51,309 - INFO -   Price: ₹105.75 | SL: ₹100.80 | P&L: -5.58%
2026-02-11 11:14:55,082 - INFO - ✓ Using first available quote: NSE_FO:NIFTY2621725950PE
2026-02-11 11:14:55,087 - INFO -   Price: ₹105.75 | SL: ₹100.80 | P&L: -5.58%
2026-02-11 11:14:58,927 - INFO - ✓ Using first available quote: NSE_FO:NIFTY2621725950PE
2026-02-11 11:14:58,931 - INFO -   Price: ₹106.75 | SL: ₹100.80 | P&L: -4.69%
2026-02-11 11:15:03,214 - INFO - ✓ Using first available quote: NSE_FO:NIFTY2621725950PE
2026-02-11 11:15:03,217 - INFO -   Price: ₹106.25 | SL: ₹100.80 | P&L: -5.13%
2026-02-11 11:15:07,926 - INFO - ✓ Using first available quote: NSE_FO:NIFTY2621725950PE
2026-02-11 11:15:07,930 - INFO -   Price: ₹107.65 | SL: ₹100.80 | P&L: -3.88%
2026-02-11 11:15:11,724 - INFO - ✓ Using first available quote: NSE_FO:NIFTY2621725950PE
2026-02-11 11:15:11,729 - INFO -   Price: ₹106.75 | SL: ₹100.80 | P&L: -4.69%
2026-02-11 11:15:15,480 - INFO - ✓ Using first available quote: NSE_FO:NIFTY2621725950PE
2026-02-11 11:15:15,484 - INFO -   Price: ₹106.05 | SL: ₹100.80 | P&L: -5.31%
2026-02-11 11:15:19,615 - INFO - ✓ Using first available quote: NSE_FO:NIFTY2621725950PE
2026-02-11 11:15:19,619 - INFO -   Price: ₹104.15 | SL: ₹100.80 | P&L: -7.01%
2026-02-11 11:15:24,443 - INFO - ✓ Using first available quote: NSE_FO:NIFTY2621725950PE
2026-02-11 11:15:24,448 - INFO -   Price: ₹103.15 | SL: ₹100.80 | P&L: -7.90%
2026-02-11 11:15:28,387 - INFO - ✓ Using first available quote: NSE_FO:NIFTY2621725950PE
2026-02-11 11:15:28,391 - INFO -   Price: ₹103.80 | SL: ₹100.80 | P&L: -7.32%
2026-02-11 11:15:32,382 - INFO - ✓ Using first available quote: NSE_FO:NIFTY2621725950PE
2026-02-11 11:15:32,387 - INFO -   Price: ₹103.20 | SL: ₹100.80 | P&L: -7.86%
2026-02-11 11:15:36,305 - INFO - ✓ Using first available quote: NSE_FO:NIFTY2621725950PE
2026-02-11 11:15:36,315 - INFO -   Price: ₹103.50 | SL: ₹100.80 | P&L: -7.59%
2026-02-11 11:15:40,506 - INFO - ✓ Using first available quote: NSE_FO:NIFTY2621725950PE
2026-02-11 11:15:40,509 - INFO -   Price: ₹103.80 | SL: ₹100.80 | P&L: -7.32%
2026-02-11 11:15:44,391 - INFO - ✓ Using first available quote: NSE_FO:NIFTY2621725950PE
2026-02-11 11:15:44,397 - INFO -   Price: ₹104.15 | SL: ₹100.80 | P&L: -7.01%
2026-02-11 11:15:49,540 - INFO - ✓ Using first available quote: NSE_FO:NIFTY2621725950PE
2026-02-11 11:15:49,543 - INFO -   Price: ₹104.20 | SL: ₹100.80 | P&L: -6.96%
2026-02-11 11:15:53,365 - INFO - ✓ Using first available quote: NSE_FO:NIFTY2621725950PE
2026-02-11 11:15:53,373 - INFO -   Price: ₹103.25 | SL: ₹100.80 | P&L: -7.81%
2026-02-11 11:15:57,241 - INFO - ✓ Using first available quote: NSE_FO:NIFTY2621725950PE
2026-02-11 11:15:57,245 - INFO -   Price: ₹103.05 | SL: ₹100.80 | P&L: -7.99%
2026-02-11 11:16:01,452 - INFO - ✓ Using first available quote: NSE_FO:NIFTY2621725950PE
2026-02-11 11:16:01,458 - INFO -   Price: ₹102.55 | SL: ₹100.80 | P&L: -8.44%
2026-02-11 11:16:05,684 - INFO - ✓ Using first available quote: NSE_FO:NIFTY2621725950PE
2026-02-11 11:16:05,689 - INFO -   Price: ₹101.70 | SL: ₹100.80 | P&L: -9.20%
2026-02-11 11:16:09,714 - INFO - ✓ Using first available quote: NSE_FO:NIFTY2621725950PE
2026-02-11 11:16:09,718 - INFO -   Price: ₹102.10 | SL: ₹100.80 | P&L: -8.84%
2026-02-11 11:16:13,630 - INFO - ✓ Using first available quote: NSE_FO:NIFTY2621725950PE
2026-02-11 11:16:13,635 - INFO -   Price: ₹101.70 | SL: ₹100.80 | P&L: -9.20%
2026-02-11 11:16:17,513 - INFO - ✓ Using first available quote: NSE_FO:NIFTY2621725950PE
2026-02-11 11:16:17,516 - INFO -   Price: ₹102.15 | SL: ₹100.80 | P&L: -8.79%
2026-02-11 11:16:21,528 - INFO - ✓ Using first available quote: NSE_FO:NIFTY2621725950PE
2026-02-11 11:16:21,532 - INFO -   Price: ₹101.70 | SL: ₹100.80 | P&L: -9.20%
2026-02-11 11:16:25,310 - INFO - ✓ Using first available quote: NSE_FO:NIFTY2621725950PE
2026-02-11 11:16:25,316 - INFO -   Price: ₹101.10 | SL: ₹100.80 | P&L: -9.73%
2026-02-11 11:16:29,125 - INFO - ✓ Using first available quote: NSE_FO:NIFTY2621725950PE
2026-02-11 11:16:29,129 - INFO -   Price: ₹101.50 | SL: ₹100.80 | P&L: -9.38%
2026-02-11 11:16:33,144 - INFO - ✓ Using first available quote: NSE_FO:NIFTY2621725950PE
2026-02-11 11:16:33,148 - INFO -   Price: ₹100.85 | SL: ₹100.80 | P&L: -9.96%
2026-02-11 11:16:37,035 - INFO - ✓ Using first available quote: NSE_FO:NIFTY2621725950PE
2026-02-11 11:16:37,040 - INFO -   Price: ₹100.35 | SL: ₹100.80 | P&L: -10.40%
2026-02-11 11:16:37,040 - WARNING - 🛑 STOP LOSS HIT at ₹100.35
2026-02-11 11:16:39,110 - INFO - ✓ Using first available quote: NSE_FO:NIFTY2621725950PE
2026-02-11 11:16:39,117 - INFO - 
======================================================================
2026-02-11 11:16:39,118 - INFO - 🚪 POSITION EXIT
2026-02-11 11:16:39,118 - INFO - ======================================================================
2026-02-11 11:16:39,119 - INFO - Exit Reason: STOP_LOSS
2026-02-11 11:16:39,120 - INFO - Entry:       ₹112.00
2026-02-11 11:16:39,120 - INFO - Exit:        ₹99.80
2026-02-11 11:16:39,121 - INFO - P&L:         ₹-12.20 (-10.89%)
2026-02-11 11:16:39,122 - INFO - Duration:    4.5 minutes
2026-02-11 11:16:39,122 - INFO - ======================================================================

2026-02-11 11:16:39,125 - INFO - 📝 Trade logged to trades/trades.csv
2026-02-11 11:16:41,398 - INFO - 💰 CUMULATIVE DAILY P&L: ₹-12.20
2026-02-11 11:16:41,399 - INFO - 🔄 Stop Loss Hit - Resuming monitoring for re-entry...
2026-02-11 11:16:41,399 - INFO - Trade completed. Waiting for market close...
2026-02-11 11:16:45,368 - INFO - Values returned to ORB Range - Signal RE-ARMED ⚠️
2026-02-11 11:16:45,369 - INFO - ⏳ Price: 25965.95 | Range: 25942.45-26009.40
2026-02-11 11:16:53,148 - INFO - ⏳ Price: 25964.45 | Range: 25942.45-26009.40
2026-02-11 11:17:00,993 - INFO - ⏳ Price: 25966.45 | Range: 25942.45-26009.40
2026-02-11 11:17:08,927 - INFO - ⏳ Price: 25964.40 | Range: 25942.45-26009.40
2026-02-11 11:17:17,027 - INFO - ⏳ Price: 25964.30 | Range: 25942.45-26009.40
2026-02-11 11:17:25,023 - INFO - ⏳ Price: 25963.45 | Range: 25942.45-26009.40
2026-02-11 11:17:33,148 - INFO - ⏳ Price: 25964.20 | Range: 25942.45-26009.40
2026-02-11 11:17:41,182 - INFO - ⏳ Price: 25967.15 | Range: 25942.45-26009.40
2026-02-11 11:17:49,350 - INFO - ⏳ Price: 25964.70 | Range: 25942.45-26009.40
2026-02-11 11:17:57,306 - INFO - ⏳ Price: 25962.20 | Range: 25942.45-26009.40
2026-02-11 11:18:05,365 - INFO - ⏳ Price: 25961.95 | Range: 25942.45-26009.40
2026-02-11 11:18:13,470 - INFO - ⏳ Price: 25963.45 | Range: 25942.45-26009.40
2026-02-11 11:18:21,237 - INFO - ⏳ Price: 25964.95 | Range: 25942.45-26009.40
2026-02-11 11:18:29,222 - INFO - ⏳ Price: 25964.35 | Range: 25942.45-26009.40
2026-02-11 11:18:37,010 - INFO - ⏳ Price: 25964.35 | Range: 25942.45-26009.40
2026-02-11 11:18:44,867 - INFO - ⏳ Price: 25963.20 | Range: 25942.45-26009.40
2026-02-11 11:18:52,772 - INFO - ⏳ Price: 25963.80 | Range: 25942.45-26009.40
2026-02-11 11:19:00,864 - INFO - ⏳ Price: 25964.00 | Range: 25942.45-26009.40
2026-02-11 11:19:09,114 - INFO - ⏳ Price: 25959.50 | Range: 25942.45-26009.40
2026-02-11 11:19:16,907 - INFO - ⏳ Price: 25959.35 | Range: 25942.45-26009.40
2026-02-11 11:19:24,926 - INFO - ⏳ Price: 25958.35 | Range: 25942.45-26009.40
2026-02-11 11:19:32,944 - INFO - ⏳ Price: 25954.65 | Range: 25942.45-26009.40
2026-02-11 11:19:41,065 - INFO - ⏳ Price: 25955.65 | Range: 25942.45-26009.40
2026-02-11 11:19:48,858 - INFO - ⏳ Price: 25956.20 | Range: 25942.45-26009.40
2026-02-11 11:19:56,659 - INFO - ⏳ Price: 25956.35 | Range: 25942.45-26009.40
2026-02-11 11:20:04,513 - INFO - ⏳ Price: 25955.55 | Range: 25942.45-26009.40
2026-02-11 11:20:12,457 - INFO - ⏳ Price: 25958.25 | Range: 25942.45-26009.40
2026-02-11 11:20:20,500 - INFO - ⏳ Price: 25957.80 | Range: 25942.45-26009.40
2026-02-11 11:20:28,229 - INFO - ⏳ Price: 25959.25 | Range: 25942.45-26009.40
2026-02-11 11:20:36,213 - INFO - ⏳ Price: 25956.10 | Range: 25942.45-26009.40
2026-02-11 11:20:43,996 - INFO - ⏳ Price: 25952.75 | Range: 25942.45-26009.40
2026-02-11 11:20:52,138 - INFO - ⏳ Price: 25951.70 | Range: 25942.45-26009.40
2026-02-11 11:20:59,952 - INFO - ⏳ Price: 25951.85 | Range: 25942.45-26009.40
2026-02-11 11:21:07,924 - INFO - ⏳ Price: 25950.65 | Range: 25942.45-26009.40
2026-02-11 11:21:15,710 - INFO - ⏳ Price: 25949.20 | Range: 25942.45-26009.40
2026-02-11 11:21:23,503 - INFO - ⏳ Price: 25948.55 | Range: 25942.45-26009.40
2026-02-11 11:21:31,357 - INFO - ⏳ Price: 25951.15 | Range: 25942.45-26009.40
2026-02-11 11:21:39,163 - INFO - ⏳ Price: 25950.55 | Range: 25942.45-26009.40
2026-02-11 11:21:47,550 - INFO - ⏳ Price: 25951.50 | Range: 25942.45-26009.40
2026-02-11 11:21:55,707 - INFO - ⏳ Price: 25950.60 | Range: 25942.45-26009.40
2026-02-11 11:22:03,617 - INFO - ⏳ Price: 25951.35 | Range: 25942.45-26009.40
2026-02-11 11:22:11,251 - INFO - ⏳ Price: 25952.90 | Range: 25942.45-26009.40
2026-02-11 11:22:18,927 - INFO - ⏳ Price: 25951.90 | Range: 25942.45-26009.40
2026-02-11 11:22:26,641 - INFO - ⏳ Price: 25952.00 | Range: 25942.45-26009.40
2026-02-11 11:22:34,524 - INFO - ⏳ Price: 25949.80 | Range: 25942.45-26009.40
2026-02-11 11:22:42,557 - INFO - ⏳ Price: 25952.60 | Range: 25942.45-26009.40
2026-02-11 11:22:50,437 - INFO - ⏳ Price: 25950.95 | Range: 25942.45-26009.40
2026-02-11 11:22:58,464 - INFO - ⏳ Price: 25952.00 | Range: 25942.45-26009.40
2026-02-11 11:23:06,487 - INFO - ⏳ Price: 25953.65 | Range: 25942.45-26009.40
2026-02-11 11:23:14,438 - INFO - ⏳ Price: 25953.50 | Range: 25942.45-26009.40
2026-02-11 11:23:22,640 - INFO - ⏳ Price: 25953.70 | Range: 25942.45-26009.40
2026-02-11 11:23:30,403 - INFO - ⏳ Price: 25954.90 | Range: 25942.45-26009.40
2026-02-11 11:23:38,571 - INFO - ⏳ Price: 25956.45 | Range: 25942.45-26009.40
2026-02-11 11:23:47,803 - INFO - ⏳ Price: 25958.45 | Range: 25942.45-26009.40
2026-02-11 11:23:57,063 - INFO - ⏳ Price: 25963.25 | Range: 25942.45-26009.40
2026-02-11 11:24:04,846 - INFO - ⏳ Price: 25963.30 | Range: 25942.45-26009.40
2026-02-11 11:24:13,026 - INFO - ⏳ Price: 25963.40 | Range: 25942.45-26009.40
2026-02-11 11:24:21,099 - INFO - ⏳ Price: 25960.40 | Range: 25942.45-26009.40
2026-02-11 11:24:29,549 - INFO - ⏳ Price: 25958.45 | Range: 25942.45-26009.40
2026-02-11 11:24:37,579 - INFO - ⏳ Price: 25960.25 | Range: 25942.45-26009.40
2026-02-11 11:24:45,718 - INFO - ⏳ Price: 25960.25 | Range: 25942.45-26009.40
2026-02-11 11:24:53,542 - INFO - ⏳ Price: 25959.55 | Range: 25942.45-26009.40
2026-02-11 11:25:01,871 - INFO - ⏳ Price: 25960.70 | Range: 25942.45-26009.40
2026-02-11 11:25:09,624 - INFO - ⏳ Price: 25958.55 | Range: 25942.45-26009.40
2026-02-11 11:25:17,590 - INFO - ⏳ Price: 25959.80 | Range: 25942.45-26009.40
2026-02-11 11:25:25,664 - INFO - ⏳ Price: 25961.05 | Range: 25942.45-26009.40
2026-02-11 11:25:33,638 - INFO - ⏳ Price: 25960.40 | Range: 25942.45-26009.40
2026-02-11 11:25:41,995 - INFO - ⏳ Price: 25959.35 | Range: 25942.45-26009.40
2026-02-11 11:25:49,779 - INFO - ⏳ Price: 25958.50 | Range: 25942.45-26009.40
2026-02-11 11:25:57,945 - INFO - ⏳ Price: 25957.75 | Range: 25942.45-26009.40
2026-02-11 11:26:05,706 - INFO - ⏳ Price: 25958.35 | Range: 25942.45-26009.40
2026-02-11 11:26:13,945 - INFO - ⏳ Price: 25957.05 | Range: 25942.45-26009.40
2026-02-11 11:26:21,854 - INFO - ⏳ Price: 25959.25 | Range: 25942.45-26009.40
2026-02-11 11:26:29,657 - INFO - ⏳ Price: 25958.40 | Range: 25942.45-26009.40
2026-02-11 11:26:37,630 - INFO - ⏳ Price: 25960.00 | Range: 25942.45-26009.40
2026-02-11 11:26:45,512 - INFO - ⏳ Price: 25960.85 | Range: 25942.45-26009.40
2026-02-11 11:26:53,641 - INFO - ⏳ Price: 25959.65 | Range: 25942.45-26009.40
2026-02-11 11:27:01,534 - INFO - ⏳ Price: 25961.60 | Range: 25942.45-26009.40
2026-02-11 11:27:09,391 - INFO - ⏳ Price: 25961.10 | Range: 25942.45-26009.40
2026-02-11 11:27:17,376 - INFO - ⏳ Price: 25964.40 | Range: 25942.45-26009.40
2026-02-11 11:27:25,898 - INFO - ⏳ Price: 25964.40 | Range: 25942.45-26009.40
2026-02-11 11:27:33,797 - INFO - ⏳ Price: 25962.95 | Range: 25942.45-26009.40
2026-02-11 11:27:41,640 - INFO - ⏳ Price: 25962.30 | Range: 25942.45-26009.40
2026-02-11 11:27:49,750 - INFO - ⏳ Price: 25962.10 | Range: 25942.45-26009.40
2026-02-11 11:27:57,497 - INFO - ⏳ Price: 25961.30 | Range: 25942.45-26009.40
2026-02-11 11:28:06,019 - INFO - ⏳ Price: 25959.75 | Range: 25942.45-26009.40
2026-02-11 11:28:14,208 - INFO - ⏳ Price: 25960.35 | Range: 25942.45-26009.40
2026-02-11 11:28:22,387 - INFO - ⏳ Price: 25959.65 | Range: 25942.45-26009.40
2026-02-11 11:28:30,399 - INFO - ⏳ Price: 25960.35 | Range: 25942.45-26009.40
2026-02-11 11:28:38,621 - INFO - ⏳ Price: 25963.00 | Range: 25942.45-26009.40
2026-02-11 11:28:46,467 - INFO - ⏳ Price: 25963.60 | Range: 25942.45-26009.40
2026-02-11 11:28:54,618 - INFO - ⏳ Price: 25963.50 | Range: 25942.45-26009.40
2026-02-11 11:29:03,053 - INFO - ⏳ Price: 25964.05 | Range: 25942.45-26009.40
2026-02-11 11:29:11,282 - INFO - ⏳ Price: 25963.30 | Range: 25942.45-26009.40
2026-02-11 11:29:19,157 - INFO - ⏳ Price: 25961.65 | Range: 25942.45-26009.40
2026-02-11 11:29:26,900 - INFO - ⏳ Price: 25955.90 | Range: 25942.45-26009.40
2026-02-11 11:29:34,905 - INFO - ⏳ Price: 25956.60 | Range: 25942.45-26009.40
2026-02-11 11:29:42,912 - INFO - ⏳ Price: 25957.00 | Range: 25942.45-26009.40
2026-02-11 11:29:50,816 - INFO - ⏳ Price: 25958.25 | Range: 25942.45-26009.40
2026-02-11 11:29:59,156 - INFO - ⏳ Price: 25957.45 | Range: 25942.45-26009.40
2026-02-11 11:30:06,970 - INFO - ⏳ Price: 25955.85 | Range: 25942.45-26009.40
2026-02-11 11:30:15,053 - INFO - ⏳ Price: 25954.10 | Range: 25942.45-26009.40
2026-02-11 11:30:22,918 - INFO - ⏳ Price: 25955.45 | Range: 25942.45-26009.40
2026-02-11 11:30:31,023 - INFO - ⏳ Price: 25957.35 | Range: 25942.45-26009.40
2026-02-11 11:30:38,901 - INFO - ⏳ Price: 25956.20 | Range: 25942.45-26009.40
2026-02-11 11:30:46,671 - INFO - ⏳ Price: 25957.60 | Range: 25942.45-26009.40
2026-02-11 11:30:54,668 - INFO - ⏳ Price: 25958.20 | Range: 25942.45-26009.40
2026-02-11 11:31:02,474 - INFO - ⏳ Price: 25958.00 | Range: 25942.45-26009.40
2026-02-11 11:31:10,761 - INFO - ⏳ Price: 25959.30 | Range: 25942.45-26009.40
2026-02-11 11:31:18,617 - INFO - ⏳ Price: 25959.05 | Range: 25942.45-26009.40
2026-02-11 11:31:27,239 - INFO - ⏳ Price: 25960.75 | Range: 25942.45-26009.40
2026-02-11 11:31:35,098 - INFO - ⏳ Price: 25960.50 | Range: 25942.45-26009.40
2026-02-11 11:31:42,894 - INFO - ⏳ Price: 25960.70 | Range: 25942.45-26009.40
2026-02-11 11:31:50,773 - INFO - ⏳ Price: 25961.65 | Range: 25942.45-26009.40
2026-02-11 11:31:58,666 - INFO - ⏳ Price: 25959.90 | Range: 25942.45-26009.40
2026-02-11 11:32:06,774 - INFO - ⏳ Price: 25960.45 | Range: 25942.45-26009.40
2026-02-11 11:32:14,612 - INFO - ⏳ Price: 25958.80 | Range: 25942.45-26009.40
2026-02-11 11:32:22,406 - INFO - ⏳ Price: 25961.80 | Range: 25942.45-26009.40
2026-02-11 11:32:30,405 - INFO - ⏳ Price: 25961.90 | Range: 25942.45-26009.40
2026-02-11 11:32:38,277 - INFO - ⏳ Price: 25962.85 | Range: 25942.45-26009.40
2026-02-11 11:32:45,966 - INFO - ⏳ Price: 25963.85 | Range: 25942.45-26009.40
2026-02-11 11:32:53,648 - INFO - ⏳ Price: 25966.55 | Range: 25942.45-26009.40
2026-02-11 11:33:01,526 - INFO - ⏳ Price: 25967.55 | Range: 25942.45-26009.40
2026-02-11 11:33:09,471 - INFO - ⏳ Price: 25968.65 | Range: 25942.45-26009.40
2026-02-11 11:33:17,325 - INFO - ⏳ Price: 25971.35 | Range: 25942.45-26009.40
2026-02-11 11:33:25,337 - INFO - ⏳ Price: 25970.90 | Range: 25942.45-26009.40
2026-02-11 11:33:33,031 - INFO - ⏳ Price: 25970.95 | Range: 25942.45-26009.40
2026-02-11 11:33:41,043 - INFO - ⏳ Price: 25971.25 | Range: 25942.45-26009.40
2026-02-11 11:33:48,885 - INFO - ⏳ Price: 25976.05 | Range: 25942.45-26009.40
2026-02-11 11:33:56,820 - INFO - ⏳ Price: 25977.80 | Range: 25942.45-26009.40
2026-02-11 11:34:04,540 - INFO - ⏳ Price: 25977.00 | Range: 25942.45-26009.40
2026-02-11 11:34:12,379 - INFO - ⏳ Price: 25974.00 | Range: 25942.45-26009.40
2026-02-11 11:34:20,449 - INFO - ⏳ Price: 25974.20 | Range: 25942.45-26009.40
2026-02-11 11:34:28,159 - INFO - ⏳ Price: 25971.45 | Range: 25942.45-26009.40
2026-02-11 11:34:36,119 - INFO - ⏳ Price: 25972.10 | Range: 25942.45-26009.40
2026-02-11 11:34:43,831 - INFO - ⏳ Price: 25971.30 | Range: 25942.45-26009.40
2026-02-11 11:34:51,819 - INFO - ⏳ Price: 25972.85 | Range: 25942.45-26009.40
2026-02-11 11:34:59,800 - INFO - ⏳ Price: 25972.25 | Range: 25942.45-26009.40
2026-02-11 11:35:07,880 - INFO - ⏳ Price: 25974.55 | Range: 25942.45-26009.40
2026-02-11 11:35:15,789 - INFO - ⏳ Price: 25977.60 | Range: 25942.45-26009.40
2026-02-11 11:35:23,653 - INFO - ⏳ Price: 25975.10 | Range: 25942.45-26009.40
2026-02-11 11:35:31,797 - INFO - ⏳ Price: 25978.10 | Range: 25942.45-26009.40
2026-02-11 11:35:39,714 - INFO - ⏳ Price: 25977.25 | Range: 25942.45-26009.40
2026-02-11 11:35:48,069 - INFO - ⏳ Price: 25976.70 | Range: 25942.45-26009.40
2026-02-11 11:35:56,187 - INFO - ⏳ Price: 25976.25 | Range: 25942.45-26009.40
2026-02-11 11:36:04,266 - INFO - ⏳ Price: 25978.05 | Range: 25942.45-26009.40
2026-02-11 11:36:12,360 - INFO - ⏳ Price: 25978.20 | Range: 25942.45-26009.40
2026-02-11 11:36:20,307 - INFO - ⏳ Price: 25976.90 | Range: 25942.45-26009.40
2026-02-11 11:36:28,239 - INFO - ⏳ Price: 25975.85 | Range: 25942.45-26009.40
2026-02-11 11:36:35,938 - INFO - ⏳ Price: 25975.90 | Range: 25942.45-26009.40
2026-02-11 11:36:44,051 - INFO - ⏳ Price: 25974.50 | Range: 25942.45-26009.40
2026-02-11 11:36:51,977 - INFO - ⏳ Price: 25974.20 | Range: 25942.45-26009.40
2026-02-11 11:37:00,144 - INFO - ⏳ Price: 25974.10 | Range: 25942.45-26009.40
2026-02-11 11:37:08,040 - INFO - ⏳ Price: 25973.65 | Range: 25942.45-26009.40
2026-02-11 11:37:16,105 - INFO - ⏳ Price: 25973.25 | Range: 25942.45-26009.40
2026-02-11 11:37:24,072 - INFO - ⏳ Price: 25970.65 | Range: 25942.45-26009.40
2026-02-11 11:37:32,043 - INFO - ⏳ Price: 25972.40 | Range: 25942.45-26009.40
2026-02-11 11:37:39,975 - INFO - ⏳ Price: 25970.75 | Range: 25942.45-26009.40
2026-02-11 11:37:47,683 - INFO - ⏳ Price: 25972.25 | Range: 25942.45-26009.40
2026-02-11 11:37:55,472 - INFO - ⏳ Price: 25972.85 | Range: 25942.45-26009.40
2026-02-11 11:38:03,283 - INFO - ⏳ Price: 25971.30 | Range: 25942.45-26009.40
2026-02-11 11:38:11,187 - INFO - ⏳ Price: 25972.40 | Range: 25942.45-26009.40
2026-02-11 11:38:18,865 - INFO - ⏳ Price: 25973.80 | Range: 25942.45-26009.40
2026-02-11 11:38:26,807 - INFO - ⏳ Price: 25970.95 | Range: 25942.45-26009.40
2026-02-11 11:38:34,784 - INFO - ⏳ Price: 25969.05 | Range: 25942.45-26009.40
2026-02-11 11:38:42,729 - INFO - ⏳ Price: 25969.90 | Range: 25942.45-26009.40
2026-02-11 11:38:50,535 - INFO - ⏳ Price: 25969.40 | Range: 25942.45-26009.40
2026-02-11 11:38:58,602 - INFO - ⏳ Price: 25969.30 | Range: 25942.45-26009.40
2026-02-11 11:39:06,282 - INFO - ⏳ Price: 25970.35 | Range: 25942.45-26009.40
2026-02-11 11:39:14,367 - INFO - ⏳ Price: 25970.20 | Range: 25942.45-26009.40
2026-02-11 11:39:22,302 - INFO - ⏳ Price: 25970.65 | Range: 25942.45-26009.40
2026-02-11 11:39:30,139 - INFO - ⏳ Price: 25969.10 | Range: 25942.45-26009.40
2026-02-11 11:39:37,775 - INFO - ⏳ Price: 25968.95 | Range: 25942.45-26009.40
2026-02-11 11:39:45,481 - INFO - ⏳ Price: 25969.65 | Range: 25942.45-26009.40
2026-02-11 11:39:53,541 - INFO - ⏳ Price: 25967.50 | Range: 25942.45-26009.40
2026-02-11 11:40:01,260 - INFO - ⏳ Price: 25967.75 | Range: 25942.45-26009.40
2026-02-11 11:40:09,246 - INFO - ⏳ Price: 25968.20 | Range: 25942.45-26009.40
2026-02-11 11:40:16,987 - INFO - ⏳ Price: 25970.10 | Range: 25942.45-26009.40
2026-02-11 11:40:25,120 - INFO - ⏳ Price: 25968.75 | Range: 25942.45-26009.40
2026-02-11 11:40:32,770 - INFO - ⏳ Price: 25969.35 | Range: 25942.45-26009.40
2026-02-11 11:40:41,723 - INFO - ⏳ Price: 25968.25 | Range: 25942.45-26009.40
2026-02-11 11:40:49,392 - INFO - ⏳ Price: 25968.10 | Range: 25942.45-26009.40
2026-02-11 11:40:57,296 - INFO - ⏳ Price: 25967.95 | Range: 25942.45-26009.40
2026-02-11 11:41:05,030 - INFO - ⏳ Price: 25966.75 | Range: 25942.45-26009.40
2026-02-11 11:41:12,896 - INFO - ⏳ Price: 25966.55 | Range: 25942.45-26009.40
2026-02-11 11:41:20,611 - INFO - ⏳ Price: 25965.05 | Range: 25942.45-26009.40
2026-02-11 11:41:28,450 - INFO - ⏳ Price: 25964.20 | Range: 25942.45-26009.40
2026-02-11 11:41:36,385 - INFO - ⏳ Price: 25964.05 | Range: 25942.45-26009.40
2026-02-11 11:41:44,074 - INFO - ⏳ Price: 25964.30 | Range: 25942.45-26009.40
2026-02-11 11:41:52,152 - INFO - ⏳ Price: 25965.00 | Range: 25942.45-26009.40
2026-02-11 11:42:00,189 - INFO - ⏳ Price: 25963.90 | Range: 25942.45-26009.40
2026-02-11 11:42:08,159 - INFO - ⏳ Price: 25964.40 | Range: 25942.45-26009.40
2026-02-11 11:42:15,923 - INFO - ⏳ Price: 25965.60 | Range: 25942.45-26009.40
2026-02-11 11:42:23,738 - INFO - ⏳ Price: 25965.65 | Range: 25942.45-26009.40
2026-02-11 11:42:31,781 - INFO - ⏳ Price: 25966.85 | Range: 25942.45-26009.40
2026-02-11 11:42:39,548 - INFO - ⏳ Price: 25967.25 | Range: 25942.45-26009.40
2026-02-11 11:42:47,288 - INFO - ⏳ Price: 25966.55 | Range: 25942.45-26009.40
2026-02-11 11:42:55,035 - INFO - ⏳ Price: 25963.95 | Range: 25942.45-26009.40
2026-02-11 11:43:03,028 - INFO - ⏳ Price: 25964.15 | Range: 25942.45-26009.40
2026-02-11 11:43:10,891 - INFO - ⏳ Price: 25964.70 | Range: 25942.45-26009.40
2026-02-11 11:43:18,940 - INFO - ⏳ Price: 25964.50 | Range: 25942.45-26009.40
2026-02-11 11:43:26,633 - INFO - ⏳ Price: 25965.95 | Range: 25942.45-26009.40
2026-02-11 11:43:34,905 - INFO - ⏳ Price: 25967.20 | Range: 25942.45-26009.40
2026-02-11 11:43:43,151 - INFO - ⏳ Price: 25966.90 | Range: 25942.45-26009.40
2026-02-11 11:43:50,710 - INFO - ⏳ Price: 25967.80 | Range: 25942.45-26009.40
2026-02-11 11:43:58,455 - INFO - ⏳ Price: 25966.10 | Range: 25942.45-26009.40
2026-02-11 11:44:06,517 - INFO - ⏳ Price: 25964.75 | Range: 25942.45-26009.40
2026-02-11 11:44:14,283 - INFO - ⏳ Price: 25965.70 | Range: 25942.45-26009.40
2026-02-11 11:44:22,707 - INFO - ⏳ Price: 25966.05 | Range: 25942.45-26009.40
2026-02-11 11:44:30,302 - INFO - ⏳ Price: 25965.30 | Range: 25942.45-26009.40
2026-02-11 11:44:38,105 - INFO - ⏳ Price: 25962.95 | Range: 25942.45-26009.40
2026-02-11 11:44:45,291 - INFO - ⏳ Price: 25959.45 | Range: 25942.45-26009.40
2026-02-11 11:44:52,237 - INFO - ⏳ Price: 25957.25 | Range: 25942.45-26009.40
2026-02-11 11:44:59,136 - INFO - ⏳ Price: 25956.85 | Range: 25942.45-26009.40
2026-02-11 11:45:06,367 - INFO - ⏳ Price: 25957.60 | Range: 25942.45-26009.40
2026-02-11 11:45:14,763 - INFO - ⏳ Price: 25958.45 | Range: 25942.45-26009.40
2026-02-11 11:45:22,592 - INFO - ⏳ Price: 25958.40 | Range: 25942.45-26009.40
2026-02-11 11:45:30,153 - INFO - ⏳ Price: 25959.10 | Range: 25942.45-26009.40
2026-02-11 11:45:37,481 - INFO - ⏳ Price: 25959.25 | Range: 25942.45-26009.40
2026-02-11 11:45:44,515 - INFO - ⏳ Price: 25958.10 | Range: 25942.45-26009.40
2026-02-11 11:45:51,456 - INFO - ⏳ Price: 25958.15 | Range: 25942.45-26009.40
2026-02-11 11:45:58,381 - INFO - ⏳ Price: 25957.65 | Range: 25942.45-26009.40
2026-02-11 11:46:05,507 - INFO - ⏳ Price: 25956.95 | Range: 25942.45-26009.40
2026-02-11 11:46:12,401 - INFO - ⏳ Price: 25955.05 | Range: 25942.45-26009.40
2026-02-11 11:46:19,339 - INFO - ⏳ Price: 25955.75 | Range: 25942.45-26009.40
2026-02-11 11:46:27,543 - INFO - ⏳ Price: 25959.20 | Range: 25942.45-26009.40
2026-02-11 11:46:35,084 - INFO - ⏳ Price: 25958.90 | Range: 25942.45-26009.40
2026-02-11 11:46:43,164 - INFO - ⏳ Price: 25959.65 | Range: 25942.45-26009.40
2026-02-11 11:46:50,946 - INFO - ⏳ Price: 25960.10 | Range: 25942.45-26009.40
2026-02-11 11:46:58,949 - INFO - ⏳ Price: 25958.25 | Range: 25942.45-26009.40
2026-02-11 11:47:06,952 - INFO - ⏳ Price: 25959.80 | Range: 25942.45-26009.40
2026-02-11 11:47:15,169 - INFO - ⏳ Price: 25960.45 | Range: 25942.45-26009.40
2026-02-11 11:47:23,616 - INFO - ⏳ Price: 25960.30 | Range: 25942.45-26009.40
2026-02-11 11:47:31,617 - INFO - ⏳ Price: 25960.80 | Range: 25942.45-26009.40
2026-02-11 11:47:39,691 - INFO - ⏳ Price: 25960.80 | Range: 25942.45-26009.40
2026-02-11 11:47:47,522 - INFO - ⏳ Price: 25962.55 | Range: 25942.45-26009.40
2026-02-11 11:47:55,383 - INFO - ⏳ Price: 25963.05 | Range: 25942.45-26009.40
2026-02-11 11:48:03,777 - INFO - ⏳ Price: 25962.05 | Range: 25942.45-26009.40
2026-02-11 11:48:11,815 - INFO - ⏳ Price: 25962.50 | Range: 25942.45-26009.40
2026-02-11 11:48:19,539 - INFO - ⏳ Price: 25960.85 | Range: 25942.45-26009.40
2026-02-11 11:48:27,251 - INFO - ⏳ Price: 25958.00 | Range: 25942.45-26009.40
2026-02-11 11:48:36,187 - INFO - ⏳ Price: 25961.00 | Range: 25942.45-26009.40
2026-02-11 11:48:44,438 - INFO - ⏳ Price: 25961.60 | Range: 25942.45-26009.40
2026-02-11 11:48:52,305 - INFO - ⏳ Price: 25959.95 | Range: 25942.45-26009.40
2026-02-11 11:49:00,045 - INFO - ⏳ Price: 25960.35 | Range: 25942.45-26009.40
2026-02-11 11:49:08,064 - INFO - ⏳ Price: 25960.60 | Range: 25942.45-26009.40
2026-02-11 11:49:15,884 - INFO - ⏳ Price: 25960.20 | Range: 25942.45-26009.40
2026-02-11 11:49:24,152 - INFO - ⏳ Price: 25958.30 | Range: 25942.45-26009.40
2026-02-11 11:49:32,085 - INFO - ⏳ Price: 25959.70 | Range: 25942.45-26009.40
2026-02-11 11:49:40,441 - INFO - ⏳ Price: 25959.40 | Range: 25942.45-26009.40
2026-02-11 11:49:48,380 - INFO - ⏳ Price: 25960.90 | Range: 25942.45-26009.40
2026-02-11 11:49:55,444 - INFO - ⏳ Price: 25961.50 | Range: 25942.45-26009.40
2026-02-11 11:50:03,229 - INFO - ⏳ Price: 25961.85 | Range: 25942.45-26009.40
2026-02-11 11:50:10,950 - INFO - ⏳ Price: 25962.45 | Range: 25942.45-26009.40
2026-02-11 11:50:19,434 - INFO - ⏳ Price: 25961.60 | Range: 25942.45-26009.40
2026-02-11 11:50:26,319 - INFO - ⏳ Price: 25961.25 | Range: 25942.45-26009.40
2026-02-11 11:50:34,384 - INFO - ⏳ Price: 25960.55 | Range: 25942.45-26009.40
2026-02-11 11:50:42,229 - INFO - ⏳ Price: 25962.15 | Range: 25942.45-26009.40
2026-02-11 11:50:49,445 - INFO - ⏳ Price: 25962.05 | Range: 25942.45-26009.40
2026-02-11 11:50:56,637 - INFO - ⏳ Price: 25961.35 | Range: 25942.45-26009.40
2026-02-11 11:51:03,524 - INFO - ⏳ Price: 25961.40 | Range: 25942.45-26009.40
2026-02-11 11:51:10,738 - INFO - ⏳ Price: 25962.00 | Range: 25942.45-26009.40
2026-02-11 11:51:17,743 - INFO - ⏳ Price: 25963.30 | Range: 25942.45-26009.40
