2026-02-11 11:59:30,720 - INFO - 📅 Auto-calculated Nifty weekly expiry (Tuesday): 2026-02-17 (260217)
2026-02-11 11:59:30,738 - INFO - Upstox API initialized
2026-02-11 11:59:30,748 - INFO - Testing API connection...
2026-02-11 11:59:31,927 - INFO - ✓ API connected. Nifty: 25960.15
2026-02-11 11:59:31,929 - INFO - Strategy initialized - PAPER TRADING
2026-02-11 11:59:31,929 - INFO - 
================================================================================
2026-02-11 11:59:31,929 - INFO - 🚀 NIFTY 50 ORB STRATEGY - STARTED
2026-02-11 11:59:31,930 - INFO - ================================================================================
2026-02-11 11:59:31,930 - INFO - Expiry Date:      260217
2026-02-11 11:59:31,937 - INFO - ORB Period:       09:15 - 09:30
2026-02-11 11:59:31,937 - INFO - Stop Loss:        10% (Safety Net)
2026-02-11 11:59:31,937 - INFO - Target:           10% (Fixed)
2026-02-11 11:59:31,938 - INFO - Lot Size:         65
2026-02-11 11:59:31,938 - INFO - Execution Mode:   📝 PAPER TRADING
2026-02-11 11:59:31,939 - INFO - ================================================================================

2026-02-11 11:59:31,939 - INFO - 📥 Loading option contracts...
2026-02-11 11:59:31,940 - INFO - Fetching option contracts for expiry: 2026-02-17
2026-02-11 11:59:33,170 - INFO - ✓ Fetched 186 option contracts
2026-02-11 11:59:33,172 - INFO - ✓ Ready with 186 contracts
2026-02-11 11:59:33,173 - INFO - 📊 Calculating ORB levels...
2026-02-11 11:59:34,585 - INFO - Fetched 164 candles
2026-02-11 11:59:34,611 - INFO - 
======================================================================
2026-02-11 11:59:34,612 - INFO - ✅ ORB LEVELS FORMED
2026-02-11 11:59:34,612 - INFO - ======================================================================
2026-02-11 11:59:34,613 - INFO - High:  26009.40
2026-02-11 11:59:34,613 - INFO - Low:   25942.45
2026-02-11 11:59:34,614 - INFO - Range: 66.95 (0.26%)
2026-02-11 11:59:34,615 - INFO - ======================================================================

2026-02-11 11:59:41,872 - INFO - ⏳ Price: 25955.05 | Range: 25942.45-26009.40
2026-02-11 11:59:48,741 - INFO - ⏳ Price: 25954.00 | Range: 25942.45-26009.40
2026-02-11 11:59:55,979 - INFO - ⏳ Price: 25949.35 | Range: 25942.45-26009.40
2026-02-11 12:00:03,030 - INFO - ⏳ Price: 25946.75 | Range: 25942.45-26009.40
2026-02-11 12:00:11,462 - INFO - ⏳ Price: 25945.55 | Range: 25942.45-26009.40
2026-02-11 12:00:19,623 - INFO - ⏳ Price: 25949.85 | Range: 25942.45-26009.40
2026-02-11 12:00:27,831 - INFO - ⏳ Price: 25954.05 | Range: 25942.45-26009.40
2026-02-11 12:00:35,796 - INFO - ⏳ Price: 25955.30 | Range: 25942.45-26009.40
2026-02-11 12:00:44,122 - INFO - ⏳ Price: 25952.55 | Range: 25942.45-26009.40
2026-02-11 12:00:52,496 - INFO - ⏳ Price: 25951.00 | Range: 25942.45-26009.40
2026-02-11 12:01:01,029 - INFO - ⏳ Price: 25950.65 | Range: 25942.45-26009.40
2026-02-11 12:01:08,908 - INFO - ⏳ Price: 25952.95 | Range: 25942.45-26009.40
2026-02-11 12:01:16,738 - INFO - ⏳ Price: 25954.50 | Range: 25942.45-26009.40
2026-02-11 12:01:24,763 - INFO - ⏳ Price: 25953.55 | Range: 25942.45-26009.40
2026-02-11 12:01:32,712 - INFO - ⏳ Price: 25955.30 | Range: 25942.45-26009.40
2026-02-11 12:01:39,941 - INFO - ⏳ Price: 25956.75 | Range: 25942.45-26009.40
2026-02-11 12:01:47,259 - INFO - ⏳ Price: 25957.55 | Range: 25942.45-26009.40
2026-02-11 12:01:54,182 - INFO - ⏳ Price: 25957.40 | Range: 25942.45-26009.40
2026-02-11 12:02:01,491 - INFO - ⏳ Price: 25959.30 | Range: 25942.45-26009.40
2026-02-11 12:02:08,585 - INFO - ⏳ Price: 25953.65 | Range: 25942.45-26009.40
2026-02-11 12:02:15,837 - INFO - ⏳ Price: 25956.10 | Range: 25942.45-26009.40
2026-02-11 12:02:23,154 - INFO - ⏳ Price: 25956.65 | Range: 25942.45-26009.40
2026-02-11 12:02:31,206 - INFO - ⏳ Price: 25957.35 | Range: 25942.45-26009.40
2026-02-11 12:02:38,112 - INFO - ⏳ Price: 25957.65 | Range: 25942.45-26009.40
2026-02-11 12:02:45,378 - INFO - ⏳ Price: 25959.75 | Range: 25942.45-26009.40
2026-02-11 12:02:53,519 - INFO - ⏳ Price: 25959.15 | Range: 25942.45-26009.40
2026-02-11 12:03:00,598 - INFO - ⏳ Price: 25960.75 | Range: 25942.45-26009.40
2026-02-11 12:03:07,736 - INFO - ⏳ Price: 25959.85 | Range: 25942.45-26009.40
2026-02-11 12:03:15,123 - INFO - ⏳ Price: 25959.20 | Range: 25942.45-26009.40
2026-02-11 12:03:22,690 - INFO - ⏳ Price: 25958.10 | Range: 25942.45-26009.40
2026-02-11 12:03:29,663 - INFO - ⏳ Price: 25957.30 | Range: 25942.45-26009.40
2026-02-11 12:03:36,914 - INFO - ⏳ Price: 25957.75 | Range: 25942.45-26009.40
2026-02-11 12:03:44,065 - INFO - ⏳ Price: 25958.55 | Range: 25942.45-26009.40
2026-02-11 12:03:51,844 - INFO - ⏳ Price: 25957.00 | Range: 25942.45-26009.40
2026-02-11 12:04:00,076 - INFO - ⏳ Price: 25954.50 | Range: 25942.45-26009.40
2026-02-11 12:04:08,023 - INFO - ⏳ Price: 25955.50 | Range: 25942.45-26009.40
2026-02-11 12:04:16,349 - INFO - ⏳ Price: 25955.10 | Range: 25942.45-26009.40
2026-02-11 12:04:24,337 - INFO - ⏳ Price: 25956.95 | Range: 25942.45-26009.40
