2026-02-06 14:24:08,392 - INFO - 📅 Auto-calculated Nifty weekly expiry (Tuesday): 2026-02-10 (260210)
2026-02-06 14:24:08,393 - INFO - 🔴 LIVE MODE - Using Upstox Production Environment
2026-02-06 14:24:08,393 - INFO - Upstox API initialized with base URL: https://api.upstox.com/v2
2026-02-06 14:24:08,393 - INFO - Testing API connection...
2026-02-06 14:24:09,226 - INFO - ✓ API connected. Nifty: 25614.55
2026-02-06 14:24:09,227 - INFO - Strategy initialized - PAPER TRADING
2026-02-06 14:24:09,227 - INFO - 
================================================================================
2026-02-06 14:24:09,228 - INFO - 🚀 NIFTY 50 ORB STRATEGY - STARTED
2026-02-06 14:24:09,228 - INFO - ================================================================================
2026-02-06 14:24:09,230 - INFO - Expiry Date:      260210
2026-02-06 14:24:09,230 - INFO - ORB Period:       09:15 - 09:30
2026-02-06 14:24:09,231 - INFO - Stop Loss:        10% (Safety Net)
2026-02-06 14:24:09,231 - INFO - Target:           TREND RIDE (Supertrend)
2026-02-06 14:24:09,231 - INFO - Lot Size:         65
2026-02-06 14:24:09,232 - INFO - Execution Mode:   📝 PAPER TRADING
2026-02-06 14:24:09,232 - INFO - ================================================================================

2026-02-06 14:24:09,232 - INFO - 📥 Loading option contracts...
2026-02-06 14:24:09,233 - INFO - Fetching option contracts for expiry: 2026-02-10
2026-02-06 14:24:09,776 - INFO - ✓ Fetched 196 option contracts
2026-02-06 14:24:09,778 - INFO - ✓ Ready with 196 contracts
2026-02-06 14:24:09,779 - INFO - 📊 Calculating ORB levels...
2026-02-06 14:24:10,307 - INFO - Fetched 308 candles
2026-02-06 14:24:10,322 - INFO - 
======================================================================
2026-02-06 14:24:10,323 - INFO - ✅ ORB LEVELS FORMED
2026-02-06 14:24:10,323 - INFO - ======================================================================
2026-02-06 14:24:10,323 - INFO - High:  25630.80
2026-02-06 14:24:10,323 - INFO - Low:   25553.55
2026-02-06 14:24:10,323 - INFO - Range: 77.25 (0.30%)
2026-02-06 14:24:10,324 - INFO - ======================================================================

2026-02-06 14:24:17,388 - INFO - Fetched 308 candles
2026-02-06 14:24:17,398 - INFO - ⏳ Price: 25613.70 | VWAP: 25569.76 | Range: 25553.55-25630.80
2026-02-06 14:24:24,468 - INFO - Fetched 309 candles
2026-02-06 14:24:24,478 - INFO - ⏳ Price: 25612.55 | VWAP: 25569.91 | Range: 25553.55-25630.80
2026-02-06 14:24:31,898 - INFO - Fetched 309 candles
2026-02-06 14:24:31,904 - INFO - ⏳ Price: 25611.90 | VWAP: 25569.91 | Range: 25553.55-25630.80
