2026-02-06 14:50:26,413 - INFO - ðŸ“… Auto-calculated Nifty weekly expiry (Tuesday): 2026-02-10 (260210)
2026-02-06 14:50:26,414 - INFO - Upstox API initialized
2026-02-06 14:50:26,414 - INFO - Testing API connection...
2026-02-06 14:50:27,014 - INFO - âœ“ API connected. Nifty: 25639.2
2026-02-06 14:50:27,015 - INFO - Strategy initialized - PAPER TRADING
2026-02-06 14:50:27,016 - INFO - 
================================================================================
2026-02-06 14:50:27,016 - INFO - ðŸš€ NIFTY 50 ORB STRATEGY - STARTED
2026-02-06 14:50:27,016 - INFO - ================================================================================
2026-02-06 14:50:27,017 - INFO - Expiry Date:      260210
2026-02-06 14:50:27,023 - INFO - ORB Period:       09:15 - 09:30
2026-02-06 14:50:27,023 - INFO - Stop Loss:        10% (Safety Net)
2026-02-06 14:50:27,024 - INFO - Target:           TREND RIDE (Supertrend)
2026-02-06 14:50:27,024 - INFO - Lot Size:         25
2026-02-06 14:50:27,024 - INFO - Execution Mode:   ðŸ“ PAPER TRADING
2026-02-06 14:50:27,024 - INFO - ================================================================================

2026-02-06 14:50:27,025 - INFO - ðŸ“¥ Loading option contracts...
2026-02-06 14:50:27,025 - INFO - Fetching option contracts for expiry: 2026-02-10
2026-02-06 14:50:27,571 - INFO - âœ“ Fetched 196 option contracts
2026-02-06 14:50:27,572 - INFO - âœ“ Ready with 196 contracts
2026-02-06 14:50:27,573 - INFO - ðŸ“Š Calculating ORB levels...
2026-02-06 14:50:28,150 - INFO - Fetched 335 candles
2026-02-06 14:50:28,161 - INFO - 
======================================================================
2026-02-06 14:50:28,161 - INFO - âœ… ORB LEVELS FORMED
2026-02-06 14:50:28,161 - INFO - ======================================================================
2026-02-06 14:50:28,161 - INFO - High:  25630.80
2026-02-06 14:50:28,162 - INFO - Low:   25553.55
2026-02-06 14:50:28,162 - INFO - Range: 77.25 (0.30%)
2026-02-06 14:50:28,162 - INFO - ======================================================================

2026-02-06 14:50:35,346 - INFO - Fetched 335 candles
2026-02-06 14:50:35,358 - INFO - ðŸš€ BULLISH BREAKOUT CONFIRMED (Price: 25638.45 > ORB High: 25630.8 & > VWAP: 25574.38)
2026-02-06 14:50:35,358 - INFO - âœ… CE 25650 -> NIFTY 25650 CE 10 FEB 26
2026-02-06 14:50:36,240 - INFO - âœ“ Using first available quote: NSE_FO:NIFTY2621025650CE
2026-02-06 14:50:36,243 - INFO - 
======================================================================
2026-02-06 14:50:36,244 - INFO - ðŸŽ¯ POSITION ENTRY
2026-02-06 14:50:36,244 - INFO - ======================================================================
2026-02-06 14:50:36,245 - INFO - Symbol:      NIFTY 25650 CE 10 FEB 26
2026-02-06 14:50:36,245 - INFO - Instrument:  NSE_FO|42528
2026-02-06 14:50:36,246 - INFO - Type:        CE (CALL)
2026-02-06 14:50:36,246 - INFO - Strike:      25650
2026-02-06 14:50:36,247 - INFO - Spot Price:  25638.45
2026-02-06 14:50:36,248 - INFO - Entry Price: â‚¹105.30
2026-02-06 14:50:36,248 - INFO - Target:      â‚¹115.83 (+10%)
2026-02-06 14:50:36,249 - INFO - Stop Loss:   â‚¹94.77 (Init: -10%)
2026-02-06 14:50:36,249 - INFO - Exit Condition: TARGET ðŸŽ¯ OR TRAILING SL ðŸ›‘
2026-02-06 14:50:36,249 - INFO - Quantity:    25 lots
2026-02-06 14:50:36,250 - INFO - Entry Time:  14:50:36
2026-02-06 14:50:36,250 - INFO - ======================================================================

2026-02-06 14:50:36,251 - INFO - ðŸ“ PAPER TRADE - No real order placed
2026-02-06 14:50:44,290 - INFO - âœ“ Using first available quote: NSE_FO:NIFTY2621025650CE
2026-02-06 14:50:44,293 - INFO -  ï¸ SL Trailed: â‚¹94.77 -> â‚¹95.00 (Max Price: â‚¹105.55)
2026-02-06 14:50:44,294 - INFO -   Price: â‚¹105.55 | SL: â‚¹95.00 | P&L: +0.24%
2026-02-06 14:50:46,896 - INFO - âœ“ Using first available quote: NSE_FO:NIFTY2621025650CE
2026-02-06 14:50:46,900 - INFO -  ï¸ SL Trailed: â‚¹95.00 -> â‚¹95.27 (Max Price: â‚¹105.85)
2026-02-06 14:50:46,901 - INFO -   Price: â‚¹105.85 | SL: â‚¹95.27 | P&L: +0.52%
2026-02-06 14:50:49,556 - INFO - âœ“ Using first available quote: NSE_FO:NIFTY2621025650CE
2026-02-06 14:50:49,559 - INFO -   Price: â‚¹105.55 | SL: â‚¹95.27 | P&L: +0.24%
2026-02-06 14:50:52,196 - INFO - âœ“ Using first available quote: NSE_FO:NIFTY2621025650CE
2026-02-06 14:50:52,199 - INFO -   Price: â‚¹105.70 | SL: â‚¹95.27 | P&L: +0.38%
2026-02-06 14:50:54,802 - INFO - âœ“ Using first available quote: NSE_FO:NIFTY2621025650CE
2026-02-06 14:50:54,804 - INFO -   Price: â‚¹105.70 | SL: â‚¹95.27 | P&L: +0.38%
2026-02-06 14:50:57,355 - INFO - âœ“ Using first available quote: NSE_FO:NIFTY2621025650CE
2026-02-06 14:50:57,357 - INFO -   Price: â‚¹105.85 | SL: â‚¹95.27 | P&L: +0.52%
2026-02-06 14:50:59,923 - INFO - âœ“ Using first available quote: NSE_FO:NIFTY2621025650CE
2026-02-06 14:50:59,925 - INFO -  ï¸ SL Trailed: â‚¹95.27 -> â‚¹95.31 (Max Price: â‚¹105.90)
2026-02-06 14:50:59,925 - INFO -   Price: â‚¹105.90 | SL: â‚¹95.31 | P&L: +0.57%
2026-02-06 14:51:02,572 - INFO - âœ“ Using first available quote: NSE_FO:NIFTY2621025650CE
2026-02-06 14:51:02,573 - INFO -  ï¸ SL Trailed: â‚¹95.31 -> â‚¹96.30 (Max Price: â‚¹107.00)
2026-02-06 14:51:02,574 - INFO -   Price: â‚¹107.00 | SL: â‚¹96.30 | P&L: +1.61%
2026-02-06 14:51:05,134 - INFO - âœ“ Using first available quote: NSE_FO:NIFTY2621025650CE
2026-02-06 14:51:05,137 - INFO -  ï¸ SL Trailed: â‚¹96.30 -> â‚¹97.61 (Max Price: â‚¹108.45)
2026-02-06 14:51:05,137 - INFO -   Price: â‚¹108.45 | SL: â‚¹97.61 | P&L: +2.99%
2026-02-06 14:51:07,760 - INFO - âœ“ Using first available quote: NSE_FO:NIFTY2621025650CE
2026-02-06 14:51:07,763 - INFO -   Price: â‚¹108.45 | SL: â‚¹97.61 | P&L: +2.99%
2026-02-06 14:51:10,382 - INFO - âœ“ Using first available quote: NSE_FO:NIFTY2621025650CE
2026-02-06 14:51:10,384 - INFO -   Price: â‚¹107.70 | SL: â‚¹97.61 | P&L: +2.28%
2026-02-06 14:51:12,989 - INFO - âœ“ Using first available quote: NSE_FO:NIFTY2621025650CE
2026-02-06 14:51:12,991 - INFO -  ï¸ SL Trailed: â‚¹97.61 -> â‚¹98.10 (Max Price: â‚¹109.00)
2026-02-06 14:51:12,992 - INFO -   Price: â‚¹109.00 | SL: â‚¹98.10 | P&L: +3.51%
2026-02-06 14:51:15,559 - INFO - âœ“ Using first available quote: NSE_FO:NIFTY2621025650CE
2026-02-06 14:51:15,562 - INFO -  ï¸ SL Trailed: â‚¹98.10 -> â‚¹98.64 (Max Price: â‚¹109.60)
2026-02-06 14:51:15,562 - INFO -   Price: â‚¹109.60 | SL: â‚¹98.64 | P&L: +4.08%
2026-02-06 14:51:18,157 - INFO - âœ“ Using first available quote: NSE_FO:NIFTY2621025650CE
2026-02-06 14:51:18,160 - INFO -  ï¸ SL Trailed: â‚¹98.64 -> â‚¹99.05 (Max Price: â‚¹110.05)
2026-02-06 14:51:18,160 - INFO -   Price: â‚¹110.05 | SL: â‚¹99.05 | P&L: +4.51%
2026-02-06 14:51:20,715 - INFO - âœ“ Using first available quote: NSE_FO:NIFTY2621025650CE
2026-02-06 14:51:20,718 - INFO -   Price: â‚¹108.75 | SL: â‚¹99.05 | P&L: +3.28%
2026-02-06 14:51:23,258 - INFO - âœ“ Using first available quote: NSE_FO:NIFTY2621025650CE
2026-02-06 14:51:23,259 - INFO -   Price: â‚¹108.20 | SL: â‚¹99.05 | P&L: +2.75%
2026-02-06 14:51:25,826 - INFO - âœ“ Using first available quote: NSE_FO:NIFTY2621025650CE
2026-02-06 14:51:25,829 - INFO -   Price: â‚¹106.15 | SL: â‚¹99.05 | P&L: +0.81%
2026-02-06 14:51:28,469 - INFO - âœ“ Using first available quote: NSE_FO:NIFTY2621025650CE
2026-02-06 14:51:28,472 - INFO -   Price: â‚¹105.75 | SL: â‚¹99.05 | P&L: +0.43%
2026-02-06 14:51:31,089 - INFO - âœ“ Using first available quote: NSE_FO:NIFTY2621025650CE
2026-02-06 14:51:31,091 - INFO -   Price: â‚¹105.80 | SL: â‚¹99.05 | P&L: +0.47%
2026-02-06 14:51:33,638 - INFO - âœ“ Using first available quote: NSE_FO:NIFTY2621025650CE
2026-02-06 14:51:33,640 - INFO -   Price: â‚¹106.00 | SL: â‚¹99.05 | P&L: +0.66%
2026-02-06 14:51:36,180 - INFO - âœ“ Using first available quote: NSE_FO:NIFTY2621025650CE
2026-02-06 14:51:36,183 - INFO -   Price: â‚¹105.65 | SL: â‚¹99.05 | P&L: +0.33%
2026-02-06 14:51:38,754 - INFO - âœ“ Using first available quote: NSE_FO:NIFTY2621025650CE
2026-02-06 14:51:38,756 - INFO -   Price: â‚¹105.85 | SL: â‚¹99.05 | P&L: +0.52%
2026-02-06 14:51:41,313 - INFO - âœ“ Using first available quote: NSE_FO:NIFTY2621025650CE
2026-02-06 14:51:41,315 - INFO -   Price: â‚¹106.20 | SL: â‚¹99.05 | P&L: +0.85%
2026-02-06 14:51:43,885 - INFO - âœ“ Using first available quote: NSE_FO:NIFTY2621025650CE
2026-02-06 14:51:43,888 - INFO -   Price: â‚¹106.05 | SL: â‚¹99.05 | P&L: +0.71%
2026-02-06 14:51:46,505 - INFO - âœ“ Using first available quote: NSE_FO:NIFTY2621025650CE
2026-02-06 14:51:46,507 - INFO -   Price: â‚¹105.45 | SL: â‚¹99.05 | P&L: +0.14%
