2026-02-06 14:29:05,877 - INFO - 📅 Auto-calculated Nifty weekly expiry (Tuesday): 2026-02-10 (260210)
2026-02-06 14:29:05,878 - INFO - 🔴 LIVE MODE - Using Upstox Production Environment
2026-02-06 14:29:05,878 - INFO - Upstox API initialized with base URL: https://api.upstox.com/v2
2026-02-06 14:29:05,878 - INFO - Testing API connection...
2026-02-06 14:29:06,497 - INFO - ✓ API connected. Nifty: 25612.1
2026-02-06 14:29:06,498 - INFO - Strategy initialized - PAPER TRADING
2026-02-06 14:29:06,499 - INFO - 
================================================================================
2026-02-06 14:29:06,499 - INFO - 🚀 NIFTY 50 ORB STRATEGY - STARTED
2026-02-06 14:29:06,500 - INFO - ================================================================================
2026-02-06 14:29:06,501 - INFO - Expiry Date:      260210
2026-02-06 14:29:06,501 - INFO - ORB Period:       09:15 - 09:30
2026-02-06 14:29:06,502 - INFO - Stop Loss:        10% (Safety Net)
2026-02-06 14:29:06,502 - INFO - Target:           TREND RIDE (Supertrend)
2026-02-06 14:29:06,502 - INFO - Lot Size:         65
2026-02-06 14:29:06,503 - INFO - Execution Mode:   📝 PAPER TRADING
2026-02-06 14:29:06,503 - INFO - ================================================================================

2026-02-06 14:29:06,503 - INFO - 📥 Loading option contracts...
2026-02-06 14:29:06,504 - INFO - Fetching option contracts for expiry: 2026-02-10
2026-02-06 14:29:07,057 - INFO - ✓ Fetched 196 option contracts
2026-02-06 14:29:07,059 - INFO - ✓ Ready with 196 contracts
2026-02-06 14:29:07,060 - INFO - 📊 Calculating ORB levels...
2026-02-06 14:29:07,596 - INFO - Fetched 313 candles
2026-02-06 14:29:07,607 - INFO - 
======================================================================
2026-02-06 14:29:07,607 - INFO - ✅ ORB LEVELS FORMED
2026-02-06 14:29:07,607 - INFO - ======================================================================
2026-02-06 14:29:07,608 - INFO - High:  25630.80
2026-02-06 14:29:07,608 - INFO - Low:   25553.55
2026-02-06 14:29:07,608 - INFO - Range: 77.25 (0.30%)
2026-02-06 14:29:07,608 - INFO - ======================================================================

