2026-02-06 14:26:14,264 - INFO - 📅 Auto-calculated Nifty weekly expiry (Tuesday): 2026-02-10 (260210)
2026-02-06 14:26:14,265 - INFO - 🔴 LIVE MODE - Using Upstox Production Environment
2026-02-06 14:26:14,265 - INFO - Upstox API initialized with base URL: https://api.upstox.com/v2
2026-02-06 14:26:14,265 - INFO - Testing API connection...
2026-02-06 14:26:14,909 - INFO - ✓ API connected. Nifty: 25615.6
2026-02-06 14:26:14,910 - INFO - Strategy initialized - PAPER TRADING
2026-02-06 14:26:14,910 - INFO - 
================================================================================
2026-02-06 14:26:14,910 - INFO - 🚀 NIFTY 50 ORB STRATEGY - STARTED
2026-02-06 14:26:14,910 - INFO - ================================================================================
2026-02-06 14:26:14,916 - INFO - Expiry Date:      260210
2026-02-06 14:26:14,916 - INFO - ORB Period:       09:15 - 09:30
2026-02-06 14:26:14,916 - INFO - Stop Loss:        10% (Safety Net)
2026-02-06 14:26:14,916 - INFO - Target:           TREND RIDE (Supertrend)
2026-02-06 14:26:14,916 - INFO - Lot Size:         65
2026-02-06 14:26:14,917 - INFO - Execution Mode:   📝 PAPER TRADING
2026-02-06 14:26:14,917 - INFO - ================================================================================

2026-02-06 14:26:14,917 - INFO - 📥 Loading option contracts...
2026-02-06 14:26:14,917 - INFO - Fetching option contracts for expiry: 2026-02-10
2026-02-06 14:26:15,570 - INFO - ✓ Fetched 196 option contracts
2026-02-06 14:26:15,571 - INFO - ✓ Ready with 196 contracts
2026-02-06 14:26:15,572 - INFO - 📊 Calculating ORB levels...
2026-02-06 14:26:16,344 - INFO - Fetched 310 candles
2026-02-06 14:26:16,357 - INFO - 
======================================================================
2026-02-06 14:26:16,358 - INFO - ✅ ORB LEVELS FORMED
2026-02-06 14:26:16,358 - INFO - ======================================================================
2026-02-06 14:26:16,358 - INFO - High:  25630.80
2026-02-06 14:26:16,358 - INFO - Low:   25553.55
2026-02-06 14:26:16,359 - INFO - Range: 77.25 (0.30%)
2026-02-06 14:26:16,359 - INFO - ======================================================================

2026-02-06 14:26:23,535 - INFO - Fetched 311 candles
2026-02-06 14:26:23,549 - INFO - ⏳ Price: 25613.05 | VWAP: 25570.16 | Range: 25553.55-25630.80
2026-02-06 14:26:30,801 - INFO - Fetched 311 candles
2026-02-06 14:26:30,818 - INFO - ⏳ Price: 25612.75 | VWAP: 25570.16 | Range: 25553.55-25630.80
2026-02-06 14:26:38,022 - INFO - Fetched 311 candles
2026-02-06 14:26:38,030 - INFO - ⏳ Price: 25613.35 | VWAP: 25570.16 | Range: 25553.55-25630.80
2026-02-06 14:26:45,172 - INFO - Fetched 311 candles
2026-02-06 14:26:45,181 - INFO - ⏳ Price: 25612.95 | VWAP: 25570.16 | Range: 25553.55-25630.80
2026-02-06 14:26:52,404 - INFO - Fetched 311 candles
2026-02-06 14:26:52,415 - INFO - ⏳ Price: 25610.50 | VWAP: 25570.16 | Range: 25553.55-25630.80
2026-02-06 14:27:00,365 - INFO - Fetched 311 candles
2026-02-06 14:27:00,389 - INFO - ⏳ Price: 25606.90 | VWAP: 25570.16 | Range: 25553.55-25630.80
2026-02-06 14:27:08,118 - INFO - Fetched 311 candles
2026-02-06 14:27:08,125 - INFO - ⏳ Price: 25605.80 | VWAP: 25570.16 | Range: 25553.55-25630.80
2026-02-06 14:27:15,231 - INFO - Fetched 311 candles
2026-02-06 14:27:15,243 - INFO - ⏳ Price: 25604.60 | VWAP: 25570.16 | Range: 25553.55-25630.80
2026-02-06 14:27:22,438 - INFO - Fetched 312 candles
2026-02-06 14:27:22,451 - INFO - ⏳ Price: 25605.60 | VWAP: 25570.28 | Range: 25553.55-25630.80
2026-02-06 14:27:29,542 - INFO - Fetched 312 candles
2026-02-06 14:27:29,550 - INFO - ⏳ Price: 25605.15 | VWAP: 25570.28 | Range: 25553.55-25630.80
2026-02-06 14:27:36,601 - INFO - Fetched 312 candles
2026-02-06 14:27:36,613 - INFO - ⏳ Price: 25607.65 | VWAP: 25570.28 | Range: 25553.55-25630.80
2026-02-06 14:27:43,636 - INFO - Fetched 312 candles
2026-02-06 14:27:43,649 - INFO - ⏳ Price: 25608.50 | VWAP: 25570.28 | Range: 25553.55-25630.80
2026-02-06 14:27:50,713 - INFO - Fetched 312 candles
2026-02-06 14:27:50,723 - INFO - ⏳ Price: 25609.85 | VWAP: 25570.28 | Range: 25553.55-25630.80
2026-02-06 14:27:57,783 - INFO - Fetched 312 candles
2026-02-06 14:27:57,793 - INFO - ⏳ Price: 25611.70 | VWAP: 25570.28 | Range: 25553.55-25630.80
2026-02-06 14:28:04,894 - INFO - Fetched 312 candles
2026-02-06 14:28:04,904 - INFO - ⏳ Price: 25610.30 | VWAP: 25570.28 | Range: 25553.55-25630.80
2026-02-06 14:28:11,976 - INFO - Fetched 312 candles
2026-02-06 14:28:11,986 - INFO - ⏳ Price: 25610.90 | VWAP: 25570.28 | Range: 25553.55-25630.80
2026-02-06 14:28:19,128 - INFO - Fetched 312 candles
2026-02-06 14:28:19,141 - INFO - ⏳ Price: 25611.00 | VWAP: 25570.28 | Range: 25553.55-25630.80
2026-02-06 14:28:26,219 - INFO - Fetched 313 candles
2026-02-06 14:28:26,232 - INFO - ⏳ Price: 25610.55 | VWAP: 25570.41 | Range: 25553.55-25630.80
2026-02-06 14:28:33,382 - INFO - Fetched 313 candles
2026-02-06 14:28:33,392 - INFO - ⏳ Price: 25610.55 | VWAP: 25570.41 | Range: 25553.55-25630.80
2026-02-06 14:28:40,421 - INFO - Fetched 313 candles
2026-02-06 14:28:40,427 - INFO - ⏳ Price: 25610.40 | VWAP: 25570.41 | Range: 25553.55-25630.80
2026-02-06 14:28:47,701 - INFO - Fetched 313 candles
2026-02-06 14:28:47,711 - INFO - ⏳ Price: 25611.05 | VWAP: 25570.41 | Range: 25553.55-25630.80
2026-02-06 14:28:54,943 - INFO - Fetched 313 candles
2026-02-06 14:28:54,954 - INFO - ⏳ Price: 25612.45 | VWAP: 25570.41 | Range: 25553.55-25630.80
2026-02-06 14:29:02,120 - INFO - Fetched 313 candles
2026-02-06 14:29:02,127 - INFO - ⏳ Price: 25612.15 | VWAP: 25570.41 | Range: 25553.55-25630.80
