2026-02-11 15:05:10,351 - INFO - 📅 Auto-calculated Nifty weekly expiry (Tuesday): 2026-02-17 (260217)
2026-02-11 15:05:10,355 - INFO - Upstox API initialized
2026-02-11 15:05:10,356 - INFO - Testing API connection...
2026-02-11 15:05:11,249 - INFO - ✓ API connected. Nifty: 25954.65
2026-02-11 15:05:11,250 - INFO - Strategy initialized - PAPER TRADING
2026-02-11 15:05:11,250 - INFO - 
================================================================================
2026-02-11 15:05:11,250 - INFO - 🚀 NIFTY 50 ORB STRATEGY - STARTED
2026-02-11 15:05:11,250 - INFO - ================================================================================
2026-02-11 15:05:11,251 - INFO - Expiry Date:      260217
2026-02-11 15:05:11,256 - INFO - ORB Period:       09:15 - 09:30
2026-02-11 15:05:11,256 - INFO - Stop Loss:        10% (Safety Net)
2026-02-11 15:05:11,256 - INFO - Target:           10% (Fixed)
2026-02-11 15:05:11,257 - INFO - Lot Size:         65
2026-02-11 15:05:11,257 - INFO - Execution Mode:   📝 PAPER TRADING
2026-02-11 15:05:11,258 - INFO - ================================================================================

2026-02-11 15:05:11,258 - INFO - 📥 Loading option contracts...
2026-02-11 15:05:11,258 - INFO - Fetching option contracts for expiry: 2026-02-17
2026-02-11 15:05:11,808 - INFO - ✓ Fetched 186 option contracts
2026-02-11 15:05:11,809 - INFO - ✓ Ready with 186 contracts
2026-02-11 15:05:11,810 - INFO - 📊 Calculating ORB levels...
2026-02-11 15:05:12,370 - INFO - Fetched 350 candles
2026-02-11 15:05:12,385 - INFO - 
======================================================================
2026-02-11 15:05:12,386 - INFO - ✅ ORB LEVELS FORMED
2026-02-11 15:05:12,386 - INFO - ======================================================================
2026-02-11 15:05:12,387 - INFO - High:  26009.40
2026-02-11 15:05:12,387 - INFO - Low:   25942.45
2026-02-11 15:05:12,387 - INFO - Range: 66.95 (0.26%)
2026-02-11 15:05:12,387 - INFO - ======================================================================

2026-02-11 15:05:19,139 - INFO - ⏳ Price: 25954.80 | Range: 25942.45-26009.40
2026-02-11 15:05:21,812 - INFO - ⏳ Price: 25955.80 | Range: 25942.45-26009.40
2026-02-11 15:05:24,451 - INFO - ⏳ Price: 25956.40 | Range: 25942.45-26009.40
2026-02-11 15:05:27,157 - INFO - ⏳ Price: 25955.80 | Range: 25942.45-26009.40
