2026-02-06 13:14:11,671 - INFO - 📅 Auto-calculated Nifty weekly expiry (Tuesday): 2026-02-10 (260210)
2026-02-06 13:14:11,671 - INFO - 🔴 LIVE MODE - Using Upstox Production Environment
2026-02-06 13:14:11,672 - INFO - Upstox API initialized with base URL: https://api.upstox.com/v2
2026-02-06 13:14:11,672 - INFO - Testing API connection...
2026-02-06 13:14:12,298 - INFO - ✓ API connected. Nifty: 25558.4
2026-02-06 13:14:12,299 - INFO - Strategy initialized - PAPER TRADING
2026-02-06 13:14:12,300 - INFO - 
================================================================================
2026-02-06 13:14:12,300 - INFO - 🚀 NIFTY 50 ORB STRATEGY - STARTED
2026-02-06 13:14:12,301 - INFO - ================================================================================
2026-02-06 13:14:12,306 - INFO - Expiry Date:      260210
2026-02-06 13:14:12,307 - INFO - ORB Period:       09:15 - 09:30
2026-02-06 13:14:12,307 - INFO - Stop Loss:        10% (Safety Net)
2026-02-06 13:14:12,307 - INFO - Target:           TREND RIDE (Supertrend)
2026-02-06 13:14:12,307 - INFO - Lot Size:         65
2026-02-06 13:14:12,308 - INFO - Execution Mode:   📝 PAPER TRADING
2026-02-06 13:14:12,308 - INFO - ================================================================================

2026-02-06 13:14:12,308 - INFO - 📥 Loading option contracts...
2026-02-06 13:14:12,308 - INFO - Fetching option contracts for expiry: 2026-02-10
2026-02-06 13:14:12,880 - INFO - ✓ Fetched 196 option contracts
2026-02-06 13:14:12,882 - INFO - ✓ Ready with 196 contracts
2026-02-06 13:14:12,882 - INFO - 📊 Calculating ORB levels...
2026-02-06 13:14:13,514 - INFO - Fetched 238 candles
2026-02-06 13:14:13,528 - INFO - 
======================================================================
2026-02-06 13:14:13,528 - INFO - ✅ ORB LEVELS FORMED
2026-02-06 13:14:13,529 - INFO - ======================================================================
2026-02-06 13:14:13,529 - INFO - High:  25630.80
2026-02-06 13:14:13,529 - INFO - Low:   25553.55
2026-02-06 13:14:13,529 - INFO - Range: 77.25 (0.30%)
2026-02-06 13:14:13,529 - INFO - ======================================================================

2026-02-06 13:14:20,604 - INFO - Fetched 239 candles
2026-02-06 13:14:20,613 - INFO - ⏳ Price: 25559.55 | VWAP: 25562.80 | Range: 25553.55-25630.80
2026-02-06 13:14:27,793 - INFO - Fetched 239 candles
2026-02-06 13:14:27,800 - INFO - ⏳ Price: 25562.45 | VWAP: 25562.80 | Range: 25553.55-25630.80
2026-02-06 13:14:35,330 - INFO - Fetched 239 candles
2026-02-06 13:14:35,338 - INFO - ⏳ Price: 25558.55 | VWAP: 25562.80 | Range: 25553.55-25630.80
2026-02-06 13:14:42,597 - INFO - Fetched 239 candles
2026-02-06 13:14:42,605 - INFO - ⏳ Price: 25560.60 | VWAP: 25562.80 | Range: 25553.55-25630.80
2026-02-06 13:14:49,750 - INFO - Fetched 239 candles
2026-02-06 13:14:49,756 - INFO - ⏳ Price: 25558.35 | VWAP: 25562.80 | Range: 25553.55-25630.80
2026-02-06 13:14:58,290 - INFO - Fetched 239 candles
2026-02-06 13:14:58,297 - INFO - ⏳ Price: 25557.85 | VWAP: 25562.80 | Range: 25553.55-25630.80
