2026-02-06 14:59:45,103 - INFO - ðŸ“… Auto-calculated Nifty weekly expiry (Tuesday): 2026-02-10 (260210)
2026-02-06 14:59:45,104 - INFO - Upstox API initialized
2026-02-06 14:59:45,104 - INFO - Testing API connection...
2026-02-06 14:59:45,729 - INFO - âœ“ API connected. Nifty: 25665.2
2026-02-06 14:59:45,730 - INFO - Strategy initialized - PAPER TRADING
2026-02-06 14:59:45,730 - INFO - 
================================================================================
2026-02-06 14:59:45,731 - INFO - ðŸš€ NIFTY 50 ORB STRATEGY - STARTED
2026-02-06 14:59:45,731 - INFO - ================================================================================
2026-02-06 14:59:45,731 - INFO - Expiry Date:      260210
2026-02-06 14:59:45,737 - INFO - ORB Period:       09:15 - 09:30
2026-02-06 14:59:45,737 - INFO - Stop Loss:        10% (Safety Net)
2026-02-06 14:59:45,737 - INFO - Target:           10% (Fixed)
2026-02-06 14:59:45,737 - INFO - Lot Size:         65
2026-02-06 14:59:45,737 - INFO - Execution Mode:   ðŸ“ PAPER TRADING
2026-02-06 14:59:45,738 - INFO - ================================================================================

2026-02-06 14:59:45,738 - INFO - ðŸ“¥ Loading option contracts...
2026-02-06 14:59:45,738 - INFO - Fetching option contracts for expiry: 2026-02-10
2026-02-06 14:59:46,398 - INFO - âœ“ Fetched 196 option contracts
2026-02-06 14:59:46,400 - INFO - âœ“ Ready with 196 contracts
2026-02-06 14:59:46,400 - INFO - ðŸ“Š Calculating ORB levels...
2026-02-06 14:59:46,942 - INFO - Fetched 344 candles
2026-02-06 14:59:46,957 - INFO - 
======================================================================
2026-02-06 14:59:46,957 - INFO - âœ… ORB LEVELS FORMED
2026-02-06 14:59:46,957 - INFO - ======================================================================
2026-02-06 14:59:46,958 - INFO - High:  25630.80
2026-02-06 14:59:46,958 - INFO - Low:   25553.55
2026-02-06 14:59:46,958 - INFO - Range: 77.25 (0.30%)
2026-02-06 14:59:46,959 - INFO - ======================================================================

2026-02-06 14:59:53,536 - INFO - ðŸš€ BULLISH BREAKOUT CONFIRMED (Price: 25670.0 > ORB High: 25630.8)
2026-02-06 14:59:53,536 - INFO - âœ… CE 25650 -> NIFTY 25650 CE 10 FEB 26
2026-02-06 14:59:54,098 - INFO - âœ“ Using first available quote: NSE_FO:NIFTY2621025650CE
2026-02-06 14:59:54,101 - INFO - 
======================================================================
2026-02-06 14:59:54,102 - INFO - ðŸŽ¯ POSITION ENTRY
2026-02-06 14:59:54,103 - INFO - ======================================================================
2026-02-06 14:59:54,103 - INFO - Symbol:      NIFTY 25650 CE 10 FEB 26
2026-02-06 14:59:54,104 - INFO - Instrument:  NSE_FO|42528
2026-02-06 14:59:54,104 - INFO - Type:        CE (CALL)
2026-02-06 14:59:54,105 - INFO - Strike:      25650
2026-02-06 14:59:54,105 - INFO - Spot Price:  25670.0
2026-02-06 14:59:54,106 - INFO - Entry Price: â‚¹115.45
2026-02-06 14:59:54,106 - INFO - Target:      â‚¹127.00 (+10%)
2026-02-06 14:59:54,107 - INFO - Stop Loss:   â‚¹103.91 (Init: -10%)
2026-02-06 14:59:54,107 - INFO - Exit Condition: TARGET ðŸŽ¯ OR TRAILING SL ðŸ›‘
2026-02-06 14:59:54,108 - INFO - Quantity:    65 lots
2026-02-06 14:59:54,108 - INFO - Entry Time:  14:59:54
2026-02-06 14:59:54,108 - INFO - ======================================================================

2026-02-06 14:59:54,109 - INFO - ðŸ“ PAPER TRADE - No real order placed
2026-02-06 15:00:01,736 - INFO - âœ“ Using first available quote: NSE_FO:NIFTY2621025650CE
2026-02-06 15:00:01,737 - INFO -  ï¸ SL Trailed: â‚¹103.91 -> â‚¹105.39 (Max Price: â‚¹117.10)
2026-02-06 15:00:01,738 - INFO -   Price: â‚¹117.10 | SL: â‚¹105.39 | P&L: +1.43%
2026-02-06 15:00:04,377 - INFO - âœ“ Using first available quote: NSE_FO:NIFTY2621025650CE
2026-02-06 15:00:04,378 - INFO -  ï¸ SL Trailed: â‚¹105.39 -> â‚¹107.28 (Max Price: â‚¹119.20)
2026-02-06 15:00:04,379 - INFO -   Price: â‚¹119.20 | SL: â‚¹107.28 | P&L: +3.25%
2026-02-06 15:00:07,128 - INFO - âœ“ Using first available quote: NSE_FO:NIFTY2621025650CE
2026-02-06 15:00:07,129 - INFO -  ï¸ SL Trailed: â‚¹107.28 -> â‚¹108.27 (Max Price: â‚¹120.30)
2026-02-06 15:00:07,130 - INFO -   Price: â‚¹120.30 | SL: â‚¹108.27 | P&L: +4.20%
2026-02-06 15:00:09,976 - INFO - âœ“ Using first available quote: NSE_FO:NIFTY2621025650CE
2026-02-06 15:00:09,978 - INFO -   Price: â‚¹119.15 | SL: â‚¹108.27 | P&L: +3.20%
2026-02-06 15:00:13,815 - INFO - âœ“ Using first available quote: NSE_FO:NIFTY2621025650CE
2026-02-06 15:00:13,816 - INFO -   Price: â‚¹116.90 | SL: â‚¹108.27 | P&L: +1.26%
2026-02-06 15:00:16,453 - INFO - âœ“ Using first available quote: NSE_FO:NIFTY2621025650CE
2026-02-06 15:00:16,456 - INFO -   Price: â‚¹118.15 | SL: â‚¹108.27 | P&L: +2.34%
2026-02-06 15:00:19,133 - INFO - âœ“ Using first available quote: NSE_FO:NIFTY2621025650CE
2026-02-06 15:00:19,135 - INFO -   Price: â‚¹119.20 | SL: â‚¹108.27 | P&L: +3.25%
2026-02-06 15:00:22,045 - INFO - âœ“ Using first available quote: NSE_FO:NIFTY2621025650CE
2026-02-06 15:00:22,046 - INFO -   Price: â‚¹119.70 | SL: â‚¹108.27 | P&L: +3.68%
2026-02-06 15:00:24,615 - INFO - âœ“ Using first available quote: NSE_FO:NIFTY2621025650CE
2026-02-06 15:00:24,616 - INFO -   Price: â‚¹119.90 | SL: â‚¹108.27 | P&L: +3.85%
2026-02-06 15:00:27,251 - INFO - âœ“ Using first available quote: NSE_FO:NIFTY2621025650CE
2026-02-06 15:00:27,252 - INFO -   Price: â‚¹119.80 | SL: â‚¹108.27 | P&L: +3.77%
2026-02-06 15:00:29,850 - INFO - âœ“ Using first available quote: NSE_FO:NIFTY2621025650CE
2026-02-06 15:00:29,852 - INFO -   Price: â‚¹119.50 | SL: â‚¹108.27 | P&L: +3.51%
2026-02-06 15:00:32,803 - INFO - âœ“ Using first available quote: NSE_FO:NIFTY2621025650CE
2026-02-06 15:00:32,806 - INFO -   Price: â‚¹118.50 | SL: â‚¹108.27 | P&L: +2.64%
2026-02-06 15:00:35,894 - INFO - âœ“ Using first available quote: NSE_FO:NIFTY2621025650CE
2026-02-06 15:00:35,896 - INFO -   Price: â‚¹119.40 | SL: â‚¹108.27 | P&L: +3.42%
2026-02-06 15:00:39,076 - INFO - âœ“ Using first available quote: NSE_FO:NIFTY2621025650CE
2026-02-06 15:00:39,077 - INFO -   Price: â‚¹119.45 | SL: â‚¹108.27 | P&L: +3.46%
2026-02-06 15:00:42,337 - INFO - âœ“ Using first available quote: NSE_FO:NIFTY2621025650CE
2026-02-06 15:00:42,339 - INFO -   Price: â‚¹119.85 | SL: â‚¹108.27 | P&L: +3.81%
2026-02-06 15:00:45,516 - INFO - âœ“ Using first available quote: NSE_FO:NIFTY2621025650CE
2026-02-06 15:00:45,519 - INFO -   Price: â‚¹119.15 | SL: â‚¹108.27 | P&L: +3.20%
2026-02-06 15:00:48,584 - INFO - âœ“ Using first available quote: NSE_FO:NIFTY2621025650CE
2026-02-06 15:00:48,585 - INFO -   Price: â‚¹116.85 | SL: â‚¹108.27 | P&L: +1.21%
2026-02-06 15:00:51,667 - INFO - âœ“ Using first available quote: NSE_FO:NIFTY2621025650CE
2026-02-06 15:00:51,668 - INFO -   Price: â‚¹118.45 | SL: â‚¹108.27 | P&L: +2.60%
2026-02-06 15:00:54,907 - INFO - âœ“ Using first available quote: NSE_FO:NIFTY2621025650CE
2026-02-06 15:00:54,909 - INFO -   Price: â‚¹118.40 | SL: â‚¹108.27 | P&L: +2.56%
2026-02-06 15:00:58,113 - INFO - âœ“ Using first available quote: NSE_FO:NIFTY2621025650CE
2026-02-06 15:00:58,116 - INFO -   Price: â‚¹118.95 | SL: â‚¹108.27 | P&L: +3.03%
2026-02-06 15:01:01,402 - INFO - âœ“ Using first available quote: NSE_FO:NIFTY2621025650CE
2026-02-06 15:01:01,404 - INFO -   Price: â‚¹117.85 | SL: â‚¹108.27 | P&L: +2.08%
2026-02-06 15:01:04,529 - INFO - âœ“ Using first available quote: NSE_FO:NIFTY2621025650CE
2026-02-06 15:01:04,531 - INFO -   Price: â‚¹117.90 | SL: â‚¹108.27 | P&L: +2.12%
2026-02-06 15:01:07,820 - INFO - âœ“ Using first available quote: NSE_FO:NIFTY2621025650CE
2026-02-06 15:01:07,824 - INFO -   Price: â‚¹117.70 | SL: â‚¹108.27 | P&L: +1.95%
2026-02-06 15:01:11,257 - INFO - âœ“ Using first available quote: NSE_FO:NIFTY2621025650CE
2026-02-06 15:01:11,259 - INFO -   Price: â‚¹117.75 | SL: â‚¹108.27 | P&L: +1.99%
2026-02-06 15:01:14,949 - INFO - âœ“ Using first available quote: NSE_FO:NIFTY2621025650CE
2026-02-06 15:01:14,952 - INFO -   Price: â‚¹116.30 | SL: â‚¹108.27 | P&L: +0.74%
2026-02-06 15:01:19,669 - INFO - âœ“ Using first available quote: NSE_FO:NIFTY2621025650CE
2026-02-06 15:01:19,672 - INFO -   Price: â‚¹116.40 | SL: â‚¹108.27 | P&L: +0.82%
2026-02-06 15:01:23,670 - INFO - âœ“ Using first available quote: NSE_FO:NIFTY2621025650CE
2026-02-06 15:01:23,674 - INFO -   Price: â‚¹114.00 | SL: â‚¹108.27 | P&L: -1.26%
2026-02-06 15:01:27,475 - INFO - âœ“ Using first available quote: NSE_FO:NIFTY2621025650CE
2026-02-06 15:01:27,478 - INFO -   Price: â‚¹114.90 | SL: â‚¹108.27 | P&L: -0.48%
2026-02-06 15:01:31,065 - INFO - âœ“ Using first available quote: NSE_FO:NIFTY2621025650CE
2026-02-06 15:01:31,067 - INFO -   Price: â‚¹115.70 | SL: â‚¹108.27 | P&L: +0.22%
2026-02-06 15:01:34,822 - INFO - âœ“ Using first available quote: NSE_FO:NIFTY2621025650CE
2026-02-06 15:01:34,826 - INFO -   Price: â‚¹117.20 | SL: â‚¹108.27 | P&L: +1.52%
2026-02-06 15:01:38,674 - INFO - âœ“ Using first available quote: NSE_FO:NIFTY2621025650CE
2026-02-06 15:01:38,677 - INFO -   Price: â‚¹117.15 | SL: â‚¹108.27 | P&L: +1.47%
2026-02-06 15:01:42,707 - INFO - âœ“ Using first available quote: NSE_FO:NIFTY2621025650CE
2026-02-06 15:01:42,710 - INFO -   Price: â‚¹117.40 | SL: â‚¹108.27 | P&L: +1.69%
2026-02-06 15:01:46,094 - INFO - âœ“ Using first available quote: NSE_FO:NIFTY2621025650CE
2026-02-06 15:01:46,096 - INFO -   Price: â‚¹117.70 | SL: â‚¹108.27 | P&L: +1.95%
2026-02-06 15:01:49,803 - INFO - âœ“ Using first available quote: NSE_FO:NIFTY2621025650CE
2026-02-06 15:01:49,805 - INFO -   Price: â‚¹117.35 | SL: â‚¹108.27 | P&L: +1.65%
2026-02-06 15:01:53,284 - INFO - âœ“ Using first available quote: NSE_FO:NIFTY2621025650CE
2026-02-06 15:01:53,286 - INFO -   Price: â‚¹117.55 | SL: â‚¹108.27 | P&L: +1.82%
2026-02-06 15:01:57,093 - INFO - âœ“ Using first available quote: NSE_FO:NIFTY2621025650CE
2026-02-06 15:01:57,096 - INFO -   Price: â‚¹118.85 | SL: â‚¹108.27 | P&L: +2.94%
2026-02-06 15:02:00,535 - INFO - âœ“ Using first available quote: NSE_FO:NIFTY2621025650CE
2026-02-06 15:02:00,539 - INFO -   Price: â‚¹120.30 | SL: â‚¹108.27 | P&L: +4.20%
2026-02-06 15:02:04,039 - INFO - âœ“ Using first available quote: NSE_FO:NIFTY2621025650CE
2026-02-06 15:02:04,043 - INFO -   Price: â‚¹119.20 | SL: â‚¹108.27 | P&L: +3.25%
2026-02-06 15:02:08,181 - INFO - âœ“ Using first available quote: NSE_FO:NIFTY2621025650CE
2026-02-06 15:02:08,184 - INFO -   Price: â‚¹119.50 | SL: â‚¹108.27 | P&L: +3.51%
2026-02-06 15:02:11,612 - INFO - âœ“ Using first available quote: NSE_FO:NIFTY2621025650CE
2026-02-06 15:02:11,614 - INFO -   Price: â‚¹118.20 | SL: â‚¹108.27 | P&L: +2.38%
2026-02-06 15:02:15,044 - INFO - âœ“ Using first available quote: NSE_FO:NIFTY2621025650CE
2026-02-06 15:02:15,046 - INFO -   Price: â‚¹118.05 | SL: â‚¹108.27 | P&L: +2.25%
2026-02-06 15:02:18,488 - INFO - âœ“ Using first available quote: NSE_FO:NIFTY2621025650CE
2026-02-06 15:02:18,492 - INFO -   Price: â‚¹117.85 | SL: â‚¹108.27 | P&L: +2.08%
2026-02-06 15:02:21,985 - INFO - âœ“ Using first available quote: NSE_FO:NIFTY2621025650CE
2026-02-06 15:02:21,989 - INFO -   Price: â‚¹118.50 | SL: â‚¹108.27 | P&L: +2.64%
2026-02-06 15:02:25,389 - INFO - âœ“ Using first available quote: NSE_FO:NIFTY2621025650CE
2026-02-06 15:02:25,392 - INFO -   Price: â‚¹118.40 | SL: â‚¹108.27 | P&L: +2.56%
2026-02-06 15:02:28,833 - INFO - âœ“ Using first available quote: NSE_FO:NIFTY2621025650CE
2026-02-06 15:02:28,835 - INFO -   Price: â‚¹119.30 | SL: â‚¹108.27 | P&L: +3.33%
2026-02-06 15:02:33,149 - INFO - âœ“ Using first available quote: NSE_FO:NIFTY2621025650CE
2026-02-06 15:02:33,151 - INFO -   Price: â‚¹119.30 | SL: â‚¹108.27 | P&L: +3.33%
2026-02-06 15:02:36,240 - INFO - âœ“ Using first available quote: NSE_FO:NIFTY2621025650CE
2026-02-06 15:02:36,242 - INFO -   Price: â‚¹119.30 | SL: â‚¹108.27 | P&L: +3.33%
2026-02-06 15:02:39,154 - INFO - âœ“ Using first available quote: NSE_FO:NIFTY2621025650CE
2026-02-06 15:02:39,156 - INFO -   Price: â‚¹118.35 | SL: â‚¹108.27 | P&L: +2.51%
2026-02-06 15:02:42,150 - INFO - âœ“ Using first available quote: NSE_FO:NIFTY2621025650CE
2026-02-06 15:02:42,152 - INFO -   Price: â‚¹118.25 | SL: â‚¹108.27 | P&L: +2.43%
2026-02-06 15:02:45,636 - INFO - âœ“ Using first available quote: NSE_FO:NIFTY2621025650CE
2026-02-06 15:02:45,638 - INFO -   Price: â‚¹117.65 | SL: â‚¹108.27 | P&L: +1.91%
2026-02-06 15:02:48,848 - INFO - âœ“ Using first available quote: NSE_FO:NIFTY2621025650CE
2026-02-06 15:02:48,851 - INFO -   Price: â‚¹116.30 | SL: â‚¹108.27 | P&L: +0.74%
2026-02-06 15:02:52,054 - INFO - âœ“ Using first available quote: NSE_FO:NIFTY2621025650CE
2026-02-06 15:02:52,056 - INFO -   Price: â‚¹116.45 | SL: â‚¹108.27 | P&L: +0.87%
2026-02-06 15:02:55,343 - INFO - âœ“ Using first available quote: NSE_FO:NIFTY2621025650CE
2026-02-06 15:02:55,345 - INFO -   Price: â‚¹115.30 | SL: â‚¹108.27 | P&L: -0.13%
2026-02-06 15:02:58,608 - INFO - âœ“ Using first available quote: NSE_FO:NIFTY2621025650CE
2026-02-06 15:02:58,610 - INFO -   Price: â‚¹115.05 | SL: â‚¹108.27 | P&L: -0.35%
2026-02-06 15:03:01,867 - INFO - âœ“ Using first available quote: NSE_FO:NIFTY2621025650CE
2026-02-06 15:03:01,870 - INFO -   Price: â‚¹113.00 | SL: â‚¹108.27 | P&L: -2.12%
2026-02-06 15:03:05,131 - INFO - âœ“ Using first available quote: NSE_FO:NIFTY2621025650CE
2026-02-06 15:03:05,133 - INFO -   Price: â‚¹111.60 | SL: â‚¹108.27 | P&L: -3.33%
2026-02-06 15:03:08,385 - INFO - âœ“ Using first available quote: NSE_FO:NIFTY2621025650CE
2026-02-06 15:03:08,387 - INFO -   Price: â‚¹111.05 | SL: â‚¹108.27 | P&L: -3.81%
2026-02-06 15:03:11,606 - INFO - âœ“ Using first available quote: NSE_FO:NIFTY2621025650CE
2026-02-06 15:03:11,608 - INFO -   Price: â‚¹109.85 | SL: â‚¹108.27 | P&L: -4.85%
2026-02-06 15:03:15,063 - INFO - âœ“ Using first available quote: NSE_FO:NIFTY2621025650CE
2026-02-06 15:03:15,066 - INFO -   Price: â‚¹110.45 | SL: â‚¹108.27 | P&L: -4.33%
2026-02-06 15:03:18,420 - INFO - âœ“ Using first available quote: NSE_FO:NIFTY2621025650CE
2026-02-06 15:03:18,423 - INFO -   Price: â‚¹111.55 | SL: â‚¹108.27 | P&L: -3.38%
2026-02-06 15:03:21,623 - INFO - âœ“ Using first available quote: NSE_FO:NIFTY2621025650CE
2026-02-06 15:03:21,626 - INFO -   Price: â‚¹110.85 | SL: â‚¹108.27 | P&L: -3.98%
2026-02-06 15:03:24,856 - INFO - âœ“ Using first available quote: NSE_FO:NIFTY2621025650CE
2026-02-06 15:03:24,860 - INFO -   Price: â‚¹110.35 | SL: â‚¹108.27 | P&L: -4.42%
2026-02-06 15:03:28,496 - INFO - âœ“ Using first available quote: NSE_FO:NIFTY2621025650CE
2026-02-06 15:03:28,497 - INFO -   Price: â‚¹113.90 | SL: â‚¹108.27 | P&L: -1.34%
2026-02-06 15:03:31,589 - INFO - âœ“ Using first available quote: NSE_FO:NIFTY2621025650CE
2026-02-06 15:03:31,591 - INFO -   Price: â‚¹113.40 | SL: â‚¹108.27 | P&L: -1.78%
2026-02-06 15:03:35,262 - INFO - âœ“ Using first available quote: NSE_FO:NIFTY2621025650CE
2026-02-06 15:03:35,264 - INFO -   Price: â‚¹113.30 | SL: â‚¹108.27 | P&L: -1.86%
2026-02-06 15:03:38,521 - INFO - âœ“ Using first available quote: NSE_FO:NIFTY2621025650CE
2026-02-06 15:03:38,523 - INFO -   Price: â‚¹112.65 | SL: â‚¹108.27 | P&L: -2.43%
2026-02-06 15:03:42,052 - INFO - âœ“ Using first available quote: NSE_FO:NIFTY2621025650CE
2026-02-06 15:03:42,054 - INFO -   Price: â‚¹112.40 | SL: â‚¹108.27 | P&L: -2.64%
2026-02-06 15:03:45,692 - INFO - âœ“ Using first available quote: NSE_FO:NIFTY2621025650CE
2026-02-06 15:03:45,695 - INFO -   Price: â‚¹112.20 | SL: â‚¹108.27 | P&L: -2.82%
2026-02-06 15:03:48,574 - INFO - âœ“ Using first available quote: NSE_FO:NIFTY2621025650CE
2026-02-06 15:03:48,575 - INFO -   Price: â‚¹112.55 | SL: â‚¹108.27 | P&L: -2.51%
2026-02-06 15:03:51,885 - INFO - âœ“ Using first available quote: NSE_FO:NIFTY2621025650CE
2026-02-06 15:03:51,887 - INFO -   Price: â‚¹114.00 | SL: â‚¹108.27 | P&L: -1.26%
2026-02-06 15:03:55,220 - INFO - âœ“ Using first available quote: NSE_FO:NIFTY2621025650CE
2026-02-06 15:03:55,222 - INFO -   Price: â‚¹113.65 | SL: â‚¹108.27 | P&L: -1.56%
2026-02-06 15:03:58,440 - INFO - âœ“ Using first available quote: NSE_FO:NIFTY2621025650CE
2026-02-06 15:03:58,442 - INFO -   Price: â‚¹113.75 | SL: â‚¹108.27 | P&L: -1.47%
2026-02-06 15:04:01,881 - INFO - âœ“ Using first available quote: NSE_FO:NIFTY2621025650CE
2026-02-06 15:04:01,884 - INFO -   Price: â‚¹114.00 | SL: â‚¹108.27 | P&L: -1.26%
2026-02-06 15:04:05,426 - INFO - âœ“ Using first available quote: NSE_FO:NIFTY2621025650CE
2026-02-06 15:04:05,428 - INFO -   Price: â‚¹113.90 | SL: â‚¹108.27 | P&L: -1.34%
2026-02-06 15:04:09,252 - INFO - âœ“ Using first available quote: NSE_FO:NIFTY2621025650CE
2026-02-06 15:04:09,256 - INFO -   Price: â‚¹115.60 | SL: â‚¹108.27 | P&L: +0.13%
2026-02-06 15:04:13,140 - INFO - âœ“ Using first available quote: NSE_FO:NIFTY2621025650CE
2026-02-06 15:04:13,142 - INFO -   Price: â‚¹115.55 | SL: â‚¹108.27 | P&L: +0.09%
2026-02-06 15:04:16,851 - INFO - âœ“ Using first available quote: NSE_FO:NIFTY2621025650CE
2026-02-06 15:04:16,854 - INFO -   Price: â‚¹115.50 | SL: â‚¹108.27 | P&L: +0.04%
2026-02-06 15:04:20,532 - INFO - âœ“ Using first available quote: NSE_FO:NIFTY2621025650CE
2026-02-06 15:04:20,535 - INFO -   Price: â‚¹115.65 | SL: â‚¹108.27 | P&L: +0.17%
2026-02-06 15:04:24,087 - INFO - âœ“ Using first available quote: NSE_FO:NIFTY2621025650CE
2026-02-06 15:04:24,088 - INFO -   Price: â‚¹116.80 | SL: â‚¹108.27 | P&L: +1.17%
2026-02-06 15:04:26,933 - INFO - âœ“ Using first available quote: NSE_FO:NIFTY2621025650CE
2026-02-06 15:04:26,934 - INFO -   Price: â‚¹115.60 | SL: â‚¹108.27 | P&L: +0.13%
2026-02-06 15:04:29,596 - INFO - âœ“ Using first available quote: NSE_FO:NIFTY2621025650CE
2026-02-06 15:04:29,598 - INFO -   Price: â‚¹114.80 | SL: â‚¹108.27 | P&L: -0.56%
2026-02-06 15:04:32,237 - INFO - âœ“ Using first available quote: NSE_FO:NIFTY2621025650CE
2026-02-06 15:04:32,239 - INFO -   Price: â‚¹115.15 | SL: â‚¹108.27 | P&L: -0.26%
2026-02-06 15:04:34,896 - INFO - âœ“ Using first available quote: NSE_FO:NIFTY2621025650CE
2026-02-06 15:04:34,898 - INFO -   Price: â‚¹115.05 | SL: â‚¹108.27 | P&L: -0.35%
2026-02-06 15:04:37,657 - INFO - âœ“ Using first available quote: NSE_FO:NIFTY2621025650CE
2026-02-06 15:04:37,659 - INFO -   Price: â‚¹115.80 | SL: â‚¹108.27 | P&L: +0.30%
2026-02-06 15:04:40,312 - INFO - âœ“ Using first available quote: NSE_FO:NIFTY2621025650CE
2026-02-06 15:04:40,314 - INFO -   Price: â‚¹114.85 | SL: â‚¹108.27 | P&L: -0.52%
2026-02-06 15:04:43,018 - INFO - âœ“ Using first available quote: NSE_FO:NIFTY2621025650CE
2026-02-06 15:04:43,020 - INFO -   Price: â‚¹114.80 | SL: â‚¹108.27 | P&L: -0.56%
