2026-02-06 15:16:15,622 - INFO - ðŸ“… Auto-calculated Nifty weekly expiry (Tuesday): 2026-02-10 (260210)
2026-02-06 15:16:15,623 - INFO - Upstox API initialized
2026-02-06 15:16:15,623 - INFO - Testing API connection...
2026-02-06 15:16:16,579 - INFO - âœ“ API connected. Nifty: 25700.9
2026-02-06 15:16:16,580 - INFO - Strategy initialized - PAPER TRADING
2026-02-06 15:16:16,580 - INFO - 
================================================================================
2026-02-06 15:16:16,580 - INFO - ðŸš€ NIFTY 50 ORB STRATEGY - STARTED
2026-02-06 15:16:16,581 - INFO - ================================================================================
2026-02-06 15:16:16,581 - INFO - Expiry Date:      260210
2026-02-06 15:16:16,581 - INFO - ORB Period:       09:15 - 09:30
2026-02-06 15:16:16,582 - INFO - Stop Loss:        10% (Safety Net)
2026-02-06 15:16:16,582 - INFO - Target:           10% (Fixed)
2026-02-06 15:16:16,582 - INFO - Lot Size:         65
2026-02-06 15:16:16,583 - INFO - Execution Mode:   ðŸ“ PAPER TRADING
2026-02-06 15:16:16,583 - INFO - ================================================================================

2026-02-06 15:16:16,583 - INFO - ðŸ“¥ Loading option contracts...
2026-02-06 15:16:16,584 - INFO - Fetching option contracts for expiry: 2026-02-10
2026-02-06 15:16:17,431 - INFO - âœ“ Fetched 196 option contracts
2026-02-06 15:16:17,433 - INFO - âœ“ Ready with 196 contracts
2026-02-06 15:16:17,433 - INFO - ðŸ“Š Calculating ORB levels...
2026-02-06 15:16:18,308 - INFO - Fetched 361 candles
2026-02-06 15:16:18,325 - INFO - 
======================================================================
2026-02-06 15:16:18,326 - INFO - âœ… ORB LEVELS FORMED
2026-02-06 15:16:18,326 - INFO - ======================================================================
2026-02-06 15:16:18,326 - INFO - High:  25630.80
2026-02-06 15:16:18,327 - INFO - Low:   25553.55
2026-02-06 15:16:18,327 - INFO - Range: 77.25 (0.30%)
2026-02-06 15:16:18,327 - INFO - ======================================================================

2026-02-06 15:16:25,034 - INFO - ðŸš€ BULLISH BREAKOUT CONFIRMED (Price: 25701.1 > ORB High: 25630.8)
2026-02-06 15:16:25,035 - INFO - âœ… CE 25700 -> NIFTY 25700 CE 10 FEB 26
2026-02-06 15:16:26,064 - INFO - âœ“ Using first available quote: NSE_FO:NIFTY2621025700CE
2026-02-06 15:16:26,066 - INFO - 
======================================================================
2026-02-06 15:16:26,066 - INFO - ðŸŽ¯ POSITION ENTRY
2026-02-06 15:16:26,067 - INFO - ======================================================================
2026-02-06 15:16:26,067 - INFO - Symbol:      NIFTY 25700 CE 10 FEB 26
2026-02-06 15:16:26,068 - INFO - Instrument:  NSE_FO|42530
2026-02-06 15:16:26,068 - INFO - Type:        CE (CALL)
2026-02-06 15:16:26,069 - INFO - Strike:      25700
2026-02-06 15:16:26,069 - INFO - Spot Price:  25701.1
2026-02-06 15:16:26,069 - INFO - Entry Price: â‚¹90.50
2026-02-06 15:16:26,069 - INFO - Target:      â‚¹99.55 (+10%)
2026-02-06 15:16:26,070 - INFO - Stop Loss:   â‚¹81.45 (Init: -10%)
2026-02-06 15:16:26,070 - INFO - Exit Condition: TARGET ðŸŽ¯ OR TRAILING SL ðŸ›‘
2026-02-06 15:16:26,070 - INFO - Quantity:    65 lots
2026-02-06 15:16:26,071 - INFO - Entry Time:  15:16:26
2026-02-06 15:16:26,071 - INFO - ======================================================================

2026-02-06 15:16:26,071 - INFO - ðŸ“ PAPER TRADE - No real order placed
2026-02-06 15:16:33,924 - INFO - âœ“ Using first available quote: NSE_FO:NIFTY2621025700CE
2026-02-06 15:16:33,926 - INFO -  ï¸ SL Trailed: â‚¹81.45 -> â‚¹81.81 (Max Price: â‚¹90.90)
2026-02-06 15:16:33,927 - INFO -   Price: â‚¹90.90 | SL: â‚¹81.81 | P&L: +0.44%
2026-02-06 15:16:36,622 - INFO - âœ“ Using first available quote: NSE_FO:NIFTY2621025700CE
2026-02-06 15:16:36,623 - INFO -   Price: â‚¹90.60 | SL: â‚¹81.81 | P&L: +0.11%
2026-02-06 15:16:39,261 - INFO - âœ“ Using first available quote: NSE_FO:NIFTY2621025700CE
2026-02-06 15:16:39,263 - INFO -   Price: â‚¹90.85 | SL: â‚¹81.81 | P&L: +0.39%
2026-02-06 15:16:41,999 - INFO - âœ“ Using first available quote: NSE_FO:NIFTY2621025700CE
2026-02-06 15:16:42,001 - INFO -  ï¸ SL Trailed: â‚¹81.81 -> â‚¹82.26 (Max Price: â‚¹91.40)
2026-02-06 15:16:42,001 - INFO -   Price: â‚¹91.40 | SL: â‚¹82.26 | P&L: +0.99%
2026-02-06 15:16:44,721 - INFO - âœ“ Using first available quote: NSE_FO:NIFTY2621025700CE
2026-02-06 15:16:44,723 - INFO -   Price: â‚¹91.05 | SL: â‚¹82.26 | P&L: +0.61%
2026-02-06 15:16:47,410 - INFO - âœ“ Using first available quote: NSE_FO:NIFTY2621025700CE
2026-02-06 15:16:47,411 - INFO -   Price: â‚¹90.85 | SL: â‚¹82.26 | P&L: +0.39%
2026-02-06 15:16:50,151 - INFO - âœ“ Using first available quote: NSE_FO:NIFTY2621025700CE
2026-02-06 15:16:50,152 - INFO -   Price: â‚¹90.85 | SL: â‚¹82.26 | P&L: +0.39%
2026-02-06 15:16:52,901 - INFO - âœ“ Using first available quote: NSE_FO:NIFTY2621025700CE
2026-02-06 15:16:52,903 - INFO -   Price: â‚¹90.95 | SL: â‚¹82.26 | P&L: +0.50%
2026-02-06 15:16:55,809 - INFO - âœ“ Using first available quote: NSE_FO:NIFTY2621025700CE
2026-02-06 15:16:55,811 - INFO -   Price: â‚¹90.80 | SL: â‚¹82.26 | P&L: +0.33%
2026-02-06 15:16:58,629 - INFO - âœ“ Using first available quote: NSE_FO:NIFTY2621025700CE
2026-02-06 15:16:58,631 - INFO -   Price: â‚¹90.65 | SL: â‚¹82.26 | P&L: +0.17%
2026-02-06 15:17:01,500 - INFO - âœ“ Using first available quote: NSE_FO:NIFTY2621025700CE
2026-02-06 15:17:01,501 - INFO -   Price: â‚¹90.70 | SL: â‚¹82.26 | P&L: +0.22%
2026-02-06 15:17:04,358 - INFO - âœ“ Using first available quote: NSE_FO:NIFTY2621025700CE
2026-02-06 15:17:04,360 - INFO -   Price: â‚¹90.40 | SL: â‚¹82.26 | P&L: -0.11%
2026-02-06 15:17:07,271 - INFO - âœ“ Using first available quote: NSE_FO:NIFTY2621025700CE
2026-02-06 15:17:07,273 - INFO -   Price: â‚¹90.35 | SL: â‚¹82.26 | P&L: -0.17%
2026-02-06 15:17:10,086 - INFO - âœ“ Using first available quote: NSE_FO:NIFTY2621025700CE
2026-02-06 15:17:10,088 - INFO -   Price: â‚¹90.10 | SL: â‚¹82.26 | P&L: -0.44%
2026-02-06 15:17:12,913 - INFO - âœ“ Using first available quote: NSE_FO:NIFTY2621025700CE
2026-02-06 15:17:12,914 - INFO -   Price: â‚¹89.45 | SL: â‚¹82.26 | P&L: -1.16%
2026-02-06 15:17:15,866 - INFO - âœ“ Using first available quote: NSE_FO:NIFTY2621025700CE
2026-02-06 15:17:15,868 - INFO -   Price: â‚¹89.45 | SL: â‚¹82.26 | P&L: -1.16%
2026-02-06 15:17:18,718 - INFO - âœ“ Using first available quote: NSE_FO:NIFTY2621025700CE
2026-02-06 15:17:18,720 - INFO -   Price: â‚¹89.25 | SL: â‚¹82.26 | P&L: -1.38%
2026-02-06 15:17:21,708 - INFO - âœ“ Using first available quote: NSE_FO:NIFTY2621025700CE
2026-02-06 15:17:21,710 - INFO -   Price: â‚¹89.25 | SL: â‚¹82.26 | P&L: -1.38%
