2026-02-11 14:53:35,682 - INFO - 📅 Auto-calculated Nifty weekly expiry (Tuesday): 2026-02-17 (260217)
2026-02-11 14:53:35,682 - INFO - Upstox API initialized
2026-02-11 14:53:35,683 - INFO - Testing API connection...
2026-02-11 14:53:36,262 - INFO - ✓ API connected. Nifty: 25948.55
2026-02-11 14:53:36,263 - INFO - Strategy initialized - PAPER TRADING
2026-02-11 14:53:36,263 - INFO - 
================================================================================
2026-02-11 14:53:36,264 - INFO - 🚀 NIFTY 50 ORB STRATEGY - STARTED
2026-02-11 14:53:36,264 - INFO - ================================================================================
2026-02-11 14:53:36,264 - INFO - Expiry Date:      260217
2026-02-11 14:53:36,270 - INFO - ORB Period:       09:15 - 09:30
2026-02-11 14:53:36,270 - INFO - Stop Loss:        10% (Safety Net)
2026-02-11 14:53:36,270 - INFO - Target:           10% (Fixed)
2026-02-11 14:53:36,270 - INFO - Lot Size:         65
2026-02-11 14:53:36,271 - INFO - Execution Mode:   📝 PAPER TRADING
2026-02-11 14:53:36,271 - INFO - ================================================================================

2026-02-11 14:53:36,271 - INFO - 📥 Loading option contracts...
2026-02-11 14:53:36,271 - INFO - Fetching option contracts for expiry: 2026-02-17
2026-02-11 14:53:36,808 - INFO - ✓ Fetched 186 option contracts
2026-02-11 14:53:36,810 - INFO - ✓ Ready with 186 contracts
2026-02-11 14:53:36,810 - INFO - 📊 Calculating ORB levels...
2026-02-11 14:53:37,356 - INFO - Fetched 338 candles
2026-02-11 14:53:37,368 - INFO - 
======================================================================
2026-02-11 14:53:37,368 - INFO - ✅ ORB LEVELS FORMED
2026-02-11 14:53:37,368 - INFO - ======================================================================
2026-02-11 14:53:37,368 - INFO - High:  26009.40
2026-02-11 14:53:37,369 - INFO - Low:   25942.45
2026-02-11 14:53:37,369 - INFO - Range: 66.95 (0.26%)
2026-02-11 14:53:37,369 - INFO - ======================================================================

2026-02-11 14:53:44,236 - INFO - ⏳ Price: 25948.40 | Range: 25942.45-26009.40
2026-02-11 14:53:47,088 - INFO - ⏳ Price: 25948.85 | Range: 25942.45-26009.40
2026-02-11 14:53:50,570 - INFO - ⏳ Price: 25949.75 | Range: 25942.45-26009.40
2026-02-11 14:53:53,147 - INFO - ⏳ Price: 25948.65 | Range: 25942.45-26009.40
2026-02-11 14:53:55,719 - INFO - ⏳ Price: 25949.25 | Range: 25942.45-26009.40
2026-02-11 14:53:58,732 - INFO - ⏳ Price: 25947.15 | Range: 25942.45-26009.40
2026-02-11 14:54:01,661 - INFO - ⏳ Price: 25948.25 | Range: 25942.45-26009.40
2026-02-11 14:54:04,732 - INFO - ⏳ Price: 25947.30 | Range: 25942.45-26009.40
2026-02-11 14:54:07,636 - INFO - ⏳ Price: 25946.40 | Range: 25942.45-26009.40
2026-02-11 14:54:10,181 - INFO - ⏳ Price: 25946.15 | Range: 25942.45-26009.40
2026-02-11 14:54:12,793 - INFO - ⏳ Price: 25944.50 | Range: 25942.45-26009.40
2026-02-11 14:54:15,419 - INFO - ⏳ Price: 25946.05 | Range: 25942.45-26009.40
2026-02-11 14:54:18,056 - INFO - ⏳ Price: 25946.25 | Range: 25942.45-26009.40
2026-02-11 14:54:20,674 - INFO - ⏳ Price: 25946.75 | Range: 25942.45-26009.40
2026-02-11 14:54:23,254 - INFO - ⏳ Price: 25942.65 | Range: 25942.45-26009.40
2026-02-11 14:54:25,819 - INFO - ⏳ Price: 25944.55 | Range: 25942.45-26009.40
2026-02-11 14:54:28,390 - INFO - ⏳ Price: 25943.45 | Range: 25942.45-26009.40
2026-02-11 14:54:30,985 - INFO - ⏳ Price: 25943.10 | Range: 25942.45-26009.40
2026-02-11 14:54:33,545 - INFO - ⏳ Price: 25944.15 | Range: 25942.45-26009.40
2026-02-11 14:54:36,139 - INFO - ⏳ Price: 25943.70 | Range: 25942.45-26009.40
2026-02-11 14:54:38,712 - INFO - 📉 BEARISH BREAKOUT CONFIRMED (Price: 25942.1 < ORB Low: 25942.45)
2026-02-11 14:54:38,713 - INFO - ✅ PE 25950 -> NIFTY 25950 PE 17 FEB 26
2026-02-11 14:54:39,429 - INFO - ✓ Using first available quote: NSE_FO:NIFTY2621725950PE
2026-02-11 14:54:39,431 - INFO - 
======================================================================
2026-02-11 14:54:39,432 - INFO - 🎯 POSITION ENTRY
2026-02-11 14:54:39,432 - INFO - ======================================================================
2026-02-11 14:54:39,432 - INFO - Symbol:      NIFTY 25950 PE 17 FEB 26
2026-02-11 14:54:39,432 - INFO - Instrument:  NSE_FO|48235
2026-02-11 14:54:39,432 - INFO - Type:        PE (PUT)
2026-02-11 14:54:39,433 - INFO - Strike:      25950
2026-02-11 14:54:39,433 - INFO - Spot Price:  25942.1
2026-02-11 14:54:39,433 - INFO - Entry Price: ₹107.85
2026-02-11 14:54:39,433 - INFO - Target:      ₹127.85 (+20.00 pts)
2026-02-11 14:54:39,433 - INFO - Stop Loss:   ₹97.06 (-10.79 pts)
2026-02-11 14:54:39,433 - INFO - ℹ️  NOTE: Min Target Floor Applied (20 pts)
2026-02-11 14:54:39,433 - INFO - Exit Condition: TARGET 🎯 OR TRAILING SL 🛑
2026-02-11 14:54:39,434 - INFO - Quantity:    65 lots
2026-02-11 14:54:39,434 - INFO - Entry Time:  14:54:39
2026-02-11 14:54:39,434 - INFO - ======================================================================

2026-02-11 14:54:39,434 - INFO - 📝 PAPER TRADE - No real order placed
2026-02-11 14:54:42,991 - INFO - ✓ Using first available quote: NSE_FO:NIFTY2621725950PE
2026-02-11 14:54:42,993 - INFO -   Price: ₹107.45 | SL: ₹97.06 | P&L: -0.37%
2026-02-11 14:54:45,739 - INFO - ✓ Using first available quote: NSE_FO:NIFTY2621725950PE
2026-02-11 14:54:45,741 - INFO -   Price: ₹106.95 | SL: ₹97.06 | P&L: -0.83%
2026-02-11 14:54:48,321 - INFO - ✓ Using first available quote: NSE_FO:NIFTY2621725950PE
2026-02-11 14:54:48,324 - INFO -   Price: ₹106.30 | SL: ₹97.06 | P&L: -1.44%
2026-02-11 14:54:50,884 - INFO - ✓ Using first available quote: NSE_FO:NIFTY2621725950PE
2026-02-11 14:54:50,886 - INFO -   Price: ₹106.35 | SL: ₹97.06 | P&L: -1.39%
2026-02-11 14:54:53,475 - INFO - ✓ Using first available quote: NSE_FO:NIFTY2621725950PE
2026-02-11 14:54:53,478 - INFO -   Price: ₹106.35 | SL: ₹97.06 | P&L: -1.39%
2026-02-11 14:54:56,058 - INFO - ✓ Using first available quote: NSE_FO:NIFTY2621725950PE
2026-02-11 14:54:56,060 - INFO -   Price: ₹106.60 | SL: ₹97.06 | P&L: -1.16%
2026-02-11 14:54:58,625 - INFO - ✓ Using first available quote: NSE_FO:NIFTY2621725950PE
2026-02-11 14:54:58,628 - INFO -   Price: ₹106.10 | SL: ₹97.06 | P&L: -1.62%
2026-02-11 14:55:01,224 - INFO - ✓ Using first available quote: NSE_FO:NIFTY2621725950PE
2026-02-11 14:55:01,227 - INFO -   Price: ₹106.65 | SL: ₹97.06 | P&L: -1.11%
2026-02-11 14:55:03,809 - INFO - ✓ Using first available quote: NSE_FO:NIFTY2621725950PE
2026-02-11 14:55:03,812 - INFO -   Price: ₹106.75 | SL: ₹97.06 | P&L: -1.02%
2026-02-11 14:55:06,681 - INFO - ✓ Using first available quote: NSE_FO:NIFTY2621725950PE
2026-02-11 14:55:06,684 - INFO -   Price: ₹107.05 | SL: ₹97.06 | P&L: -0.74%
2026-02-11 14:55:09,761 - INFO - ✓ Using first available quote: NSE_FO:NIFTY2621725950PE
2026-02-11 14:55:09,763 - INFO -   Price: ₹106.70 | SL: ₹97.06 | P&L: -1.07%
2026-02-11 14:55:12,317 - INFO - ✓ Using first available quote: NSE_FO:NIFTY2621725950PE
2026-02-11 14:55:12,320 - INFO -   Price: ₹106.95 | SL: ₹97.06 | P&L: -0.83%
2026-02-11 14:55:14,892 - INFO - ✓ Using first available quote: NSE_FO:NIFTY2621725950PE
2026-02-11 14:55:14,894 - INFO -   Price: ₹106.75 | SL: ₹97.06 | P&L: -1.02%
2026-02-11 14:55:17,431 - INFO - ✓ Using first available quote: NSE_FO:NIFTY2621725950PE
2026-02-11 14:55:17,434 - INFO -   Price: ₹105.60 | SL: ₹97.06 | P&L: -2.09%
2026-02-11 14:55:19,984 - INFO - ✓ Using first available quote: NSE_FO:NIFTY2621725950PE
2026-02-11 14:55:19,986 - INFO -   Price: ₹105.50 | SL: ₹97.06 | P&L: -2.18%
2026-02-11 14:55:22,558 - INFO - ✓ Using first available quote: NSE_FO:NIFTY2621725950PE
2026-02-11 14:55:22,561 - INFO -   Price: ₹105.55 | SL: ₹97.06 | P&L: -2.13%
2026-02-11 14:55:25,149 - INFO - ✓ Using first available quote: NSE_FO:NIFTY2621725950PE
2026-02-11 14:55:25,152 - INFO -   Price: ₹105.80 | SL: ₹97.06 | P&L: -1.90%
2026-02-11 14:55:28,031 - INFO - ✓ Using first available quote: NSE_FO:NIFTY2621725950PE
2026-02-11 14:55:28,033 - INFO -   Price: ₹105.75 | SL: ₹97.06 | P&L: -1.95%
2026-02-11 14:55:30,622 - INFO - ✓ Using first available quote: NSE_FO:NIFTY2621725950PE
2026-02-11 14:55:30,624 - INFO -   Price: ₹105.80 | SL: ₹97.06 | P&L: -1.90%
