2026-02-06 14:33:12,893 - INFO - 📅 Auto-calculated Nifty weekly expiry (Tuesday): 2026-02-10 (260210)
2026-02-06 14:33:12,893 - INFO - Upstox API initialized
2026-02-06 14:33:12,894 - INFO - Testing API connection...
2026-02-06 14:33:13,493 - INFO - ✓ API connected. Nifty: 25608.7
2026-02-06 14:33:13,495 - INFO - Strategy initialized - PAPER TRADING
2026-02-06 14:33:13,495 - INFO - 
================================================================================
2026-02-06 14:33:13,496 - INFO - 🚀 NIFTY 50 ORB STRATEGY - STARTED
2026-02-06 14:33:13,496 - INFO - ================================================================================
2026-02-06 14:33:13,497 - INFO - Expiry Date:      260210
2026-02-06 14:33:13,503 - INFO - ORB Period:       09:15 - 09:30
2026-02-06 14:33:13,504 - INFO - Stop Loss:        10% (Safety Net)
2026-02-06 14:33:13,504 - INFO - Target:           TREND RIDE (Supertrend)
2026-02-06 14:33:13,504 - INFO - Lot Size:         65
2026-02-06 14:33:13,505 - INFO - Execution Mode:   📝 PAPER TRADING
2026-02-06 14:33:13,505 - INFO - ================================================================================

2026-02-06 14:33:13,505 - INFO - 📥 Loading option contracts...
2026-02-06 14:33:13,505 - INFO - Fetching option contracts for expiry: 2026-02-10
2026-02-06 14:33:14,040 - INFO - ✓ Fetched 196 option contracts
2026-02-06 14:33:14,043 - INFO - ✓ Ready with 196 contracts
2026-02-06 14:33:14,043 - INFO - 📊 Calculating ORB levels...
2026-02-06 14:33:14,653 - INFO - Fetched 317 candles
2026-02-06 14:33:14,669 - INFO - 
======================================================================
2026-02-06 14:33:14,669 - INFO - ✅ ORB LEVELS FORMED
2026-02-06 14:33:14,670 - INFO - ======================================================================
2026-02-06 14:33:14,670 - INFO - High:  25630.80
2026-02-06 14:33:14,670 - INFO - Low:   25553.55
2026-02-06 14:33:14,670 - INFO - Range: 77.25 (0.30%)
2026-02-06 14:33:14,670 - INFO - ======================================================================

2026-02-06 14:33:21,750 - INFO - Fetched 317 candles
2026-02-06 14:33:21,760 - INFO - ⏳ Price: 25609.05 | VWAP: 25570.93 | Range: 25553.55-25630.80
