2026-02-11 14:58:53,190 - INFO - 📅 Auto-calculated Nifty weekly expiry (Tuesday): 2026-02-17 (260217)
2026-02-11 14:58:53,190 - INFO - Upstox API initialized
2026-02-11 14:58:53,190 - INFO - Testing API connection...
2026-02-11 14:58:53,791 - INFO - ✓ API connected. Nifty: 25948.05
2026-02-11 14:58:53,792 - INFO - Strategy initialized - PAPER TRADING
2026-02-11 14:58:53,792 - INFO - 
================================================================================
2026-02-11 14:58:53,793 - INFO - 🚀 NIFTY 50 ORB STRATEGY - STARTED
2026-02-11 14:58:53,793 - INFO - ================================================================================
2026-02-11 14:58:53,793 - INFO - Expiry Date:      260217
2026-02-11 14:58:53,795 - INFO - ORB Period:       09:15 - 09:30
2026-02-11 14:58:53,795 - INFO - Stop Loss:        10% (Safety Net)
2026-02-11 14:58:53,795 - INFO - Target:           10% (Fixed)
2026-02-11 14:58:53,796 - INFO - Lot Size:         65
2026-02-11 14:58:53,796 - INFO - Execution Mode:   📝 PAPER TRADING
2026-02-11 14:58:53,796 - INFO - ================================================================================

2026-02-11 14:58:53,796 - INFO - 📥 Loading option contracts...
2026-02-11 14:58:53,797 - INFO - Fetching option contracts for expiry: 2026-02-17
2026-02-11 14:58:54,358 - INFO - ✓ Fetched 186 option contracts
2026-02-11 14:58:54,360 - INFO - ✓ Ready with 186 contracts
2026-02-11 14:58:54,361 - INFO - 📊 Calculating ORB levels...
2026-02-11 14:58:54,893 - INFO - Fetched 343 candles
2026-02-11 14:58:54,904 - INFO - 
======================================================================
2026-02-11 14:58:54,904 - INFO - ✅ ORB LEVELS FORMED
2026-02-11 14:58:54,904 - INFO - ======================================================================
2026-02-11 14:58:54,905 - INFO - High:  26009.40
2026-02-11 14:58:54,905 - INFO - Low:   25942.45
2026-02-11 14:58:54,905 - INFO - Range: 66.95 (0.26%)
2026-02-11 14:58:54,905 - INFO - ======================================================================

