2026-02-11 15:03:58,719 - INFO - 📅 Auto-calculated Nifty weekly expiry (Tuesday): 2026-02-17 (260217)
2026-02-11 15:03:58,720 - INFO - Upstox API initialized
2026-02-11 15:03:58,720 - INFO - Testing API connection...
2026-02-11 15:03:59,291 - INFO - ✓ API connected. Nifty: 25956.5
2026-02-11 15:03:59,293 - INFO - Strategy initialized - PAPER TRADING
2026-02-11 15:03:59,293 - INFO - 
================================================================================
2026-02-11 15:03:59,293 - INFO - 🚀 NIFTY 50 ORB STRATEGY - STARTED
2026-02-11 15:03:59,293 - INFO - ================================================================================
2026-02-11 15:03:59,294 - INFO - Expiry Date:      260217
2026-02-11 15:03:59,299 - INFO - ORB Period:       09:15 - 09:30
2026-02-11 15:03:59,300 - INFO - Stop Loss:        10% (Safety Net)
2026-02-11 15:03:59,300 - INFO - Target:           10% (Fixed)
2026-02-11 15:03:59,300 - INFO - Lot Size:         65
2026-02-11 15:03:59,301 - INFO - Execution Mode:   📝 PAPER TRADING
2026-02-11 15:03:59,301 - INFO - ================================================================================

2026-02-11 15:03:59,301 - INFO - 📥 Loading option contracts...
2026-02-11 15:03:59,301 - INFO - Fetching option contracts for expiry: 2026-02-17
2026-02-11 15:03:59,890 - INFO - ✓ Fetched 186 option contracts
2026-02-11 15:03:59,893 - INFO - ✓ Ready with 186 contracts
2026-02-11 15:03:59,893 - INFO - 📊 Calculating ORB levels...
2026-02-11 15:04:00,441 - INFO - Fetched 348 candles
2026-02-11 15:04:00,472 - INFO - 
======================================================================
2026-02-11 15:04:00,478 - INFO - ✅ ORB LEVELS FORMED
2026-02-11 15:04:00,480 - INFO - ======================================================================
2026-02-11 15:04:00,484 - INFO - High:  26009.40
2026-02-11 15:04:00,485 - INFO - Low:   25942.45
2026-02-11 15:04:00,487 - INFO - Range: 66.95 (0.26%)
2026-02-11 15:04:00,488 - INFO - ======================================================================

2026-02-11 15:04:07,111 - INFO - ⏳ Price: 25957.30 | Range: 25942.45-26009.40
2026-02-11 15:04:09,722 - INFO - ⏳ Price: 25957.55 | Range: 25942.45-26009.40
