2026-02-06 14:49:43,986 - INFO - ðŸ“… Auto-calculated Nifty weekly expiry (Tuesday): 2026-02-10 (260210)
2026-02-06 14:49:43,986 - INFO - Upstox API initialized
2026-02-06 14:49:43,987 - INFO - Testing API connection...
2026-02-06 14:49:44,564 - INFO - âœ“ API connected. Nifty: 25636.95
2026-02-06 14:49:44,565 - INFO - Strategy initialized - PAPER TRADING
2026-02-06 14:49:44,565 - INFO - 
================================================================================
2026-02-06 14:49:44,566 - INFO - ðŸš€ NIFTY 50 ORB STRATEGY - STARTED
2026-02-06 14:49:44,566 - INFO - ================================================================================
2026-02-06 14:49:44,567 - INFO - Expiry Date:      260210
2026-02-06 14:49:44,573 - INFO - ORB Period:       09:15 - 09:30
2026-02-06 14:49:44,573 - INFO - Stop Loss:        10% (Safety Net)
2026-02-06 14:49:44,574 - INFO - Target:           TREND RIDE (Supertrend)
2026-02-06 14:49:44,574 - INFO - Lot Size:         65
2026-02-06 14:49:44,574 - INFO - Execution Mode:   ðŸ“ PAPER TRADING
2026-02-06 14:49:44,575 - INFO - ================================================================================

2026-02-06 14:49:44,575 - INFO - ðŸ“¥ Loading option contracts...
2026-02-06 14:49:44,575 - INFO - Fetching option contracts for expiry: 2026-02-10
2026-02-06 14:49:45,126 - INFO - âœ“ Fetched 196 option contracts
2026-02-06 14:49:45,128 - INFO - âœ“ Ready with 196 contracts
2026-02-06 14:49:45,128 - INFO - ðŸ“Š Calculating ORB levels...
2026-02-06 14:49:45,634 - INFO - Fetched 334 candles
2026-02-06 14:49:45,644 - INFO - 
======================================================================
2026-02-06 14:49:45,644 - INFO - âœ… ORB LEVELS FORMED
2026-02-06 14:49:45,645 - INFO - ======================================================================
2026-02-06 14:49:45,645 - INFO - High:  25630.80
2026-02-06 14:49:45,645 - INFO - Low:   25553.55
2026-02-06 14:49:45,645 - INFO - Range: 77.25 (0.30%)
2026-02-06 14:49:45,645 - INFO - ======================================================================

2026-02-06 14:49:52,747 - INFO - Fetched 334 candles
2026-02-06 14:49:52,756 - INFO - ðŸš€ BULLISH BREAKOUT CONFIRMED (Price: 25636.55 > ORB High: 25630.8 & > VWAP: 25574.20)
2026-02-06 14:49:52,756 - INFO - âœ… CE 25650 -> NIFTY 25650 CE 10 FEB 26
2026-02-06 14:49:53,314 - INFO - âœ“ Using first available quote: NSE_FO:NIFTY2621025650CE
2026-02-06 14:49:53,317 - INFO - 
======================================================================
2026-02-06 14:49:53,317 - INFO - ðŸŽ¯ POSITION ENTRY
2026-02-06 14:49:53,317 - INFO - ======================================================================
2026-02-06 14:49:53,318 - INFO - Symbol:      NIFTY 25650 CE 10 FEB 26
2026-02-06 14:49:53,318 - INFO - Instrument:  NSE_FO|42528
2026-02-06 14:49:53,318 - INFO - Type:        CE (CALL)
2026-02-06 14:49:53,319 - INFO - Strike:      25650
2026-02-06 14:49:53,319 - INFO - Spot Price:  25636.55
2026-02-06 14:49:53,319 - INFO - Entry Price: â‚¹103.30
2026-02-06 14:49:53,320 - INFO - Target:      â‚¹113.63 (+10%)
2026-02-06 14:49:53,320 - INFO - Stop Loss:   â‚¹92.97 (Init: -10%)
2026-02-06 14:49:53,320 - INFO - Exit Condition: TARGET ðŸŽ¯ OR TRAILING SL ðŸ›‘
2026-02-06 14:49:53,321 - INFO - Quantity:    65 lots
2026-02-06 14:49:53,321 - INFO - Entry Time:  14:49:53
2026-02-06 14:49:53,321 - INFO - ======================================================================

2026-02-06 14:49:53,322 - INFO - ðŸ“ PAPER TRADE - No real order placed
2026-02-06 14:50:00,868 - INFO - âœ“ Using first available quote: NSE_FO:NIFTY2621025650CE
2026-02-06 14:50:00,871 - INFO -   Price: â‚¹102.60 | SL: â‚¹92.97 | P&L: -0.68%
2026-02-06 14:50:03,421 - INFO - âœ“ Using first available quote: NSE_FO:NIFTY2621025650CE
2026-02-06 14:50:03,423 - INFO -   Price: â‚¹102.45 | SL: â‚¹92.97 | P&L: -0.82%
2026-02-06 14:50:05,991 - INFO - âœ“ Using first available quote: NSE_FO:NIFTY2621025650CE
2026-02-06 14:50:05,994 - INFO -  ï¸ SL Trailed: â‚¹92.97 -> â‚¹93.47 (Max Price: â‚¹103.85)
2026-02-06 14:50:05,995 - INFO -   Price: â‚¹103.85 | SL: â‚¹93.47 | P&L: +0.53%
2026-02-06 14:50:08,613 - INFO - âœ“ Using first available quote: NSE_FO:NIFTY2621025650CE
2026-02-06 14:50:08,615 - INFO -  ï¸ SL Trailed: â‚¹93.47 -> â‚¹94.41 (Max Price: â‚¹104.90)
2026-02-06 14:50:08,616 - INFO -   Price: â‚¹104.90 | SL: â‚¹94.41 | P&L: +1.55%
