2026-02-06 14:58:56,457 - INFO - ðŸ“… Auto-calculated Nifty weekly expiry (Tuesday): 2026-02-10 (260210)
2026-02-06 14:58:56,457 - INFO - Upstox API initialized
2026-02-06 14:58:56,458 - INFO - Testing API connection...
2026-02-06 14:58:57,150 - INFO - âœ“ API connected. Nifty: 25663.75
2026-02-06 14:58:57,151 - INFO - Strategy initialized - PAPER TRADING
2026-02-06 14:58:57,151 - INFO - 
================================================================================
2026-02-06 14:58:57,152 - INFO - ðŸš€ NIFTY 50 ORB STRATEGY - STARTED
2026-02-06 14:58:57,153 - INFO - ================================================================================
2026-02-06 14:58:57,153 - INFO - Expiry Date:      260210
2026-02-06 14:58:57,158 - INFO - ORB Period:       09:15 - 09:30
2026-02-06 14:58:57,159 - INFO - Stop Loss:        10% (Safety Net)
2026-02-06 14:58:57,159 - INFO - Target:           10% (Fixed)
2026-02-06 14:58:57,160 - INFO - Lot Size:         25
2026-02-06 14:58:57,160 - INFO - Execution Mode:   ðŸ“ PAPER TRADING
2026-02-06 14:58:57,161 - INFO - ================================================================================

2026-02-06 14:58:57,161 - INFO - ðŸ“¥ Loading option contracts...
2026-02-06 14:58:57,162 - INFO - Fetching option contracts for expiry: 2026-02-10
2026-02-06 14:58:57,697 - INFO - âœ“ Fetched 196 option contracts
2026-02-06 14:58:57,699 - INFO - âœ“ Ready with 196 contracts
2026-02-06 14:58:57,700 - INFO - ðŸ“Š Calculating ORB levels...
2026-02-06 14:58:58,220 - INFO - Fetched 343 candles
2026-02-06 14:58:58,233 - INFO - 
======================================================================
2026-02-06 14:58:58,234 - INFO - âœ… ORB LEVELS FORMED
2026-02-06 14:58:58,234 - INFO - ======================================================================
2026-02-06 14:58:58,234 - INFO - High:  25630.80
2026-02-06 14:58:58,234 - INFO - Low:   25553.55
2026-02-06 14:58:58,235 - INFO - Range: 77.25 (0.30%)
2026-02-06 14:58:58,235 - INFO - ======================================================================

2026-02-06 14:59:04,802 - INFO - ðŸš€ BULLISH BREAKOUT CONFIRMED (Price: 25661.9 > ORB High: 25630.8)
2026-02-06 14:59:04,805 - INFO - âœ… CE 25650 -> NIFTY 25650 CE 10 FEB 26
2026-02-06 14:59:05,391 - INFO - âœ“ Using first available quote: NSE_FO:NIFTY2621025650CE
2026-02-06 14:59:05,394 - INFO - 
======================================================================
2026-02-06 14:59:05,394 - INFO - ðŸŽ¯ POSITION ENTRY
2026-02-06 14:59:05,395 - INFO - ======================================================================
2026-02-06 14:59:05,396 - INFO - Symbol:      NIFTY 25650 CE 10 FEB 26
2026-02-06 14:59:05,396 - INFO - Instrument:  NSE_FO|42528
2026-02-06 14:59:05,397 - INFO - Type:        CE (CALL)
2026-02-06 14:59:05,397 - INFO - Strike:      25650
2026-02-06 14:59:05,398 - INFO - Spot Price:  25661.9
2026-02-06 14:59:05,398 - INFO - Entry Price: â‚¹112.40
2026-02-06 14:59:05,398 - INFO - Target:      â‚¹123.64 (+10%)
2026-02-06 14:59:05,399 - INFO - Stop Loss:   â‚¹101.16 (Init: -10%)
2026-02-06 14:59:05,399 - INFO - Exit Condition: TARGET ðŸŽ¯ OR TRAILING SL ðŸ›‘
2026-02-06 14:59:05,400 - INFO - Quantity:    25 lots
2026-02-06 14:59:05,400 - INFO - Entry Time:  14:59:05
2026-02-06 14:59:05,400 - INFO - ======================================================================

2026-02-06 14:59:05,401 - INFO - ðŸ“ PAPER TRADE - No real order placed
2026-02-06 14:59:13,061 - INFO - âœ“ Using first available quote: NSE_FO:NIFTY2621025650CE
2026-02-06 14:59:13,063 - INFO -   Price: â‚¹111.20 | SL: â‚¹101.16 | P&L: -1.07%
2026-02-06 14:59:15,610 - INFO - âœ“ Using first available quote: NSE_FO:NIFTY2621025650CE
2026-02-06 14:59:15,612 - INFO -   Price: â‚¹111.10 | SL: â‚¹101.16 | P&L: -1.16%
2026-02-06 14:59:18,143 - INFO - âœ“ Using first available quote: NSE_FO:NIFTY2621025650CE
2026-02-06 14:59:18,145 - INFO -   Price: â‚¹111.25 | SL: â‚¹101.16 | P&L: -1.02%
2026-02-06 14:59:20,715 - INFO - âœ“ Using first available quote: NSE_FO:NIFTY2621025650CE
2026-02-06 14:59:20,718 - INFO -   Price: â‚¹111.40 | SL: â‚¹101.16 | P&L: -0.89%
2026-02-06 14:59:23,265 - INFO - âœ“ Using first available quote: NSE_FO:NIFTY2621025650CE
2026-02-06 14:59:23,268 - INFO -   Price: â‚¹111.50 | SL: â‚¹101.16 | P&L: -0.80%
2026-02-06 14:59:25,864 - INFO - âœ“ Using first available quote: NSE_FO:NIFTY2621025650CE
2026-02-06 14:59:25,867 - INFO -   Price: â‚¹111.15 | SL: â‚¹101.16 | P&L: -1.11%
2026-02-06 14:59:28,417 - INFO - âœ“ Using first available quote: NSE_FO:NIFTY2621025650CE
2026-02-06 14:59:28,419 - INFO -   Price: â‚¹112.05 | SL: â‚¹101.16 | P&L: -0.31%
2026-02-06 14:59:30,989 - INFO - âœ“ Using first available quote: NSE_FO:NIFTY2621025650CE
2026-02-06 14:59:30,991 - INFO -   Price: â‚¹111.65 | SL: â‚¹101.16 | P&L: -0.67%
2026-02-06 14:59:33,542 - INFO - âœ“ Using first available quote: NSE_FO:NIFTY2621025650CE
2026-02-06 14:59:33,545 - INFO -  ï¸ SL Trailed: â‚¹101.16 -> â‚¹101.66 (Max Price: â‚¹112.95)
2026-02-06 14:59:33,545 - INFO -   Price: â‚¹112.95 | SL: â‚¹101.66 | P&L: +0.49%
2026-02-06 14:59:36,119 - INFO - âœ“ Using first available quote: NSE_FO:NIFTY2621025650CE
2026-02-06 14:59:36,122 - INFO -  ï¸ SL Trailed: â‚¹101.66 -> â‚¹102.64 (Max Price: â‚¹114.05)
2026-02-06 14:59:36,122 - INFO -   Price: â‚¹114.05 | SL: â‚¹102.64 | P&L: +1.47%
2026-02-06 14:59:38,873 - INFO - âœ“ Using first available quote: NSE_FO:NIFTY2621025650CE
2026-02-06 14:59:38,878 - INFO -  ï¸ SL Trailed: â‚¹102.64 -> â‚¹103.32 (Max Price: â‚¹114.80)
2026-02-06 14:59:38,878 - INFO -   Price: â‚¹114.80 | SL: â‚¹103.32 | P&L: +2.14%
2026-02-06 14:59:41,499 - INFO - âœ“ Using first available quote: NSE_FO:NIFTY2621025650CE
2026-02-06 14:59:41,501 - INFO -  ï¸ SL Trailed: â‚¹103.32 -> â‚¹103.41 (Max Price: â‚¹114.90)
2026-02-06 14:59:41,502 - INFO -   Price: â‚¹114.90 | SL: â‚¹103.41 | P&L: +2.22%
