2026-02-11 12:58:51,297 - INFO - 📅 Auto-calculated Nifty weekly expiry (Tuesday): 2026-02-17 (260217)
2026-02-11 12:58:51,298 - INFO - Upstox API initialized
2026-02-11 12:58:51,298 - INFO - Testing API connection...
2026-02-11 12:58:52,440 - INFO - ✓ API connected. Nifty: 25928.7
2026-02-11 12:58:52,441 - INFO - Strategy initialized - PAPER TRADING
2026-02-11 12:58:52,441 - INFO - 
================================================================================
2026-02-11 12:58:52,442 - INFO - 🚀 NIFTY 50 ORB STRATEGY - STARTED
2026-02-11 12:58:52,442 - INFO - ================================================================================
2026-02-11 12:58:52,442 - INFO - Expiry Date:      260217
2026-02-11 12:58:52,448 - INFO - ORB Period:       09:15 - 09:30
2026-02-11 12:58:52,449 - INFO - Stop Loss:        10% (Safety Net)
2026-02-11 12:58:52,449 - INFO - Target:           10% (Fixed)
2026-02-11 12:58:52,449 - INFO - Lot Size:         65
2026-02-11 12:58:52,449 - INFO - Execution Mode:   📝 PAPER TRADING
2026-02-11 12:58:52,449 - INFO - ================================================================================

2026-02-11 12:58:52,449 - INFO - 📥 Loading option contracts...
2026-02-11 12:58:52,450 - INFO - Fetching option contracts for expiry: 2026-02-17
2026-02-11 12:58:53,201 - INFO - ✓ Fetched 186 option contracts
2026-02-11 12:58:53,203 - INFO - ✓ Ready with 186 contracts
2026-02-11 12:58:53,204 - INFO - 📊 Calculating ORB levels...
2026-02-11 12:58:53,952 - INFO - Fetched 223 candles
2026-02-11 12:58:53,971 - INFO - 
======================================================================
2026-02-11 12:58:53,971 - INFO - ✅ ORB LEVELS FORMED
2026-02-11 12:58:53,971 - INFO - ======================================================================
2026-02-11 12:58:53,972 - INFO - High:  26009.40
2026-02-11 12:58:53,972 - INFO - Low:   25942.45
2026-02-11 12:58:53,972 - INFO - Range: 66.95 (0.26%)
2026-02-11 12:58:53,972 - INFO - ======================================================================

2026-02-11 12:59:00,675 - INFO - 📉 BEARISH BREAKOUT CONFIRMED (Price: 25931.8 < ORB Low: 25942.45)
2026-02-11 12:59:00,676 - INFO - ✅ PE 25950 -> NIFTY 25950 PE 17 FEB 26
2026-02-11 12:59:01,710 - INFO - ✓ Using first available quote: NSE_FO:NIFTY2621725950PE
2026-02-11 12:59:01,713 - INFO - 
======================================================================
2026-02-11 12:59:01,713 - INFO - 🎯 POSITION ENTRY
2026-02-11 12:59:01,713 - INFO - ======================================================================
2026-02-11 12:59:01,714 - INFO - Symbol:      NIFTY 25950 PE 17 FEB 26
2026-02-11 12:59:01,714 - INFO - Instrument:  NSE_FO|48235
2026-02-11 12:59:01,714 - INFO - Type:        PE (PUT)
2026-02-11 12:59:01,714 - INFO - Strike:      25950
2026-02-11 12:59:01,714 - INFO - Spot Price:  25931.8
2026-02-11 12:59:01,714 - INFO - Entry Price: ₹116.20
2026-02-11 12:59:01,714 - INFO - Target:      ₹136.20 (+20.00 pts)
2026-02-11 12:59:01,715 - INFO - Stop Loss:   ₹104.58 (-11.62 pts)
2026-02-11 12:59:01,715 - INFO - ℹ️  NOTE: Min Target Floor Applied (20 pts)
2026-02-11 12:59:01,715 - INFO - Exit Condition: TARGET 🎯 OR TRAILING SL 🛑
2026-02-11 12:59:01,715 - INFO - Quantity:    65 lots
2026-02-11 12:59:01,715 - INFO - Entry Time:  12:59:01
2026-02-11 12:59:01,715 - INFO - ======================================================================

2026-02-11 12:59:01,716 - INFO - 📝 PAPER TRADE - No real order placed
2026-02-11 12:59:09,848 - INFO - ✓ Using first available quote: NSE_FO:NIFTY2621725950PE
2026-02-11 12:59:09,851 - INFO -   Price: ₹114.35 | SL: ₹104.58 | P&L: -1.59%
2026-02-11 12:59:12,559 - INFO - ✓ Using first available quote: NSE_FO:NIFTY2621725950PE
2026-02-11 12:59:12,561 - INFO -   Price: ₹113.90 | SL: ₹104.58 | P&L: -1.98%
2026-02-11 12:59:15,461 - INFO - ✓ Using first available quote: NSE_FO:NIFTY2621725950PE
2026-02-11 12:59:15,464 - INFO -   Price: ₹114.20 | SL: ₹104.58 | P&L: -1.72%
2026-02-11 12:59:18,428 - INFO - ✓ Using first available quote: NSE_FO:NIFTY2621725950PE
2026-02-11 12:59:18,429 - INFO -   Price: ₹115.10 | SL: ₹104.58 | P&L: -0.95%
2026-02-11 12:59:21,201 - INFO - ✓ Using first available quote: NSE_FO:NIFTY2621725950PE
2026-02-11 12:59:21,204 - INFO -   Price: ₹115.10 | SL: ₹104.58 | P&L: -0.95%
2026-02-11 12:59:24,103 - INFO - ✓ Using first available quote: NSE_FO:NIFTY2621725950PE
2026-02-11 12:59:24,105 - INFO -   Price: ₹115.40 | SL: ₹104.58 | P&L: -0.69%
2026-02-11 12:59:26,894 - INFO - ✓ Using first available quote: NSE_FO:NIFTY2621725950PE
2026-02-11 12:59:26,897 - INFO -   Price: ₹115.70 | SL: ₹104.58 | P&L: -0.43%
2026-02-11 12:59:29,972 - INFO - ✓ Using first available quote: NSE_FO:NIFTY2621725950PE
2026-02-11 12:59:29,975 - INFO -   Price: ₹116.75 | SL: ₹104.58 | P&L: +0.47%
2026-02-11 12:59:32,778 - INFO - ✓ Using first available quote: NSE_FO:NIFTY2621725950PE
2026-02-11 12:59:32,781 - INFO -   Price: ₹117.40 | SL: ₹104.58 | P&L: +1.03%
2026-02-11 12:59:35,627 - INFO - ✓ Using first available quote: NSE_FO:NIFTY2621725950PE
2026-02-11 12:59:35,630 - INFO -   Price: ₹118.05 | SL: ₹104.58 | P&L: +1.59%
2026-02-11 12:59:38,512 - INFO - ✓ Using first available quote: NSE_FO:NIFTY2621725950PE
2026-02-11 12:59:38,515 - INFO -   Price: ₹117.25 | SL: ₹104.58 | P&L: +0.90%
2026-02-11 12:59:41,477 - INFO - ✓ Using first available quote: NSE_FO:NIFTY2621725950PE
2026-02-11 12:59:41,481 - INFO -   Price: ₹116.00 | SL: ₹104.58 | P&L: -0.17%
2026-02-11 12:59:44,471 - INFO - ✓ Using first available quote: NSE_FO:NIFTY2621725950PE
2026-02-11 12:59:44,473 - INFO -   Price: ₹116.40 | SL: ₹104.58 | P&L: +0.17%
2026-02-11 12:59:47,280 - INFO - ✓ Using first available quote: NSE_FO:NIFTY2621725950PE
2026-02-11 12:59:47,283 - INFO -   Price: ₹116.65 | SL: ₹104.58 | P&L: +0.39%
2026-02-11 12:59:50,470 - INFO - ✓ Using first available quote: NSE_FO:NIFTY2621725950PE
2026-02-11 12:59:50,472 - INFO -   Price: ₹117.05 | SL: ₹104.58 | P&L: +0.73%
2026-02-11 12:59:53,365 - INFO - ✓ Using first available quote: NSE_FO:NIFTY2621725950PE
2026-02-11 12:59:53,368 - INFO -   Price: ₹117.70 | SL: ₹104.58 | P&L: +1.29%
2026-02-11 12:59:56,264 - INFO - ✓ Using first available quote: NSE_FO:NIFTY2621725950PE
2026-02-11 12:59:56,267 - INFO -   Price: ₹117.60 | SL: ₹104.58 | P&L: +1.20%
2026-02-11 12:59:59,078 - INFO - ✓ Using first available quote: NSE_FO:NIFTY2621725950PE
2026-02-11 12:59:59,081 - INFO -   Price: ₹117.55 | SL: ₹104.58 | P&L: +1.16%
2026-02-11 13:00:01,961 - INFO - ✓ Using first available quote: NSE_FO:NIFTY2621725950PE
2026-02-11 13:00:01,965 - INFO -   Price: ₹117.65 | SL: ₹104.58 | P&L: +1.25%
2026-02-11 13:00:04,829 - INFO - ✓ Using first available quote: NSE_FO:NIFTY2621725950PE
2026-02-11 13:00:04,831 - INFO -   Price: ₹117.85 | SL: ₹104.58 | P&L: +1.42%
2026-02-11 13:00:07,672 - INFO - ✓ Using first available quote: NSE_FO:NIFTY2621725950PE
2026-02-11 13:00:07,676 - INFO -   Price: ₹118.40 | SL: ₹104.58 | P&L: +1.89%
2026-02-11 13:00:10,475 - INFO - ✓ Using first available quote: NSE_FO:NIFTY2621725950PE
2026-02-11 13:00:10,477 - INFO -   Price: ₹118.80 | SL: ₹104.58 | P&L: +2.24%
2026-02-11 13:00:13,493 - INFO - ✓ Using first available quote: NSE_FO:NIFTY2621725950PE
2026-02-11 13:00:13,496 - INFO -   Price: ₹118.80 | SL: ₹104.58 | P&L: +2.24%
2026-02-11 13:00:16,455 - INFO - ✓ Using first available quote: NSE_FO:NIFTY2621725950PE
2026-02-11 13:00:16,457 - INFO -   Price: ₹118.30 | SL: ₹104.58 | P&L: +1.81%
2026-02-11 13:00:19,489 - INFO - ✓ Using first available quote: NSE_FO:NIFTY2621725950PE
2026-02-11 13:00:19,492 - INFO -   Price: ₹118.30 | SL: ₹104.58 | P&L: +1.81%
2026-02-11 13:00:22,329 - INFO - ✓ Using first available quote: NSE_FO:NIFTY2621725950PE
2026-02-11 13:00:22,331 - INFO -   Price: ₹119.15 | SL: ₹104.58 | P&L: +2.54%
2026-02-11 13:00:25,005 - INFO - ✓ Using first available quote: NSE_FO:NIFTY2621725950PE
2026-02-11 13:00:25,008 - INFO -   Price: ₹119.00 | SL: ₹104.58 | P&L: +2.41%
2026-02-11 13:00:27,823 - INFO - ✓ Using first available quote: NSE_FO:NIFTY2621725950PE
2026-02-11 13:00:27,825 - INFO -   Price: ₹118.80 | SL: ₹104.58 | P&L: +2.24%
2026-02-11 13:00:30,864 - INFO - ✓ Using first available quote: NSE_FO:NIFTY2621725950PE
2026-02-11 13:00:30,868 - INFO -   Price: ₹117.80 | SL: ₹104.58 | P&L: +1.38%
2026-02-11 13:00:33,757 - INFO - ✓ Using first available quote: NSE_FO:NIFTY2621725950PE
2026-02-11 13:00:33,760 - INFO -   Price: ₹118.55 | SL: ₹104.58 | P&L: +2.02%
2026-02-11 13:00:36,520 - INFO - ✓ Using first available quote: NSE_FO:NIFTY2621725950PE
2026-02-11 13:00:36,524 - INFO -   Price: ₹119.05 | SL: ₹104.58 | P&L: +2.45%
2026-02-11 13:00:39,620 - INFO - ✓ Using first available quote: NSE_FO:NIFTY2621725950PE
2026-02-11 13:00:39,623 - INFO -   Price: ₹118.75 | SL: ₹104.58 | P&L: +2.19%
2026-02-11 13:00:42,400 - INFO - ✓ Using first available quote: NSE_FO:NIFTY2621725950PE
2026-02-11 13:00:42,403 - INFO -   Price: ₹119.00 | SL: ₹104.58 | P&L: +2.41%
2026-02-11 13:00:45,120 - INFO - ✓ Using first available quote: NSE_FO:NIFTY2621725950PE
2026-02-11 13:00:45,124 - INFO -   Price: ₹119.85 | SL: ₹104.58 | P&L: +3.14%
2026-02-11 13:00:47,940 - INFO - ✓ Using first available quote: NSE_FO:NIFTY2621725950PE
2026-02-11 13:00:47,943 - INFO -   Price: ₹120.50 | SL: ₹104.58 | P&L: +3.70%
2026-02-11 13:00:51,089 - INFO - ✓ Using first available quote: NSE_FO:NIFTY2621725950PE
2026-02-11 13:00:51,094 - INFO -   Price: ₹120.90 | SL: ₹104.58 | P&L: +4.04%
2026-02-11 13:00:53,903 - INFO - ✓ Using first available quote: NSE_FO:NIFTY2621725950PE
2026-02-11 13:00:53,906 - INFO -   Price: ₹120.45 | SL: ₹104.58 | P&L: +3.66%
2026-02-11 13:00:56,730 - INFO - ✓ Using first available quote: NSE_FO:NIFTY2621725950PE
2026-02-11 13:00:56,731 - INFO -   Price: ₹119.25 | SL: ₹104.58 | P&L: +2.62%
2026-02-11 13:00:59,454 - INFO - ✓ Using first available quote: NSE_FO:NIFTY2621725950PE
2026-02-11 13:00:59,458 - INFO -   Price: ₹119.80 | SL: ₹104.58 | P&L: +3.10%
2026-02-11 13:01:02,481 - INFO - ✓ Using first available quote: NSE_FO:NIFTY2621725950PE
2026-02-11 13:01:02,484 - INFO -   Price: ₹120.65 | SL: ₹104.58 | P&L: +3.83%
2026-02-11 13:01:05,507 - INFO - ✓ Using first available quote: NSE_FO:NIFTY2621725950PE
2026-02-11 13:01:05,511 - INFO -   Price: ₹119.35 | SL: ₹104.58 | P&L: +2.71%
2026-02-11 13:01:08,396 - INFO - ✓ Using first available quote: NSE_FO:NIFTY2621725950PE
2026-02-11 13:01:08,399 - INFO -   Price: ₹120.35 | SL: ₹104.58 | P&L: +3.57%
2026-02-11 13:01:11,098 - INFO - ✓ Using first available quote: NSE_FO:NIFTY2621725950PE
2026-02-11 13:01:11,101 - INFO -   Price: ₹120.35 | SL: ₹104.58 | P&L: +3.57%
2026-02-11 13:01:13,941 - INFO - ✓ Using first available quote: NSE_FO:NIFTY2621725950PE
2026-02-11 13:01:13,945 - INFO -   Price: ₹120.95 | SL: ₹104.58 | P&L: +4.09%
2026-02-11 13:01:16,701 - INFO - ✓ Using first available quote: NSE_FO:NIFTY2621725950PE
2026-02-11 13:01:16,705 - INFO - ⚡ TRAILING SL UPDATED: ₹104.58 -> ₹116.20 (Max: ₹122.50)
2026-02-11 13:01:16,706 - INFO -   Price: ₹122.50 | SL: ₹116.20 | P&L: +5.42%
2026-02-11 13:01:19,428 - INFO - ✓ Using first available quote: NSE_FO:NIFTY2621725950PE
2026-02-11 13:01:19,431 - INFO -   Price: ₹122.30 | SL: ₹116.20 | P&L: +5.25%
2026-02-11 13:01:22,369 - INFO - ✓ Using first available quote: NSE_FO:NIFTY2621725950PE
2026-02-11 13:01:22,372 - INFO -   Price: ₹122.50 | SL: ₹116.20 | P&L: +5.42%
2026-02-11 13:01:25,051 - INFO - ✓ Using first available quote: NSE_FO:NIFTY2621725950PE
2026-02-11 13:01:25,055 - INFO -   Price: ₹122.90 | SL: ₹116.20 | P&L: +5.77%
2026-02-11 13:01:27,857 - INFO - ✓ Using first available quote: NSE_FO:NIFTY2621725950PE
2026-02-11 13:01:27,860 - INFO -   Price: ₹123.25 | SL: ₹116.20 | P&L: +6.07%
2026-02-11 13:01:30,563 - INFO - ✓ Using first available quote: NSE_FO:NIFTY2621725950PE
2026-02-11 13:01:30,567 - INFO -   Price: ₹122.95 | SL: ₹116.20 | P&L: +5.81%
2026-02-11 13:01:33,277 - INFO - ✓ Using first available quote: NSE_FO:NIFTY2621725950PE
2026-02-11 13:01:33,281 - INFO -   Price: ₹122.30 | SL: ₹116.20 | P&L: +5.25%
2026-02-11 13:01:36,370 - INFO - ✓ Using first available quote: NSE_FO:NIFTY2621725950PE
2026-02-11 13:01:36,373 - INFO -   Price: ₹123.15 | SL: ₹116.20 | P&L: +5.98%
2026-02-11 13:01:39,229 - INFO - ✓ Using first available quote: NSE_FO:NIFTY2621725950PE
2026-02-11 13:01:39,232 - INFO -   Price: ₹123.75 | SL: ₹116.20 | P&L: +6.50%
2026-02-11 13:01:42,024 - INFO - ✓ Using first available quote: NSE_FO:NIFTY2621725950PE
2026-02-11 13:01:42,027 - INFO -   Price: ₹123.35 | SL: ₹116.20 | P&L: +6.15%
2026-02-11 13:01:46,275 - INFO - ✓ Using first available quote: NSE_FO:NIFTY2621725950PE
2026-02-11 13:01:46,279 - INFO -   Price: ₹123.25 | SL: ₹116.20 | P&L: +6.07%
2026-02-11 13:01:49,989 - INFO - ✓ Using first available quote: NSE_FO:NIFTY2621725950PE
2026-02-11 13:01:49,993 - INFO -   Price: ₹122.10 | SL: ₹116.20 | P&L: +5.08%
2026-02-11 13:01:54,267 - INFO - ✓ Using first available quote: NSE_FO:NIFTY2621725950PE
2026-02-11 13:01:54,271 - INFO -   Price: ₹122.70 | SL: ₹116.20 | P&L: +5.59%
2026-02-11 13:01:58,130 - INFO - ✓ Using first available quote: NSE_FO:NIFTY2621725950PE
2026-02-11 13:01:58,135 - INFO -   Price: ₹122.60 | SL: ₹116.20 | P&L: +5.51%
2026-02-11 13:02:01,684 - INFO - ✓ Using first available quote: NSE_FO:NIFTY2621725950PE
2026-02-11 13:02:01,688 - INFO -   Price: ₹121.90 | SL: ₹116.20 | P&L: +4.91%
2026-02-11 13:02:05,554 - INFO - ✓ Using first available quote: NSE_FO:NIFTY2621725950PE
2026-02-11 13:02:05,559 - INFO -   Price: ₹121.90 | SL: ₹116.20 | P&L: +4.91%
2026-02-11 13:02:09,492 - INFO - ✓ Using first available quote: NSE_FO:NIFTY2621725950PE
2026-02-11 13:02:09,497 - INFO -   Price: ₹121.85 | SL: ₹116.20 | P&L: +4.86%
2026-02-11 13:02:13,536 - INFO - ✓ Using first available quote: NSE_FO:NIFTY2621725950PE
2026-02-11 13:02:13,540 - INFO -   Price: ₹124.10 | SL: ₹116.20 | P&L: +6.80%
2026-02-11 13:02:17,424 - INFO - ✓ Using first available quote: NSE_FO:NIFTY2621725950PE
2026-02-11 13:02:17,430 - INFO -   Price: ₹124.25 | SL: ₹116.20 | P&L: +6.93%
2026-02-11 13:02:21,337 - INFO - ✓ Using first available quote: NSE_FO:NIFTY2621725950PE
2026-02-11 13:02:21,341 - INFO -   Price: ₹123.55 | SL: ₹116.20 | P&L: +6.33%
2026-02-11 13:02:25,303 - INFO - ✓ Using first available quote: NSE_FO:NIFTY2621725950PE
2026-02-11 13:02:25,307 - INFO -   Price: ₹124.30 | SL: ₹116.20 | P&L: +6.97%
2026-02-11 13:02:29,284 - INFO - ✓ Using first available quote: NSE_FO:NIFTY2621725950PE
2026-02-11 13:02:29,287 - INFO -   Price: ₹124.85 | SL: ₹116.20 | P&L: +7.44%
2026-02-11 13:02:32,961 - INFO - ✓ Using first available quote: NSE_FO:NIFTY2621725950PE
2026-02-11 13:02:32,964 - INFO -   Price: ₹124.00 | SL: ₹116.20 | P&L: +6.71%
2026-02-11 13:02:36,611 - INFO - ✓ Using first available quote: NSE_FO:NIFTY2621725950PE
2026-02-11 13:02:36,616 - INFO -   Price: ₹124.55 | SL: ₹116.20 | P&L: +7.19%
2026-02-11 13:02:40,811 - INFO - ✓ Using first available quote: NSE_FO:NIFTY2621725950PE
2026-02-11 13:02:40,816 - INFO -   Price: ₹123.55 | SL: ₹116.20 | P&L: +6.33%
2026-02-11 13:02:44,807 - INFO - ✓ Using first available quote: NSE_FO:NIFTY2621725950PE
2026-02-11 13:02:44,812 - INFO -   Price: ₹122.35 | SL: ₹116.20 | P&L: +5.29%
2026-02-11 13:02:48,713 - INFO - ✓ Using first available quote: NSE_FO:NIFTY2621725950PE
2026-02-11 13:02:48,717 - INFO -   Price: ₹122.55 | SL: ₹116.20 | P&L: +5.46%
2026-02-11 13:02:53,056 - INFO - ✓ Using first available quote: NSE_FO:NIFTY2621725950PE
2026-02-11 13:02:53,060 - INFO -   Price: ₹122.25 | SL: ₹116.20 | P&L: +5.21%
2026-02-11 13:02:56,736 - INFO - ✓ Using first available quote: NSE_FO:NIFTY2621725950PE
2026-02-11 13:02:56,740 - INFO -   Price: ₹123.30 | SL: ₹116.20 | P&L: +6.11%
2026-02-11 13:03:00,508 - INFO - ✓ Using first available quote: NSE_FO:NIFTY2621725950PE
2026-02-11 13:03:00,511 - INFO -   Price: ₹124.30 | SL: ₹116.20 | P&L: +6.97%
2026-02-11 13:03:04,214 - INFO - ✓ Using first available quote: NSE_FO:NIFTY2621725950PE
2026-02-11 13:03:04,218 - INFO -   Price: ₹124.15 | SL: ₹116.20 | P&L: +6.84%
2026-02-11 13:03:07,840 - INFO - ✓ Using first available quote: NSE_FO:NIFTY2621725950PE
2026-02-11 13:03:07,844 - INFO -   Price: ₹122.85 | SL: ₹116.20 | P&L: +5.72%
2026-02-11 13:03:11,522 - INFO - ✓ Using first available quote: NSE_FO:NIFTY2621725950PE
2026-02-11 13:03:11,528 - INFO -   Price: ₹123.95 | SL: ₹116.20 | P&L: +6.67%
2026-02-11 13:03:15,298 - INFO - ✓ Using first available quote: NSE_FO:NIFTY2621725950PE
2026-02-11 13:03:15,303 - INFO -   Price: ₹123.90 | SL: ₹116.20 | P&L: +6.63%
2026-02-11 13:03:19,122 - INFO - ✓ Using first available quote: NSE_FO:NIFTY2621725950PE
2026-02-11 13:03:19,126 - INFO -   Price: ₹123.85 | SL: ₹116.20 | P&L: +6.58%
2026-02-11 13:03:22,934 - INFO - ✓ Using first available quote: NSE_FO:NIFTY2621725950PE
2026-02-11 13:03:22,938 - INFO -   Price: ₹124.75 | SL: ₹116.20 | P&L: +7.36%
2026-02-11 13:03:26,839 - INFO - ✓ Using first available quote: NSE_FO:NIFTY2621725950PE
2026-02-11 13:03:26,844 - INFO -   Price: ₹125.00 | SL: ₹116.20 | P&L: +7.57%
2026-02-11 13:03:30,441 - INFO - ✓ Using first available quote: NSE_FO:NIFTY2621725950PE
2026-02-11 13:03:30,446 - INFO -   Price: ₹125.85 | SL: ₹116.20 | P&L: +8.30%
2026-02-11 13:03:34,079 - INFO - ✓ Using first available quote: NSE_FO:NIFTY2621725950PE
2026-02-11 13:03:34,082 - INFO -   Price: ₹125.30 | SL: ₹116.20 | P&L: +7.83%
2026-02-11 13:03:37,704 - INFO - ✓ Using first available quote: NSE_FO:NIFTY2621725950PE
2026-02-11 13:03:37,708 - INFO -   Price: ₹124.85 | SL: ₹116.20 | P&L: +7.44%
2026-02-11 13:03:42,502 - INFO - ✓ Using first available quote: NSE_FO:NIFTY2621725950PE
2026-02-11 13:03:42,507 - INFO -   Price: ₹123.85 | SL: ₹116.20 | P&L: +6.58%
2026-02-11 13:03:46,334 - INFO - ✓ Using first available quote: NSE_FO:NIFTY2621725950PE
2026-02-11 13:03:46,338 - INFO -   Price: ₹122.50 | SL: ₹116.20 | P&L: +5.42%
2026-02-11 13:03:49,942 - INFO - ✓ Using first available quote: NSE_FO:NIFTY2621725950PE
2026-02-11 13:03:49,946 - INFO -   Price: ₹121.05 | SL: ₹116.20 | P&L: +4.17%
2026-02-11 13:03:53,539 - INFO - ✓ Using first available quote: NSE_FO:NIFTY2621725950PE
2026-02-11 13:03:53,544 - INFO -   Price: ₹121.55 | SL: ₹116.20 | P&L: +4.60%
2026-02-11 13:03:57,376 - INFO - ✓ Using first available quote: NSE_FO:NIFTY2621725950PE
2026-02-11 13:03:57,380 - INFO -   Price: ₹122.65 | SL: ₹116.20 | P&L: +5.55%
2026-02-11 13:04:01,245 - INFO - ✓ Using first available quote: NSE_FO:NIFTY2621725950PE
2026-02-11 13:04:01,250 - INFO -   Price: ₹122.75 | SL: ₹116.20 | P&L: +5.64%
2026-02-11 13:04:04,919 - INFO - ✓ Using first available quote: NSE_FO:NIFTY2621725950PE
2026-02-11 13:04:04,923 - INFO -   Price: ₹121.60 | SL: ₹116.20 | P&L: +4.65%
2026-02-11 13:04:08,594 - INFO - ✓ Using first available quote: NSE_FO:NIFTY2621725950PE
2026-02-11 13:04:08,597 - INFO -   Price: ₹121.80 | SL: ₹116.20 | P&L: +4.82%
2026-02-11 13:04:12,237 - INFO - ✓ Using first available quote: NSE_FO:NIFTY2621725950PE
2026-02-11 13:04:12,242 - INFO -   Price: ₹122.80 | SL: ₹116.20 | P&L: +5.68%
2026-02-11 13:04:15,826 - INFO - ✓ Using first available quote: NSE_FO:NIFTY2621725950PE
2026-02-11 13:04:15,831 - INFO -   Price: ₹123.45 | SL: ₹116.20 | P&L: +6.24%
2026-02-11 13:04:19,442 - INFO - ✓ Using first available quote: NSE_FO:NIFTY2621725950PE
2026-02-11 13:04:19,446 - INFO -   Price: ₹123.55 | SL: ₹116.20 | P&L: +6.33%
2026-02-11 13:04:23,041 - INFO - ✓ Using first available quote: NSE_FO:NIFTY2621725950PE
2026-02-11 13:04:23,045 - INFO -   Price: ₹123.80 | SL: ₹116.20 | P&L: +6.54%
2026-02-11 13:04:26,633 - INFO - ✓ Using first available quote: NSE_FO:NIFTY2621725950PE
2026-02-11 13:04:26,637 - INFO -   Price: ₹123.80 | SL: ₹116.20 | P&L: +6.54%
2026-02-11 13:04:30,316 - INFO - ✓ Using first available quote: NSE_FO:NIFTY2621725950PE
2026-02-11 13:04:30,320 - INFO -   Price: ₹123.50 | SL: ₹116.20 | P&L: +6.28%
2026-02-11 13:04:34,122 - INFO - ✓ Using first available quote: NSE_FO:NIFTY2621725950PE
2026-02-11 13:04:34,126 - INFO -   Price: ₹123.55 | SL: ₹116.20 | P&L: +6.33%
2026-02-11 13:04:37,961 - INFO - ✓ Using first available quote: NSE_FO:NIFTY2621725950PE
2026-02-11 13:04:37,966 - INFO -   Price: ₹122.75 | SL: ₹116.20 | P&L: +5.64%
2026-02-11 13:04:41,673 - INFO - ✓ Using first available quote: NSE_FO:NIFTY2621725950PE
2026-02-11 13:04:41,677 - INFO -   Price: ₹123.40 | SL: ₹116.20 | P&L: +6.20%
2026-02-11 13:04:45,295 - INFO - ✓ Using first available quote: NSE_FO:NIFTY2621725950PE
2026-02-11 13:04:45,300 - INFO -   Price: ₹122.90 | SL: ₹116.20 | P&L: +5.77%
2026-02-11 13:04:48,885 - INFO - ✓ Using first available quote: NSE_FO:NIFTY2621725950PE
2026-02-11 13:04:48,888 - INFO -   Price: ₹122.95 | SL: ₹116.20 | P&L: +5.81%
2026-02-11 13:04:52,469 - INFO - ✓ Using first available quote: NSE_FO:NIFTY2621725950PE
2026-02-11 13:04:52,474 - INFO -   Price: ₹122.45 | SL: ₹116.20 | P&L: +5.38%
2026-02-11 13:04:56,192 - INFO - ✓ Using first available quote: NSE_FO:NIFTY2621725950PE
2026-02-11 13:04:56,196 - INFO -   Price: ₹123.55 | SL: ₹116.20 | P&L: +6.33%
2026-02-11 13:04:59,027 - INFO - ✓ Using first available quote: NSE_FO:NIFTY2621725950PE
2026-02-11 13:04:59,028 - INFO -   Price: ₹123.30 | SL: ₹116.20 | P&L: +6.11%
2026-02-11 13:05:01,582 - INFO - ✓ Using first available quote: NSE_FO:NIFTY2621725950PE
2026-02-11 13:05:01,584 - INFO -   Price: ₹123.60 | SL: ₹116.20 | P&L: +6.37%
2026-02-11 13:05:05,188 - INFO - ✓ Using first available quote: NSE_FO:NIFTY2621725950PE
2026-02-11 13:05:05,192 - INFO -   Price: ₹122.80 | SL: ₹116.20 | P&L: +5.68%
2026-02-11 13:05:09,227 - INFO - ✓ Using first available quote: NSE_FO:NIFTY2621725950PE
2026-02-11 13:05:09,231 - INFO -   Price: ₹122.30 | SL: ₹116.20 | P&L: +5.25%
2026-02-11 13:05:13,197 - INFO - ✓ Using first available quote: NSE_FO:NIFTY2621725950PE
2026-02-11 13:05:13,199 - INFO -   Price: ₹121.80 | SL: ₹116.20 | P&L: +4.82%
2026-02-11 13:05:15,881 - INFO - ✓ Using first available quote: NSE_FO:NIFTY2621725950PE
2026-02-11 13:05:15,884 - INFO -   Price: ₹121.90 | SL: ₹116.20 | P&L: +4.91%
2026-02-11 13:05:18,642 - INFO - ✓ Using first available quote: NSE_FO:NIFTY2621725950PE
2026-02-11 13:05:18,645 - INFO -   Price: ₹121.60 | SL: ₹116.20 | P&L: +4.65%
2026-02-11 13:05:21,437 - INFO - ✓ Using first available quote: NSE_FO:NIFTY2621725950PE
2026-02-11 13:05:21,439 - INFO -   Price: ₹121.65 | SL: ₹116.20 | P&L: +4.69%
2026-02-11 13:05:24,406 - INFO - ✓ Using first available quote: NSE_FO:NIFTY2621725950PE
2026-02-11 13:05:24,409 - INFO -   Price: ₹121.40 | SL: ₹116.20 | P&L: +4.48%
2026-02-11 13:05:27,215 - INFO - ✓ Using first available quote: NSE_FO:NIFTY2621725950PE
2026-02-11 13:05:27,219 - INFO -   Price: ₹121.40 | SL: ₹116.20 | P&L: +4.48%
2026-02-11 13:05:29,987 - INFO - ✓ Using first available quote: NSE_FO:NIFTY2621725950PE
2026-02-11 13:05:29,991 - INFO -   Price: ₹121.10 | SL: ₹116.20 | P&L: +4.22%
2026-02-11 13:05:32,736 - INFO - ✓ Using first available quote: NSE_FO:NIFTY2621725950PE
2026-02-11 13:05:32,741 - INFO -   Price: ₹121.35 | SL: ₹116.20 | P&L: +4.43%
2026-02-11 13:05:36,606 - INFO - ✓ Using first available quote: NSE_FO:NIFTY2621725950PE
2026-02-11 13:05:36,609 - INFO -   Price: ₹121.35 | SL: ₹116.20 | P&L: +4.43%
2026-02-11 13:05:40,317 - INFO - ✓ Using first available quote: NSE_FO:NIFTY2621725950PE
2026-02-11 13:05:40,321 - INFO -   Price: ₹122.75 | SL: ₹116.20 | P&L: +5.64%
2026-02-11 13:05:44,199 - INFO - ✓ Using first available quote: NSE_FO:NIFTY2621725950PE
2026-02-11 13:05:44,202 - INFO -   Price: ₹122.30 | SL: ₹116.20 | P&L: +5.25%
2026-02-11 13:05:47,913 - INFO - ✓ Using first available quote: NSE_FO:NIFTY2621725950PE
2026-02-11 13:05:47,917 - INFO -   Price: ₹121.90 | SL: ₹116.20 | P&L: +4.91%
2026-02-11 13:05:51,619 - INFO - ✓ Using first available quote: NSE_FO:NIFTY2621725950PE
2026-02-11 13:05:51,624 - INFO -   Price: ₹122.50 | SL: ₹116.20 | P&L: +5.42%
2026-02-11 13:05:55,355 - INFO - ✓ Using first available quote: NSE_FO:NIFTY2621725950PE
2026-02-11 13:05:55,360 - INFO -   Price: ₹121.60 | SL: ₹116.20 | P&L: +4.65%
2026-02-11 13:05:59,079 - INFO - ✓ Using first available quote: NSE_FO:NIFTY2621725950PE
2026-02-11 13:05:59,083 - INFO -   Price: ₹122.00 | SL: ₹116.20 | P&L: +4.99%
2026-02-11 13:06:03,121 - INFO - ✓ Using first available quote: NSE_FO:NIFTY2621725950PE
2026-02-11 13:06:03,126 - INFO -   Price: ₹121.85 | SL: ₹116.20 | P&L: +4.86%
2026-02-11 13:06:06,848 - INFO - ✓ Using first available quote: NSE_FO:NIFTY2621725950PE
2026-02-11 13:06:06,853 - INFO -   Price: ₹121.30 | SL: ₹116.20 | P&L: +4.39%
2026-02-11 13:06:10,606 - INFO - ✓ Using first available quote: NSE_FO:NIFTY2621725950PE
2026-02-11 13:06:10,611 - INFO -   Price: ₹121.60 | SL: ₹116.20 | P&L: +4.65%
2026-02-11 13:06:14,749 - INFO - ✓ Using first available quote: NSE_FO:NIFTY2621725950PE
2026-02-11 13:06:14,753 - INFO -   Price: ₹121.95 | SL: ₹116.20 | P&L: +4.95%
2026-02-11 13:06:18,487 - INFO - ✓ Using first available quote: NSE_FO:NIFTY2621725950PE
2026-02-11 13:06:18,490 - INFO -   Price: ₹121.15 | SL: ₹116.20 | P&L: +4.26%
2026-02-11 13:06:22,332 - INFO - ✓ Using first available quote: NSE_FO:NIFTY2621725950PE
2026-02-11 13:06:22,337 - INFO -   Price: ₹119.40 | SL: ₹116.20 | P&L: +2.75%
2026-02-11 13:06:26,131 - INFO - ✓ Using first available quote: NSE_FO:NIFTY2621725950PE
2026-02-11 13:06:26,135 - INFO -   Price: ₹119.50 | SL: ₹116.20 | P&L: +2.84%
2026-02-11 13:06:29,825 - INFO - ✓ Using first available quote: NSE_FO:NIFTY2621725950PE
2026-02-11 13:06:29,830 - INFO -   Price: ₹119.40 | SL: ₹116.20 | P&L: +2.75%
2026-02-11 13:06:33,712 - INFO - ✓ Using first available quote: NSE_FO:NIFTY2621725950PE
2026-02-11 13:06:33,715 - INFO -   Price: ₹118.80 | SL: ₹116.20 | P&L: +2.24%
2026-02-11 13:06:37,530 - INFO - ✓ Using first available quote: NSE_FO:NIFTY2621725950PE
2026-02-11 13:06:37,534 - INFO -   Price: ₹119.30 | SL: ₹116.20 | P&L: +2.67%
2026-02-11 13:06:41,162 - INFO - ✓ Using first available quote: NSE_FO:NIFTY2621725950PE
2026-02-11 13:06:41,167 - INFO -   Price: ₹118.65 | SL: ₹116.20 | P&L: +2.11%
2026-02-11 13:06:44,913 - INFO - ✓ Using first available quote: NSE_FO:NIFTY2621725950PE
2026-02-11 13:06:44,917 - INFO -   Price: ₹117.40 | SL: ₹116.20 | P&L: +1.03%
2026-02-11 13:06:48,547 - INFO - ✓ Using first available quote: NSE_FO:NIFTY2621725950PE
2026-02-11 13:06:48,551 - INFO -   Price: ₹116.80 | SL: ₹116.20 | P&L: +0.52%
2026-02-11 13:06:52,209 - INFO - ✓ Using first available quote: NSE_FO:NIFTY2621725950PE
2026-02-11 13:06:52,213 - INFO -   Price: ₹117.90 | SL: ₹116.20 | P&L: +1.46%
2026-02-11 13:06:55,963 - INFO - ✓ Using first available quote: NSE_FO:NIFTY2621725950PE
2026-02-11 13:06:55,967 - INFO -   Price: ₹117.00 | SL: ₹116.20 | P&L: +0.69%
2026-02-11 13:06:59,876 - INFO - ✓ Using first available quote: NSE_FO:NIFTY2621725950PE
2026-02-11 13:06:59,881 - INFO -   Price: ₹117.15 | SL: ₹116.20 | P&L: +0.82%
2026-02-11 13:07:03,824 - INFO - ✓ Using first available quote: NSE_FO:NIFTY2621725950PE
2026-02-11 13:07:03,829 - INFO -   Price: ₹116.85 | SL: ₹116.20 | P&L: +0.56%
2026-02-11 13:07:07,641 - INFO - ✓ Using first available quote: NSE_FO:NIFTY2621725950PE
2026-02-11 13:07:07,645 - INFO -   Price: ₹115.95 | SL: ₹116.20 | P&L: -0.22%
2026-02-11 13:07:07,645 - WARNING - 🛑 STOP LOSS HIT at ₹115.95
2026-02-11 13:07:09,417 - INFO - ✓ Using first available quote: NSE_FO:NIFTY2621725950PE
2026-02-11 13:07:09,422 - INFO - 
======================================================================
2026-02-11 13:07:09,422 - INFO - 🚪 POSITION EXIT
2026-02-11 13:07:09,423 - INFO - ======================================================================
2026-02-11 13:07:09,423 - INFO - Exit Reason: STOP_LOSS
2026-02-11 13:07:09,423 - INFO - Entry:       ₹116.20
2026-02-11 13:07:09,423 - INFO - Exit:        ₹116.10
2026-02-11 13:07:09,424 - INFO - P&L:         ₹-0.10 (-0.09%)
2026-02-11 13:07:09,424 - INFO - Duration:    8.1 minutes
2026-02-11 13:07:09,424 - INFO - ======================================================================

2026-02-11 13:07:09,426 - INFO - 📝 Trade logged to trades/trades.csv
2026-02-11 13:07:11,628 - INFO - 💰 CUMULATIVE DAILY P&L: ₹-0.10
2026-02-11 13:07:11,628 - INFO - 🔄 Stop Loss Hit - Resuming monitoring for re-entry...
2026-02-11 13:07:11,629 - INFO - Trade completed. Waiting for market close...
2026-02-11 13:07:15,393 - INFO - ⏳ Price: 25926.00 | Range: 25942.45-26009.40
2026-02-11 13:07:23,173 - INFO - ⏳ Price: 25924.85 | Range: 25942.45-26009.40
2026-02-11 13:07:31,146 - INFO - ⏳ Price: 25925.25 | Range: 25942.45-26009.40
2026-02-11 13:07:38,748 - INFO - ⏳ Price: 25925.00 | Range: 25942.45-26009.40
2026-02-11 13:07:46,391 - INFO - ⏳ Price: 25927.85 | Range: 25942.45-26009.40
2026-02-11 13:07:54,043 - INFO - ⏳ Price: 25927.95 | Range: 25942.45-26009.40
2026-02-11 13:08:02,074 - INFO - ⏳ Price: 25928.20 | Range: 25942.45-26009.40
2026-02-11 13:08:09,681 - INFO - ⏳ Price: 25928.10 | Range: 25942.45-26009.40
2026-02-11 13:08:17,300 - INFO - ⏳ Price: 25929.00 | Range: 25942.45-26009.40
2026-02-11 13:08:24,935 - INFO - ⏳ Price: 25929.00 | Range: 25942.45-26009.40
2026-02-11 13:08:32,554 - INFO - ⏳ Price: 25925.25 | Range: 25942.45-26009.40
2026-02-11 13:08:40,381 - INFO - ⏳ Price: 25925.10 | Range: 25942.45-26009.40
2026-02-11 13:08:47,997 - INFO - ⏳ Price: 25925.55 | Range: 25942.45-26009.40
2026-02-11 13:08:55,624 - INFO - ⏳ Price: 25925.60 | Range: 25942.45-26009.40
2026-02-11 13:09:03,332 - INFO - ⏳ Price: 25924.10 | Range: 25942.45-26009.40
2026-02-11 13:09:11,164 - INFO - ⏳ Price: 25925.25 | Range: 25942.45-26009.40
2026-02-11 13:09:18,741 - INFO - ⏳ Price: 25924.40 | Range: 25942.45-26009.40
2026-02-11 13:09:26,326 - INFO - ⏳ Price: 25923.50 | Range: 25942.45-26009.40
2026-02-11 13:09:33,951 - INFO - ⏳ Price: 25924.45 | Range: 25942.45-26009.40
2026-02-11 13:09:41,639 - INFO - ⏳ Price: 25924.40 | Range: 25942.45-26009.40
2026-02-11 13:09:49,517 - INFO - ⏳ Price: 25924.65 | Range: 25942.45-26009.40
2026-02-11 13:09:57,111 - INFO - ⏳ Price: 25925.20 | Range: 25942.45-26009.40
2026-02-11 13:10:04,715 - INFO - ⏳ Price: 25923.85 | Range: 25942.45-26009.40
2026-02-11 13:10:12,347 - INFO - ⏳ Price: 25926.15 | Range: 25942.45-26009.40
2026-02-11 13:10:19,984 - INFO - ⏳ Price: 25924.50 | Range: 25942.45-26009.40
2026-02-11 13:10:27,715 - INFO - ⏳ Price: 25924.40 | Range: 25942.45-26009.40
2026-02-11 13:10:35,309 - INFO - ⏳ Price: 25925.50 | Range: 25942.45-26009.40
2026-02-11 13:10:42,887 - INFO - ⏳ Price: 25924.60 | Range: 25942.45-26009.40
2026-02-11 13:10:50,504 - INFO - ⏳ Price: 25926.15 | Range: 25942.45-26009.40
2026-02-11 13:10:58,210 - INFO - ⏳ Price: 25926.35 | Range: 25942.45-26009.40
2026-02-11 13:11:06,063 - INFO - ⏳ Price: 25927.45 | Range: 25942.45-26009.40
2026-02-11 13:11:13,661 - INFO - ⏳ Price: 25924.45 | Range: 25942.45-26009.40
2026-02-11 13:11:21,289 - INFO - ⏳ Price: 25924.90 | Range: 25942.45-26009.40
2026-02-11 13:11:29,157 - INFO - ⏳ Price: 25923.95 | Range: 25942.45-26009.40
2026-02-11 13:11:36,737 - INFO - ⏳ Price: 25922.65 | Range: 25942.45-26009.40
2026-02-11 13:11:44,370 - INFO - ⏳ Price: 25924.30 | Range: 25942.45-26009.40
2026-02-11 13:11:52,221 - INFO - ⏳ Price: 25922.65 | Range: 25942.45-26009.40
2026-02-11 13:11:59,812 - INFO - ⏳ Price: 25923.95 | Range: 25942.45-26009.40
2026-02-11 13:12:07,399 - INFO - ⏳ Price: 25923.55 | Range: 25942.45-26009.40
2026-02-11 13:12:15,091 - INFO - ⏳ Price: 25926.30 | Range: 25942.45-26009.40
2026-02-11 13:12:22,770 - INFO - ⏳ Price: 25925.90 | Range: 25942.45-26009.40
2026-02-11 13:12:30,763 - INFO - ⏳ Price: 25927.00 | Range: 25942.45-26009.40
2026-02-11 13:12:38,324 - INFO - ⏳ Price: 25926.55 | Range: 25942.45-26009.40
2026-02-11 13:12:45,980 - INFO - ⏳ Price: 25927.65 | Range: 25942.45-26009.40
2026-02-11 13:12:53,578 - INFO - ⏳ Price: 25927.60 | Range: 25942.45-26009.40
2026-02-11 13:13:01,175 - INFO - ⏳ Price: 25930.05 | Range: 25942.45-26009.40
2026-02-11 13:13:08,864 - INFO - ⏳ Price: 25928.25 | Range: 25942.45-26009.40
2026-02-11 13:13:16,437 - INFO - ⏳ Price: 25930.60 | Range: 25942.45-26009.40
2026-02-11 13:13:24,024 - INFO - ⏳ Price: 25929.15 | Range: 25942.45-26009.40
2026-02-11 13:13:31,640 - INFO - ⏳ Price: 25928.25 | Range: 25942.45-26009.40
2026-02-11 13:13:39,691 - INFO - ⏳ Price: 25925.80 | Range: 25942.45-26009.40
2026-02-11 13:13:47,391 - INFO - ⏳ Price: 25925.35 | Range: 25942.45-26009.40
2026-02-11 13:13:54,949 - INFO - ⏳ Price: 25924.25 | Range: 25942.45-26009.40
2026-02-11 13:14:02,595 - INFO - ⏳ Price: 25924.20 | Range: 25942.45-26009.40
2026-02-11 13:14:10,307 - INFO - ⏳ Price: 25922.05 | Range: 25942.45-26009.40
2026-02-11 13:14:18,155 - INFO - ⏳ Price: 25920.15 | Range: 25942.45-26009.40
2026-02-11 13:14:25,911 - INFO - ⏳ Price: 25918.95 | Range: 25942.45-26009.40
2026-02-11 13:14:33,560 - INFO - ⏳ Price: 25922.40 | Range: 25942.45-26009.40
2026-02-11 13:14:41,186 - INFO - ⏳ Price: 25922.45 | Range: 25942.45-26009.40
2026-02-11 13:14:48,850 - INFO - ⏳ Price: 25922.45 | Range: 25942.45-26009.40
2026-02-11 13:14:57,783 - INFO - ⏳ Price: 25922.30 | Range: 25942.45-26009.40
2026-02-11 13:15:05,478 - INFO - ⏳ Price: 25923.25 | Range: 25942.45-26009.40
2026-02-11 13:15:13,098 - INFO - ⏳ Price: 25925.60 | Range: 25942.45-26009.40
2026-02-11 13:15:20,707 - INFO - ⏳ Price: 25927.40 | Range: 25942.45-26009.40
2026-02-11 13:15:28,335 - INFO - ⏳ Price: 25927.25 | Range: 25942.45-26009.40
2026-02-11 13:15:36,156 - INFO - ⏳ Price: 25926.15 | Range: 25942.45-26009.40
2026-02-11 13:15:43,861 - INFO - ⏳ Price: 25926.70 | Range: 25942.45-26009.40
2026-02-11 13:15:51,464 - INFO - ⏳ Price: 25926.75 | Range: 25942.45-26009.40
2026-02-11 13:15:59,089 - INFO - ⏳ Price: 25928.25 | Range: 25942.45-26009.40
2026-02-11 13:16:06,701 - INFO - ⏳ Price: 25927.35 | Range: 25942.45-26009.40
2026-02-11 13:16:14,610 - INFO - ⏳ Price: 25923.50 | Range: 25942.45-26009.40
2026-02-11 13:16:22,180 - INFO - ⏳ Price: 25922.30 | Range: 25942.45-26009.40
2026-02-11 13:16:29,781 - INFO - ⏳ Price: 25921.55 | Range: 25942.45-26009.40
2026-02-11 13:16:37,393 - INFO - ⏳ Price: 25922.40 | Range: 25942.45-26009.40
2026-02-11 13:16:45,272 - INFO - ⏳ Price: 25922.20 | Range: 25942.45-26009.40
2026-02-11 13:16:52,884 - INFO - ⏳ Price: 25921.25 | Range: 25942.45-26009.40
2026-02-11 13:17:00,514 - INFO - ⏳ Price: 25922.80 | Range: 25942.45-26009.40
2026-02-11 13:17:08,082 - INFO - ⏳ Price: 25923.80 | Range: 25942.45-26009.40
2026-02-11 13:17:15,745 - INFO - ⏳ Price: 25925.30 | Range: 25942.45-26009.40
2026-02-11 13:17:23,613 - INFO - ⏳ Price: 25921.80 | Range: 25942.45-26009.40
2026-02-11 13:17:31,276 - INFO - ⏳ Price: 25923.70 | Range: 25942.45-26009.40
2026-02-11 13:17:38,858 - INFO - ⏳ Price: 25923.85 | Range: 25942.45-26009.40
2026-02-11 13:17:46,438 - INFO - ⏳ Price: 25923.85 | Range: 25942.45-26009.40
2026-02-11 13:17:54,060 - INFO - ⏳ Price: 25924.30 | Range: 25942.45-26009.40
2026-02-11 13:18:01,843 - INFO - ⏳ Price: 25926.70 | Range: 25942.45-26009.40
2026-02-11 13:18:09,454 - INFO - ⏳ Price: 25926.65 | Range: 25942.45-26009.40
2026-02-11 13:18:17,087 - INFO - ⏳ Price: 25925.25 | Range: 25942.45-26009.40
2026-02-11 13:18:24,701 - INFO - ⏳ Price: 25923.80 | Range: 25942.45-26009.40
2026-02-11 13:18:32,509 - INFO - ⏳ Price: 25924.85 | Range: 25942.45-26009.40
2026-02-11 13:18:40,151 - INFO - ⏳ Price: 25923.30 | Range: 25942.45-26009.40
2026-02-11 13:18:47,915 - INFO - ⏳ Price: 25923.30 | Range: 25942.45-26009.40
2026-02-11 13:18:55,491 - INFO - ⏳ Price: 25925.30 | Range: 25942.45-26009.40
2026-02-11 13:19:03,207 - INFO - ⏳ Price: 25927.40 | Range: 25942.45-26009.40
2026-02-11 13:19:11,018 - INFO - ⏳ Price: 25926.30 | Range: 25942.45-26009.40
2026-02-11 13:19:18,581 - INFO - ⏳ Price: 25928.55 | Range: 25942.45-26009.40
2026-02-11 13:19:26,213 - INFO - ⏳ Price: 25928.60 | Range: 25942.45-26009.40
2026-02-11 13:19:33,937 - INFO - ⏳ Price: 25927.70 | Range: 25942.45-26009.40
2026-02-11 13:19:41,512 - INFO - ⏳ Price: 25927.80 | Range: 25942.45-26009.40
2026-02-11 13:19:49,321 - INFO - ⏳ Price: 25929.15 | Range: 25942.45-26009.40
2026-02-11 13:19:56,897 - INFO - ⏳ Price: 25929.35 | Range: 25942.45-26009.40
2026-02-11 13:20:04,685 - INFO - ⏳ Price: 25930.50 | Range: 25942.45-26009.40
2026-02-11 13:20:12,276 - INFO - ⏳ Price: 25930.45 | Range: 25942.45-26009.40
2026-02-11 13:20:19,995 - INFO - ⏳ Price: 25930.50 | Range: 25942.45-26009.40
2026-02-11 13:20:27,808 - INFO - ⏳ Price: 25932.90 | Range: 25942.45-26009.40
2026-02-11 13:20:35,404 - INFO - ⏳ Price: 25936.35 | Range: 25942.45-26009.40
2026-02-11 13:20:43,020 - INFO - ⏳ Price: 25935.70 | Range: 25942.45-26009.40
2026-02-11 13:20:50,698 - INFO - ⏳ Price: 25936.65 | Range: 25942.45-26009.40
2026-02-11 13:20:58,539 - INFO - ⏳ Price: 25935.70 | Range: 25942.45-26009.40
2026-02-11 13:21:06,121 - INFO - ⏳ Price: 25936.80 | Range: 25942.45-26009.40
2026-02-11 13:21:13,774 - INFO - ⏳ Price: 25936.95 | Range: 25942.45-26009.40
2026-02-11 13:21:21,426 - INFO - ⏳ Price: 25938.00 | Range: 25942.45-26009.40
2026-02-11 13:21:28,987 - INFO - ⏳ Price: 25937.25 | Range: 25942.45-26009.40
2026-02-11 13:21:36,585 - INFO - ⏳ Price: 25936.75 | Range: 25942.45-26009.40
2026-02-11 13:21:44,166 - INFO - ⏳ Price: 25935.80 | Range: 25942.45-26009.40
2026-02-11 13:21:51,960 - INFO - ⏳ Price: 25936.50 | Range: 25942.45-26009.40
2026-02-11 13:21:59,621 - INFO - ⏳ Price: 25937.55 | Range: 25942.45-26009.40
2026-02-11 13:22:07,276 - INFO - ⏳ Price: 25936.70 | Range: 25942.45-26009.40
2026-02-11 13:22:14,869 - INFO - ⏳ Price: 25937.20 | Range: 25942.45-26009.40
2026-02-11 13:22:22,504 - INFO - ⏳ Price: 25935.95 | Range: 25942.45-26009.40
2026-02-11 13:22:30,254 - INFO - ⏳ Price: 25936.65 | Range: 25942.45-26009.40
2026-02-11 13:22:37,870 - INFO - ⏳ Price: 25932.70 | Range: 25942.45-26009.40
2026-02-11 13:22:45,490 - INFO - ⏳ Price: 25934.05 | Range: 25942.45-26009.40
2026-02-11 13:22:53,111 - INFO - ⏳ Price: 25933.65 | Range: 25942.45-26009.40
2026-02-11 13:23:00,722 - INFO - ⏳ Price: 25934.65 | Range: 25942.45-26009.40
2026-02-11 13:23:08,486 - INFO - ⏳ Price: 25934.80 | Range: 25942.45-26009.40
2026-02-11 13:23:16,111 - INFO - ⏳ Price: 25931.95 | Range: 25942.45-26009.40
2026-02-11 13:23:23,751 - INFO - ⏳ Price: 25930.45 | Range: 25942.45-26009.40
2026-02-11 13:23:31,389 - INFO - ⏳ Price: 25930.70 | Range: 25942.45-26009.40
2026-02-11 13:23:39,072 - INFO - ⏳ Price: 25931.00 | Range: 25942.45-26009.40
2026-02-11 13:23:47,121 - INFO - ⏳ Price: 25930.20 | Range: 25942.45-26009.40
2026-02-11 13:23:54,804 - INFO - ⏳ Price: 25930.40 | Range: 25942.45-26009.40
2026-02-11 13:24:02,440 - INFO - ⏳ Price: 25926.40 | Range: 25942.45-26009.40
2026-02-11 13:24:10,099 - INFO - ⏳ Price: 25925.50 | Range: 25942.45-26009.40
2026-02-11 13:24:17,924 - INFO - ⏳ Price: 25924.25 | Range: 25942.45-26009.40
2026-02-11 13:24:25,525 - INFO - ⏳ Price: 25924.75 | Range: 25942.45-26009.40
2026-02-11 13:24:33,219 - INFO - ⏳ Price: 25926.10 | Range: 25942.45-26009.40
2026-02-11 13:24:40,802 - INFO - ⏳ Price: 25927.10 | Range: 25942.45-26009.40
2026-02-11 13:24:48,402 - INFO - ⏳ Price: 25928.30 | Range: 25942.45-26009.40
2026-02-11 13:24:56,187 - INFO - ⏳ Price: 25929.35 | Range: 25942.45-26009.40
2026-02-11 13:25:03,852 - INFO - ⏳ Price: 25932.05 | Range: 25942.45-26009.40
2026-02-11 13:25:11,464 - INFO - ⏳ Price: 25933.10 | Range: 25942.45-26009.40
2026-02-11 13:25:19,041 - INFO - ⏳ Price: 25934.25 | Range: 25942.45-26009.40
2026-02-11 13:25:26,741 - INFO - ⏳ Price: 25934.10 | Range: 25942.45-26009.40
2026-02-11 13:25:34,581 - INFO - ⏳ Price: 25936.15 | Range: 25942.45-26009.40
2026-02-11 13:25:42,184 - INFO - ⏳ Price: 25935.95 | Range: 25942.45-26009.40
2026-02-11 13:25:49,794 - INFO - ⏳ Price: 25935.90 | Range: 25942.45-26009.40
2026-02-11 13:25:57,450 - INFO - ⏳ Price: 25934.45 | Range: 25942.45-26009.40
2026-02-11 13:26:05,242 - INFO - ⏳ Price: 25934.60 | Range: 25942.45-26009.40
2026-02-11 13:26:12,883 - INFO - ⏳ Price: 25934.65 | Range: 25942.45-26009.40
2026-02-11 13:26:20,485 - INFO - ⏳ Price: 25935.05 | Range: 25942.45-26009.40
2026-02-11 13:26:28,065 - INFO - ⏳ Price: 25934.20 | Range: 25942.45-26009.40
2026-02-11 13:26:35,685 - INFO - ⏳ Price: 25935.45 | Range: 25942.45-26009.40
2026-02-11 13:26:43,371 - INFO - ⏳ Price: 25934.70 | Range: 25942.45-26009.40
2026-02-11 13:26:50,942 - INFO - ⏳ Price: 25933.95 | Range: 25942.45-26009.40
2026-02-11 13:26:58,516 - INFO - ⏳ Price: 25934.65 | Range: 25942.45-26009.40
2026-02-11 13:27:06,126 - INFO - ⏳ Price: 25935.30 | Range: 25942.45-26009.40
2026-02-11 13:27:13,815 - INFO - ⏳ Price: 25935.75 | Range: 25942.45-26009.40
2026-02-11 13:27:21,707 - INFO - ⏳ Price: 25937.05 | Range: 25942.45-26009.40
2026-02-11 13:27:29,293 - INFO - ⏳ Price: 25936.40 | Range: 25942.45-26009.40
2026-02-11 13:27:36,973 - INFO - ⏳ Price: 25939.15 | Range: 25942.45-26009.40
2026-02-11 13:27:44,549 - INFO - ⏳ Price: 25938.70 | Range: 25942.45-26009.40
2026-02-11 13:27:52,422 - INFO - ⏳ Price: 25939.00 | Range: 25942.45-26009.40
2026-02-11 13:28:00,016 - INFO - ⏳ Price: 25938.45 | Range: 25942.45-26009.40
2026-02-11 13:28:07,656 - INFO - ⏳ Price: 25938.00 | Range: 25942.45-26009.40
2026-02-11 13:28:15,272 - INFO - ⏳ Price: 25940.80 | Range: 25942.45-26009.40
2026-02-11 13:28:22,897 - INFO - ⏳ Price: 25940.30 | Range: 25942.45-26009.40
2026-02-11 13:28:30,756 - INFO - Values returned to ORB Range - Signal RE-ARMED ⚠️
2026-02-11 13:28:30,756 - INFO - ⏳ Price: 25942.60 | Range: 25942.45-26009.40
2026-02-11 13:28:38,453 - INFO - 📉 BEARISH BREAKOUT CONFIRMED (Price: 25940.8 < ORB Low: 25942.45)
2026-02-11 13:28:38,454 - INFO - ✅ PE 25950 -> NIFTY 25950 PE 17 FEB 26
2026-02-11 13:28:40,097 - INFO - ✓ Using first available quote: NSE_FO:NIFTY2621725950PE
2026-02-11 13:28:40,101 - INFO - 
======================================================================
2026-02-11 13:28:40,101 - INFO - 🎯 POSITION ENTRY
2026-02-11 13:28:40,102 - INFO - ======================================================================
2026-02-11 13:28:40,102 - INFO - Symbol:      NIFTY 25950 PE 17 FEB 26
2026-02-11 13:28:40,102 - INFO - Instrument:  NSE_FO|48235
2026-02-11 13:28:40,102 - INFO - Type:        PE (PUT)
2026-02-11 13:28:40,102 - INFO - Strike:      25950
2026-02-11 13:28:40,103 - INFO - Spot Price:  25940.8
2026-02-11 13:28:40,103 - INFO - Entry Price: ₹108.45
2026-02-11 13:28:40,103 - INFO - Target:      ₹128.45 (+20.00 pts)
2026-02-11 13:28:40,103 - INFO - Stop Loss:   ₹97.61 (-10.85 pts)
2026-02-11 13:28:40,103 - INFO - ℹ️  NOTE: Min Target Floor Applied (20 pts)
2026-02-11 13:28:40,103 - INFO - Exit Condition: TARGET 🎯 OR TRAILING SL 🛑
2026-02-11 13:28:40,104 - INFO - Quantity:    65 lots
2026-02-11 13:28:40,104 - INFO - Entry Time:  13:28:40
2026-02-11 13:28:40,104 - INFO - ======================================================================

2026-02-11 13:28:40,104 - INFO - 📝 PAPER TRADE - No real order placed
2026-02-11 13:28:49,832 - INFO - ✓ Using first available quote: NSE_FO:NIFTY2621725950PE
2026-02-11 13:28:49,836 - INFO -   Price: ₹107.95 | SL: ₹97.61 | P&L: -0.46%
2026-02-11 13:28:53,482 - INFO - ✓ Using first available quote: NSE_FO:NIFTY2621725950PE
2026-02-11 13:28:53,486 - INFO -   Price: ₹108.25 | SL: ₹97.61 | P&L: -0.18%
2026-02-11 13:28:57,117 - INFO - ✓ Using first available quote: NSE_FO:NIFTY2621725950PE
2026-02-11 13:28:57,121 - INFO -   Price: ₹108.10 | SL: ₹97.61 | P&L: -0.32%
2026-02-11 13:29:00,706 - INFO - ✓ Using first available quote: NSE_FO:NIFTY2621725950PE
2026-02-11 13:29:00,710 - INFO -   Price: ₹108.35 | SL: ₹97.61 | P&L: -0.09%
2026-02-11 13:29:04,471 - INFO - ✓ Using first available quote: NSE_FO:NIFTY2621725950PE
2026-02-11 13:29:04,475 - INFO -   Price: ₹107.95 | SL: ₹97.61 | P&L: -0.46%
2026-02-11 13:29:08,287 - INFO - ✓ Using first available quote: NSE_FO:NIFTY2621725950PE
2026-02-11 13:29:08,292 - INFO -   Price: ₹108.55 | SL: ₹97.61 | P&L: +0.09%
2026-02-11 13:29:11,888 - INFO - ✓ Using first available quote: NSE_FO:NIFTY2621725950PE
2026-02-11 13:29:11,892 - INFO -   Price: ₹108.00 | SL: ₹97.61 | P&L: -0.41%
2026-02-11 13:29:15,548 - INFO - ✓ Using first available quote: NSE_FO:NIFTY2621725950PE
2026-02-11 13:29:15,552 - INFO -   Price: ₹107.10 | SL: ₹97.61 | P&L: -1.24%
2026-02-11 13:29:19,212 - INFO - ✓ Using first available quote: NSE_FO:NIFTY2621725950PE
2026-02-11 13:29:19,217 - INFO -   Price: ₹107.10 | SL: ₹97.61 | P&L: -1.24%
2026-02-11 13:29:22,863 - INFO - ✓ Using first available quote: NSE_FO:NIFTY2621725950PE
2026-02-11 13:29:22,869 - INFO -   Price: ₹106.80 | SL: ₹97.61 | P&L: -1.52%
2026-02-11 13:29:26,520 - INFO - ✓ Using first available quote: NSE_FO:NIFTY2621725950PE
2026-02-11 13:29:26,524 - INFO -   Price: ₹107.50 | SL: ₹97.61 | P&L: -0.88%
2026-02-11 13:29:30,099 - INFO - ✓ Using first available quote: NSE_FO:NIFTY2621725950PE
2026-02-11 13:29:30,104 - INFO -   Price: ₹107.45 | SL: ₹97.61 | P&L: -0.92%
2026-02-11 13:29:33,718 - INFO - ✓ Using first available quote: NSE_FO:NIFTY2621725950PE
2026-02-11 13:29:33,724 - INFO -   Price: ₹107.70 | SL: ₹97.61 | P&L: -0.69%
2026-02-11 13:29:37,381 - INFO - ✓ Using first available quote: NSE_FO:NIFTY2621725950PE
2026-02-11 13:29:37,386 - INFO -   Price: ₹107.75 | SL: ₹97.61 | P&L: -0.65%
2026-02-11 13:29:41,182 - INFO - ✓ Using first available quote: NSE_FO:NIFTY2621725950PE
2026-02-11 13:29:41,187 - INFO -   Price: ₹107.80 | SL: ₹97.61 | P&L: -0.60%
2026-02-11 13:29:44,927 - INFO - ✓ Using first available quote: NSE_FO:NIFTY2621725950PE
2026-02-11 13:29:44,932 - INFO -   Price: ₹107.25 | SL: ₹97.61 | P&L: -1.11%
2026-02-11 13:29:48,495 - INFO - ✓ Using first available quote: NSE_FO:NIFTY2621725950PE
2026-02-11 13:29:48,499 - INFO -   Price: ₹107.15 | SL: ₹97.61 | P&L: -1.20%
2026-02-11 13:29:52,129 - INFO - ✓ Using first available quote: NSE_FO:NIFTY2621725950PE
2026-02-11 13:29:52,134 - INFO -   Price: ₹107.00 | SL: ₹97.61 | P&L: -1.34%
2026-02-11 13:29:55,761 - INFO - ✓ Using first available quote: NSE_FO:NIFTY2621725950PE
2026-02-11 13:29:55,766 - INFO -   Price: ₹107.10 | SL: ₹97.61 | P&L: -1.24%
2026-02-11 13:29:59,378 - INFO - ✓ Using first available quote: NSE_FO:NIFTY2621725950PE
2026-02-11 13:29:59,383 - INFO -   Price: ₹107.15 | SL: ₹97.61 | P&L: -1.20%
2026-02-11 13:30:02,972 - INFO - ✓ Using first available quote: NSE_FO:NIFTY2621725950PE
2026-02-11 13:30:02,976 - INFO -   Price: ₹106.15 | SL: ₹97.61 | P&L: -2.12%
2026-02-11 13:30:06,550 - INFO - ✓ Using first available quote: NSE_FO:NIFTY2621725950PE
2026-02-11 13:30:06,555 - INFO -   Price: ₹105.95 | SL: ₹97.61 | P&L: -2.31%
2026-02-11 13:30:10,244 - INFO - ✓ Using first available quote: NSE_FO:NIFTY2621725950PE
2026-02-11 13:30:10,249 - INFO -   Price: ₹106.10 | SL: ₹97.61 | P&L: -2.17%
2026-02-11 13:30:13,905 - INFO - ✓ Using first available quote: NSE_FO:NIFTY2621725950PE
2026-02-11 13:30:13,908 - INFO -   Price: ₹106.30 | SL: ₹97.61 | P&L: -1.98%
2026-02-11 13:30:17,749 - INFO - ✓ Using first available quote: NSE_FO:NIFTY2621725950PE
2026-02-11 13:30:17,754 - INFO -   Price: ₹104.60 | SL: ₹97.61 | P&L: -3.55%
2026-02-11 13:30:21,543 - INFO - ✓ Using first available quote: NSE_FO:NIFTY2621725950PE
2026-02-11 13:30:21,548 - INFO -   Price: ₹104.50 | SL: ₹97.61 | P&L: -3.64%
2026-02-11 13:30:25,206 - INFO - ✓ Using first available quote: NSE_FO:NIFTY2621725950PE
2026-02-11 13:30:25,210 - INFO -   Price: ₹104.30 | SL: ₹97.61 | P&L: -3.83%
2026-02-11 13:30:28,878 - INFO - ✓ Using first available quote: NSE_FO:NIFTY2621725950PE
2026-02-11 13:30:28,883 - INFO -   Price: ₹104.25 | SL: ₹97.61 | P&L: -3.87%
2026-02-11 13:30:32,537 - INFO - ✓ Using first available quote: NSE_FO:NIFTY2621725950PE
2026-02-11 13:30:32,542 - INFO -   Price: ₹104.30 | SL: ₹97.61 | P&L: -3.83%
2026-02-11 13:30:36,110 - INFO - ✓ Using first available quote: NSE_FO:NIFTY2621725950PE
2026-02-11 13:30:36,115 - INFO -   Price: ₹103.55 | SL: ₹97.61 | P&L: -4.52%
2026-02-11 13:30:39,671 - INFO - ✓ Using first available quote: NSE_FO:NIFTY2621725950PE
2026-02-11 13:30:39,676 - INFO -   Price: ₹104.60 | SL: ₹97.61 | P&L: -3.55%
2026-02-11 13:30:43,251 - INFO - ✓ Using first available quote: NSE_FO:NIFTY2621725950PE
2026-02-11 13:30:43,256 - INFO -   Price: ₹104.75 | SL: ₹97.61 | P&L: -3.41%
2026-02-11 13:30:46,877 - INFO - ✓ Using first available quote: NSE_FO:NIFTY2621725950PE
2026-02-11 13:30:46,882 - INFO -   Price: ₹106.15 | SL: ₹97.61 | P&L: -2.12%
2026-02-11 13:30:50,483 - INFO - ✓ Using first available quote: NSE_FO:NIFTY2621725950PE
2026-02-11 13:30:50,488 - INFO -   Price: ₹106.00 | SL: ₹97.61 | P&L: -2.26%
2026-02-11 13:30:54,280 - INFO - ✓ Using first available quote: NSE_FO:NIFTY2621725950PE
2026-02-11 13:30:54,283 - INFO -   Price: ₹106.60 | SL: ₹97.61 | P&L: -1.71%
2026-02-11 13:30:58,133 - INFO - ✓ Using first available quote: NSE_FO:NIFTY2621725950PE
2026-02-11 13:30:58,138 - INFO -   Price: ₹107.00 | SL: ₹97.61 | P&L: -1.34%
2026-02-11 13:31:02,034 - INFO - ✓ Using first available quote: NSE_FO:NIFTY2621725950PE
2026-02-11 13:31:02,039 - INFO -   Price: ₹106.45 | SL: ₹97.61 | P&L: -1.84%
2026-02-11 13:31:05,627 - INFO - ✓ Using first available quote: NSE_FO:NIFTY2621725950PE
2026-02-11 13:31:05,632 - INFO -   Price: ₹106.45 | SL: ₹97.61 | P&L: -1.84%
2026-02-11 13:31:09,241 - INFO - ✓ Using first available quote: NSE_FO:NIFTY2621725950PE
2026-02-11 13:31:09,246 - INFO -   Price: ₹106.80 | SL: ₹97.61 | P&L: -1.52%
2026-02-11 13:31:12,872 - INFO - ✓ Using first available quote: NSE_FO:NIFTY2621725950PE
2026-02-11 13:31:12,877 - INFO -   Price: ₹106.90 | SL: ₹97.61 | P&L: -1.43%
2026-02-11 13:31:16,528 - INFO - ✓ Using first available quote: NSE_FO:NIFTY2621725950PE
2026-02-11 13:31:16,532 - INFO -   Price: ₹107.00 | SL: ₹97.61 | P&L: -1.34%
2026-02-11 13:31:20,174 - INFO - ✓ Using first available quote: NSE_FO:NIFTY2621725950PE
2026-02-11 13:31:20,179 - INFO -   Price: ₹107.20 | SL: ₹97.61 | P&L: -1.15%
2026-02-11 13:31:23,813 - INFO - ✓ Using first available quote: NSE_FO:NIFTY2621725950PE
2026-02-11 13:31:23,816 - INFO -   Price: ₹107.10 | SL: ₹97.61 | P&L: -1.24%
2026-02-11 13:31:27,445 - INFO - ✓ Using first available quote: NSE_FO:NIFTY2621725950PE
2026-02-11 13:31:27,450 - INFO -   Price: ₹106.95 | SL: ₹97.61 | P&L: -1.38%
2026-02-11 13:31:31,071 - INFO - ✓ Using first available quote: NSE_FO:NIFTY2621725950PE
2026-02-11 13:31:31,076 - INFO -   Price: ₹106.60 | SL: ₹97.61 | P&L: -1.71%
2026-02-11 13:31:34,661 - INFO - ✓ Using first available quote: NSE_FO:NIFTY2621725950PE
2026-02-11 13:31:34,665 - INFO -   Price: ₹106.70 | SL: ₹97.61 | P&L: -1.61%
2026-02-11 13:31:38,212 - INFO - ✓ Using first available quote: NSE_FO:NIFTY2621725950PE
2026-02-11 13:31:38,216 - INFO -   Price: ₹107.35 | SL: ₹97.61 | P&L: -1.01%
2026-02-11 13:31:41,833 - INFO - ✓ Using first available quote: NSE_FO:NIFTY2621725950PE
2026-02-11 13:31:41,838 - INFO -   Price: ₹106.40 | SL: ₹97.61 | P&L: -1.89%
2026-02-11 13:31:45,371 - INFO - ✓ Using first available quote: NSE_FO:NIFTY2621725950PE
2026-02-11 13:31:45,376 - INFO -   Price: ₹106.65 | SL: ₹97.61 | P&L: -1.66%
2026-02-11 13:31:48,978 - INFO - ✓ Using first available quote: NSE_FO:NIFTY2621725950PE
2026-02-11 13:31:48,983 - INFO -   Price: ₹107.30 | SL: ₹97.61 | P&L: -1.06%
2026-02-11 13:31:52,791 - INFO - ✓ Using first available quote: NSE_FO:NIFTY2621725950PE
2026-02-11 13:31:52,795 - INFO -   Price: ₹107.05 | SL: ₹97.61 | P&L: -1.29%
2026-02-11 13:31:56,544 - INFO - ✓ Using first available quote: NSE_FO:NIFTY2621725950PE
2026-02-11 13:31:56,548 - INFO -   Price: ₹107.00 | SL: ₹97.61 | P&L: -1.34%
2026-02-11 13:32:00,178 - INFO - ✓ Using first available quote: NSE_FO:NIFTY2621725950PE
2026-02-11 13:32:00,182 - INFO -   Price: ₹107.00 | SL: ₹97.61 | P&L: -1.34%
2026-02-11 13:32:03,825 - INFO - ✓ Using first available quote: NSE_FO:NIFTY2621725950PE
2026-02-11 13:32:03,830 - INFO -   Price: ₹107.60 | SL: ₹97.61 | P&L: -0.78%
2026-02-11 13:32:07,433 - INFO - ✓ Using first available quote: NSE_FO:NIFTY2621725950PE
2026-02-11 13:32:07,437 - INFO -   Price: ₹108.80 | SL: ₹97.61 | P&L: +0.32%
2026-02-11 13:32:11,046 - INFO - ✓ Using first available quote: NSE_FO:NIFTY2621725950PE
2026-02-11 13:32:11,051 - INFO -   Price: ₹109.00 | SL: ₹97.61 | P&L: +0.51%
2026-02-11 13:32:14,872 - INFO - ✓ Using first available quote: NSE_FO:NIFTY2621725950PE
2026-02-11 13:32:14,876 - INFO -   Price: ₹109.45 | SL: ₹97.61 | P&L: +0.92%
2026-02-11 13:32:18,494 - INFO - ✓ Using first available quote: NSE_FO:NIFTY2621725950PE
2026-02-11 13:32:18,498 - INFO -   Price: ₹108.90 | SL: ₹97.61 | P&L: +0.41%
2026-02-11 13:32:22,101 - INFO - ✓ Using first available quote: NSE_FO:NIFTY2621725950PE
2026-02-11 13:32:22,104 - INFO -   Price: ₹109.15 | SL: ₹97.61 | P&L: +0.65%
2026-02-11 13:32:25,707 - INFO - ✓ Using first available quote: NSE_FO:NIFTY2621725950PE
2026-02-11 13:32:25,711 - INFO -   Price: ₹109.05 | SL: ₹97.61 | P&L: +0.55%
2026-02-11 13:32:29,774 - INFO - ✓ Using first available quote: NSE_FO:NIFTY2621725950PE
2026-02-11 13:32:29,780 - INFO -   Price: ₹107.40 | SL: ₹97.61 | P&L: -0.97%
2026-02-11 13:32:33,520 - INFO - ✓ Using first available quote: NSE_FO:NIFTY2621725950PE
2026-02-11 13:32:33,525 - INFO -   Price: ₹107.15 | SL: ₹97.61 | P&L: -1.20%
2026-02-11 13:32:37,329 - INFO - ✓ Using first available quote: NSE_FO:NIFTY2621725950PE
2026-02-11 13:32:37,334 - INFO -   Price: ₹107.55 | SL: ₹97.61 | P&L: -0.83%
2026-02-11 13:32:40,895 - INFO - ✓ Using first available quote: NSE_FO:NIFTY2621725950PE
2026-02-11 13:32:40,899 - INFO -   Price: ₹108.40 | SL: ₹97.61 | P&L: -0.05%
2026-02-11 13:32:44,527 - INFO - ✓ Using first available quote: NSE_FO:NIFTY2621725950PE
2026-02-11 13:32:44,532 - INFO -   Price: ₹107.40 | SL: ₹97.61 | P&L: -0.97%
2026-02-11 13:32:48,161 - INFO - ✓ Using first available quote: NSE_FO:NIFTY2621725950PE
2026-02-11 13:32:48,167 - INFO -   Price: ₹106.95 | SL: ₹97.61 | P&L: -1.38%
2026-02-11 13:32:51,782 - INFO - ✓ Using first available quote: NSE_FO:NIFTY2621725950PE
2026-02-11 13:32:51,787 - INFO -   Price: ₹106.85 | SL: ₹97.61 | P&L: -1.48%
2026-02-11 13:32:55,390 - INFO - ✓ Using first available quote: NSE_FO:NIFTY2621725950PE
2026-02-11 13:32:55,394 - INFO -   Price: ₹106.95 | SL: ₹97.61 | P&L: -1.38%
2026-02-11 13:32:59,026 - INFO - ✓ Using first available quote: NSE_FO:NIFTY2621725950PE
2026-02-11 13:32:59,031 - INFO -   Price: ₹106.40 | SL: ₹97.61 | P&L: -1.89%
2026-02-11 13:33:02,915 - INFO - ✓ Using first available quote: NSE_FO:NIFTY2621725950PE
2026-02-11 13:33:02,920 - INFO -   Price: ₹105.45 | SL: ₹97.61 | P&L: -2.77%
2026-02-11 13:33:06,765 - INFO - ✓ Using first available quote: NSE_FO:NIFTY2621725950PE
2026-02-11 13:33:06,768 - INFO -   Price: ₹105.50 | SL: ₹97.61 | P&L: -2.72%
2026-02-11 13:33:10,591 - INFO - ✓ Using first available quote: NSE_FO:NIFTY2621725950PE
2026-02-11 13:33:10,597 - INFO -   Price: ₹106.35 | SL: ₹97.61 | P&L: -1.94%
2026-02-11 13:33:14,196 - INFO - ✓ Using first available quote: NSE_FO:NIFTY2621725950PE
2026-02-11 13:33:14,201 - INFO -   Price: ₹106.75 | SL: ₹97.61 | P&L: -1.57%
2026-02-11 13:33:17,829 - INFO - ✓ Using first available quote: NSE_FO:NIFTY2621725950PE
2026-02-11 13:33:17,834 - INFO -   Price: ₹107.10 | SL: ₹97.61 | P&L: -1.24%
2026-02-11 13:33:21,411 - INFO - ✓ Using first available quote: NSE_FO:NIFTY2621725950PE
2026-02-11 13:33:21,416 - INFO -   Price: ₹106.55 | SL: ₹97.61 | P&L: -1.75%
2026-02-11 13:33:24,939 - INFO - ✓ Using first available quote: NSE_FO:NIFTY2621725950PE
2026-02-11 13:33:24,944 - INFO -   Price: ₹106.40 | SL: ₹97.61 | P&L: -1.89%
2026-02-11 13:33:28,530 - INFO - ✓ Using first available quote: NSE_FO:NIFTY2621725950PE
2026-02-11 13:33:28,535 - INFO -   Price: ₹106.65 | SL: ₹97.61 | P&L: -1.66%
2026-02-11 13:33:32,139 - INFO - ✓ Using first available quote: NSE_FO:NIFTY2621725950PE
2026-02-11 13:33:32,143 - INFO -   Price: ₹106.95 | SL: ₹97.61 | P&L: -1.38%
2026-02-11 13:33:35,773 - INFO - ✓ Using first available quote: NSE_FO:NIFTY2621725950PE
2026-02-11 13:33:35,778 - INFO -   Price: ₹106.70 | SL: ₹97.61 | P&L: -1.61%
2026-02-11 13:33:40,618 - INFO - ✓ Using first available quote: NSE_FO:NIFTY2621725950PE
2026-02-11 13:33:40,623 - INFO -   Price: ₹106.15 | SL: ₹97.61 | P&L: -2.12%
2026-02-11 13:33:44,382 - INFO - ✓ Using first available quote: NSE_FO:NIFTY2621725950PE
2026-02-11 13:33:44,386 - INFO -   Price: ₹106.35 | SL: ₹97.61 | P&L: -1.94%
2026-02-11 13:33:47,962 - INFO - ✓ Using first available quote: NSE_FO:NIFTY2621725950PE
2026-02-11 13:33:47,967 - INFO -   Price: ₹105.85 | SL: ₹97.61 | P&L: -2.40%
2026-02-11 13:33:51,545 - INFO - ✓ Using first available quote: NSE_FO:NIFTY2621725950PE
2026-02-11 13:33:51,551 - INFO -   Price: ₹105.80 | SL: ₹97.61 | P&L: -2.44%
2026-02-11 13:33:55,296 - INFO - ✓ Using first available quote: NSE_FO:NIFTY2621725950PE
2026-02-11 13:33:55,301 - INFO -   Price: ₹105.35 | SL: ₹97.61 | P&L: -2.86%
2026-02-11 13:33:59,143 - INFO - ✓ Using first available quote: NSE_FO:NIFTY2621725950PE
2026-02-11 13:33:59,148 - INFO -   Price: ₹105.25 | SL: ₹97.61 | P&L: -2.95%
2026-02-11 13:34:02,852 - INFO - ✓ Using first available quote: NSE_FO:NIFTY2621725950PE
2026-02-11 13:34:02,856 - INFO -   Price: ₹104.25 | SL: ₹97.61 | P&L: -3.87%
2026-02-11 13:34:06,411 - INFO - ✓ Using first available quote: NSE_FO:NIFTY2621725950PE
2026-02-11 13:34:06,415 - INFO -   Price: ₹104.30 | SL: ₹97.61 | P&L: -3.83%
2026-02-11 13:34:10,077 - INFO - ✓ Using first available quote: NSE_FO:NIFTY2621725950PE
2026-02-11 13:34:10,080 - INFO -   Price: ₹104.50 | SL: ₹97.61 | P&L: -3.64%
2026-02-11 13:34:13,662 - INFO - ✓ Using first available quote: NSE_FO:NIFTY2621725950PE
2026-02-11 13:34:13,668 - INFO -   Price: ₹105.00 | SL: ₹97.61 | P&L: -3.18%
2026-02-11 13:34:17,436 - INFO - ✓ Using first available quote: NSE_FO:NIFTY2621725950PE
2026-02-11 13:34:17,441 - INFO -   Price: ₹104.90 | SL: ₹97.61 | P&L: -3.27%
2026-02-11 13:34:21,180 - INFO - ✓ Using first available quote: NSE_FO:NIFTY2621725950PE
2026-02-11 13:34:21,185 - INFO -   Price: ₹104.20 | SL: ₹97.61 | P&L: -3.92%
2026-02-11 13:34:24,880 - INFO - ✓ Using first available quote: NSE_FO:NIFTY2621725950PE
2026-02-11 13:34:24,883 - INFO -   Price: ₹103.70 | SL: ₹97.61 | P&L: -4.38%
2026-02-11 13:34:28,551 - INFO - ✓ Using first available quote: NSE_FO:NIFTY2621725950PE
2026-02-11 13:34:28,556 - INFO -   Price: ₹104.45 | SL: ₹97.61 | P&L: -3.69%
2026-02-11 13:34:32,294 - INFO - ✓ Using first available quote: NSE_FO:NIFTY2621725950PE
2026-02-11 13:34:32,299 - INFO -   Price: ₹104.55 | SL: ₹97.61 | P&L: -3.60%
2026-02-11 13:34:35,920 - INFO - ✓ Using first available quote: NSE_FO:NIFTY2621725950PE
2026-02-11 13:34:35,925 - INFO -   Price: ₹104.45 | SL: ₹97.61 | P&L: -3.69%
2026-02-11 13:34:39,542 - INFO - ✓ Using first available quote: NSE_FO:NIFTY2621725950PE
2026-02-11 13:34:39,547 - INFO -   Price: ₹104.25 | SL: ₹97.61 | P&L: -3.87%
2026-02-11 13:34:43,151 - INFO - ✓ Using first available quote: NSE_FO:NIFTY2621725950PE
2026-02-11 13:34:43,155 - INFO -   Price: ₹104.15 | SL: ₹97.61 | P&L: -3.96%
2026-02-11 13:34:46,764 - INFO - ✓ Using first available quote: NSE_FO:NIFTY2621725950PE
2026-02-11 13:34:46,769 - INFO -   Price: ₹104.05 | SL: ₹97.61 | P&L: -4.06%
2026-02-11 13:34:50,341 - INFO - ✓ Using first available quote: NSE_FO:NIFTY2621725950PE
2026-02-11 13:34:50,346 - INFO -   Price: ₹103.95 | SL: ₹97.61 | P&L: -4.15%
2026-02-11 13:34:54,152 - INFO - ✓ Using first available quote: NSE_FO:NIFTY2621725950PE
2026-02-11 13:34:54,157 - INFO -   Price: ₹103.20 | SL: ₹97.61 | P&L: -4.84%
2026-02-11 13:34:58,003 - INFO - ✓ Using first available quote: NSE_FO:NIFTY2621725950PE
2026-02-11 13:34:58,009 - INFO -   Price: ₹104.10 | SL: ₹97.61 | P&L: -4.01%
2026-02-11 13:35:01,984 - INFO - ✓ Using first available quote: NSE_FO:NIFTY2621725950PE
2026-02-11 13:35:01,989 - INFO -   Price: ₹103.90 | SL: ₹97.61 | P&L: -4.20%
2026-02-11 13:35:05,596 - INFO - ✓ Using first available quote: NSE_FO:NIFTY2621725950PE
2026-02-11 13:35:05,601 - INFO -   Price: ₹103.75 | SL: ₹97.61 | P&L: -4.33%
2026-02-11 13:35:09,204 - INFO - ✓ Using first available quote: NSE_FO:NIFTY2621725950PE
2026-02-11 13:35:09,209 - INFO -   Price: ₹103.95 | SL: ₹97.61 | P&L: -4.15%
2026-02-11 13:35:12,798 - INFO - ✓ Using first available quote: NSE_FO:NIFTY2621725950PE
2026-02-11 13:35:12,803 - INFO -   Price: ₹104.80 | SL: ₹97.61 | P&L: -3.37%
2026-02-11 13:35:16,441 - INFO - ✓ Using first available quote: NSE_FO:NIFTY2621725950PE
2026-02-11 13:35:16,446 - INFO -   Price: ₹104.30 | SL: ₹97.61 | P&L: -3.83%
2026-02-11 13:35:20,085 - INFO - ✓ Using first available quote: NSE_FO:NIFTY2621725950PE
2026-02-11 13:35:20,090 - INFO -   Price: ₹104.50 | SL: ₹97.61 | P&L: -3.64%
2026-02-11 13:35:23,685 - INFO - ✓ Using first available quote: NSE_FO:NIFTY2621725950PE
2026-02-11 13:35:23,688 - INFO -   Price: ₹104.30 | SL: ₹97.61 | P&L: -3.83%
2026-02-11 13:35:27,425 - INFO - ✓ Using first available quote: NSE_FO:NIFTY2621725950PE
2026-02-11 13:35:27,429 - INFO -   Price: ₹103.90 | SL: ₹97.61 | P&L: -4.20%
2026-02-11 13:35:31,373 - INFO - ✓ Using first available quote: NSE_FO:NIFTY2621725950PE
2026-02-11 13:35:31,378 - INFO -   Price: ₹103.75 | SL: ₹97.61 | P&L: -4.33%
2026-02-11 13:35:35,137 - INFO - ✓ Using first available quote: NSE_FO:NIFTY2621725950PE
2026-02-11 13:35:35,141 - INFO -   Price: ₹103.75 | SL: ₹97.61 | P&L: -4.33%
2026-02-11 13:35:38,775 - INFO - ✓ Using first available quote: NSE_FO:NIFTY2621725950PE
2026-02-11 13:35:38,780 - INFO -   Price: ₹103.10 | SL: ₹97.61 | P&L: -4.93%
2026-02-11 13:35:42,345 - INFO - ✓ Using first available quote: NSE_FO:NIFTY2621725950PE
2026-02-11 13:35:42,350 - INFO -   Price: ₹103.45 | SL: ₹97.61 | P&L: -4.61%
2026-02-11 13:35:45,925 - INFO - ✓ Using first available quote: NSE_FO:NIFTY2621725950PE
2026-02-11 13:35:45,930 - INFO -   Price: ₹103.10 | SL: ₹97.61 | P&L: -4.93%
2026-02-11 13:35:49,556 - INFO - ✓ Using first available quote: NSE_FO:NIFTY2621725950PE
2026-02-11 13:35:49,561 - INFO -   Price: ₹102.65 | SL: ₹97.61 | P&L: -5.35%
2026-02-11 13:35:53,172 - INFO - ✓ Using first available quote: NSE_FO:NIFTY2621725950PE
2026-02-11 13:35:53,176 - INFO -   Price: ₹103.05 | SL: ₹97.61 | P&L: -4.98%
2026-02-11 13:35:56,748 - INFO - ✓ Using first available quote: NSE_FO:NIFTY2621725950PE
2026-02-11 13:35:56,752 - INFO -   Price: ₹103.55 | SL: ₹97.61 | P&L: -4.52%
2026-02-11 13:36:00,324 - INFO - ✓ Using first available quote: NSE_FO:NIFTY2621725950PE
2026-02-11 13:36:00,329 - INFO -   Price: ₹103.10 | SL: ₹97.61 | P&L: -4.93%
2026-02-11 13:36:04,172 - INFO - ✓ Using first available quote: NSE_FO:NIFTY2621725950PE
2026-02-11 13:36:04,177 - INFO -   Price: ₹103.20 | SL: ₹97.61 | P&L: -4.84%
2026-02-11 13:36:08,039 - INFO - ✓ Using first available quote: NSE_FO:NIFTY2621725950PE
2026-02-11 13:36:08,044 - INFO -   Price: ₹103.40 | SL: ₹97.61 | P&L: -4.66%
2026-02-11 13:36:11,684 - INFO - ✓ Using first available quote: NSE_FO:NIFTY2621725950PE
2026-02-11 13:36:11,689 - INFO -   Price: ₹104.05 | SL: ₹97.61 | P&L: -4.06%
2026-02-11 13:36:15,359 - INFO - ✓ Using first available quote: NSE_FO:NIFTY2621725950PE
2026-02-11 13:36:15,362 - INFO -   Price: ₹104.50 | SL: ₹97.61 | P&L: -3.64%
2026-02-11 13:36:18,994 - INFO - ✓ Using first available quote: NSE_FO:NIFTY2621725950PE
2026-02-11 13:36:18,999 - INFO -   Price: ₹105.60 | SL: ₹97.61 | P&L: -2.63%
2026-02-11 13:36:22,651 - INFO - ✓ Using first available quote: NSE_FO:NIFTY2621725950PE
2026-02-11 13:36:22,655 - INFO -   Price: ₹105.90 | SL: ₹97.61 | P&L: -2.35%
2026-02-11 13:36:26,295 - INFO - ✓ Using first available quote: NSE_FO:NIFTY2621725950PE
2026-02-11 13:36:26,300 - INFO -   Price: ₹105.75 | SL: ₹97.61 | P&L: -2.49%
2026-02-11 13:36:29,909 - INFO - ✓ Using first available quote: NSE_FO:NIFTY2621725950PE
2026-02-11 13:36:29,914 - INFO -   Price: ₹105.45 | SL: ₹97.61 | P&L: -2.77%
2026-02-11 13:36:33,534 - INFO - ✓ Using first available quote: NSE_FO:NIFTY2621725950PE
2026-02-11 13:36:33,539 - INFO -   Price: ₹105.45 | SL: ₹97.61 | P&L: -2.77%
2026-02-11 13:36:37,144 - INFO - ✓ Using first available quote: NSE_FO:NIFTY2621725950PE
2026-02-11 13:36:37,149 - INFO -   Price: ₹105.25 | SL: ₹97.61 | P&L: -2.95%
2026-02-11 13:36:41,084 - INFO - ✓ Using first available quote: NSE_FO:NIFTY2621725950PE
2026-02-11 13:36:41,088 - INFO -   Price: ₹105.75 | SL: ₹97.61 | P&L: -2.49%
2026-02-11 13:36:44,879 - INFO - ✓ Using first available quote: NSE_FO:NIFTY2621725950PE
2026-02-11 13:36:44,883 - INFO -   Price: ₹105.95 | SL: ₹97.61 | P&L: -2.31%
2026-02-11 13:36:48,437 - INFO - ✓ Using first available quote: NSE_FO:NIFTY2621725950PE
2026-02-11 13:36:48,441 - INFO -   Price: ₹105.90 | SL: ₹97.61 | P&L: -2.35%
2026-02-11 13:36:52,023 - INFO - ✓ Using first available quote: NSE_FO:NIFTY2621725950PE
2026-02-11 13:36:52,029 - INFO -   Price: ₹106.60 | SL: ₹97.61 | P&L: -1.71%
2026-02-11 13:36:55,591 - INFO - ✓ Using first available quote: NSE_FO:NIFTY2621725950PE
2026-02-11 13:36:55,596 - INFO -   Price: ₹107.00 | SL: ₹97.61 | P&L: -1.34%
2026-02-11 13:36:59,251 - INFO - ✓ Using first available quote: NSE_FO:NIFTY2621725950PE
2026-02-11 13:36:59,255 - INFO -   Price: ₹106.35 | SL: ₹97.61 | P&L: -1.94%
2026-02-11 13:37:02,852 - INFO - ✓ Using first available quote: NSE_FO:NIFTY2621725950PE
2026-02-11 13:37:02,857 - INFO -   Price: ₹105.75 | SL: ₹97.61 | P&L: -2.49%
2026-02-11 13:37:06,415 - INFO - ✓ Using first available quote: NSE_FO:NIFTY2621725950PE
2026-02-11 13:37:06,419 - INFO -   Price: ₹106.45 | SL: ₹97.61 | P&L: -1.84%
2026-02-11 13:37:10,098 - INFO - ✓ Using first available quote: NSE_FO:NIFTY2621725950PE
2026-02-11 13:37:10,103 - INFO -   Price: ₹105.95 | SL: ₹97.61 | P&L: -2.31%
2026-02-11 13:37:13,717 - INFO - ✓ Using first available quote: NSE_FO:NIFTY2621725950PE
2026-02-11 13:37:13,722 - INFO -   Price: ₹105.65 | SL: ₹97.61 | P&L: -2.58%
2026-02-11 13:37:18,503 - INFO - ✓ Using first available quote: NSE_FO:NIFTY2621725950PE
2026-02-11 13:37:18,508 - INFO -   Price: ₹106.00 | SL: ₹97.61 | P&L: -2.26%
2026-02-11 13:37:22,239 - INFO - ✓ Using first available quote: NSE_FO:NIFTY2621725950PE
2026-02-11 13:37:22,244 - INFO -   Price: ₹106.45 | SL: ₹97.61 | P&L: -1.84%
2026-02-11 13:37:25,842 - INFO - ✓ Using first available quote: NSE_FO:NIFTY2621725950PE
2026-02-11 13:37:25,847 - INFO -   Price: ₹106.40 | SL: ₹97.61 | P&L: -1.89%
2026-02-11 13:37:29,439 - INFO - ✓ Using first available quote: NSE_FO:NIFTY2621725950PE
2026-02-11 13:37:29,444 - INFO -   Price: ₹105.90 | SL: ₹97.61 | P&L: -2.35%
2026-02-11 13:37:33,038 - INFO - ✓ Using first available quote: NSE_FO:NIFTY2621725950PE
2026-02-11 13:37:33,041 - INFO -   Price: ₹106.50 | SL: ₹97.61 | P&L: -1.80%
2026-02-11 13:37:36,663 - INFO - ✓ Using first available quote: NSE_FO:NIFTY2621725950PE
2026-02-11 13:37:36,668 - INFO -   Price: ₹106.75 | SL: ₹97.61 | P&L: -1.57%
2026-02-11 13:37:40,245 - INFO - ✓ Using first available quote: NSE_FO:NIFTY2621725950PE
2026-02-11 13:37:40,249 - INFO -   Price: ₹106.75 | SL: ₹97.61 | P&L: -1.57%
2026-02-11 13:37:43,874 - INFO - ✓ Using first available quote: NSE_FO:NIFTY2621725950PE
2026-02-11 13:37:43,879 - INFO -   Price: ₹106.50 | SL: ₹97.61 | P&L: -1.80%
2026-02-11 13:37:47,433 - INFO - ✓ Using first available quote: NSE_FO:NIFTY2621725950PE
2026-02-11 13:37:47,437 - INFO -   Price: ₹106.35 | SL: ₹97.61 | P&L: -1.94%
2026-02-11 13:37:51,108 - INFO - ✓ Using first available quote: NSE_FO:NIFTY2621725950PE
2026-02-11 13:37:51,113 - INFO -   Price: ₹106.30 | SL: ₹97.61 | P&L: -1.98%
2026-02-11 13:37:54,842 - INFO - ✓ Using first available quote: NSE_FO:NIFTY2621725950PE
2026-02-11 13:37:54,847 - INFO -   Price: ₹106.05 | SL: ₹97.61 | P&L: -2.21%
2026-02-11 13:37:58,685 - INFO - ✓ Using first available quote: NSE_FO:NIFTY2621725950PE
2026-02-11 13:37:58,689 - INFO -   Price: ₹106.10 | SL: ₹97.61 | P&L: -2.17%
2026-02-11 13:38:02,348 - INFO - ✓ Using first available quote: NSE_FO:NIFTY2621725950PE
2026-02-11 13:38:02,352 - INFO -   Price: ₹105.35 | SL: ₹97.61 | P&L: -2.86%
2026-02-11 13:38:05,937 - INFO - ✓ Using first available quote: NSE_FO:NIFTY2621725950PE
2026-02-11 13:38:05,942 - INFO -   Price: ₹104.00 | SL: ₹97.61 | P&L: -4.10%
2026-02-11 13:38:09,553 - INFO - ✓ Using first available quote: NSE_FO:NIFTY2621725950PE
2026-02-11 13:38:09,557 - INFO -   Price: ₹104.60 | SL: ₹97.61 | P&L: -3.55%
2026-02-11 13:38:13,120 - INFO - ✓ Using first available quote: NSE_FO:NIFTY2621725950PE
2026-02-11 13:38:13,124 - INFO -   Price: ₹104.70 | SL: ₹97.61 | P&L: -3.46%
2026-02-11 13:38:16,712 - INFO - ✓ Using first available quote: NSE_FO:NIFTY2621725950PE
2026-02-11 13:38:16,715 - INFO -   Price: ₹104.75 | SL: ₹97.61 | P&L: -3.41%
2026-02-11 13:38:20,307 - INFO - ✓ Using first available quote: NSE_FO:NIFTY2621725950PE
2026-02-11 13:38:20,311 - INFO -   Price: ₹104.15 | SL: ₹97.61 | P&L: -3.96%
2026-02-11 13:38:23,908 - INFO - ✓ Using first available quote: NSE_FO:NIFTY2621725950PE
2026-02-11 13:38:23,912 - INFO -   Price: ₹104.20 | SL: ₹97.61 | P&L: -3.92%
2026-02-11 13:38:27,617 - INFO - ✓ Using first available quote: NSE_FO:NIFTY2621725950PE
2026-02-11 13:38:27,622 - INFO -   Price: ₹103.60 | SL: ₹97.61 | P&L: -4.47%
2026-02-11 13:38:31,481 - INFO - ✓ Using first available quote: NSE_FO:NIFTY2621725950PE
2026-02-11 13:38:31,485 - INFO -   Price: ₹103.95 | SL: ₹97.61 | P&L: -4.15%
2026-02-11 13:38:35,210 - INFO - ✓ Using first available quote: NSE_FO:NIFTY2621725950PE
2026-02-11 13:38:35,215 - INFO -   Price: ₹103.35 | SL: ₹97.61 | P&L: -4.70%
2026-02-11 13:38:38,808 - INFO - ✓ Using first available quote: NSE_FO:NIFTY2621725950PE
2026-02-11 13:38:38,812 - INFO -   Price: ₹103.70 | SL: ₹97.61 | P&L: -4.38%
2026-02-11 13:38:42,428 - INFO - ✓ Using first available quote: NSE_FO:NIFTY2621725950PE
2026-02-11 13:38:42,433 - INFO -   Price: ₹103.95 | SL: ₹97.61 | P&L: -4.15%
2026-02-11 13:38:46,039 - INFO - ✓ Using first available quote: NSE_FO:NIFTY2621725950PE
2026-02-11 13:38:46,043 - INFO -   Price: ₹103.55 | SL: ₹97.61 | P&L: -4.52%
2026-02-11 13:38:49,700 - INFO - ✓ Using first available quote: NSE_FO:NIFTY2621725950PE
2026-02-11 13:38:49,705 - INFO -   Price: ₹101.45 | SL: ₹97.61 | P&L: -6.45%
2026-02-11 13:38:53,386 - INFO - ✓ Using first available quote: NSE_FO:NIFTY2621725950PE
2026-02-11 13:38:53,391 - INFO -   Price: ₹101.50 | SL: ₹97.61 | P&L: -6.41%
2026-02-11 13:38:57,068 - INFO - ✓ Using first available quote: NSE_FO:NIFTY2621725950PE
2026-02-11 13:38:57,073 - INFO -   Price: ₹102.20 | SL: ₹97.61 | P&L: -5.76%
2026-02-11 13:39:00,745 - INFO - ✓ Using first available quote: NSE_FO:NIFTY2621725950PE
2026-02-11 13:39:00,750 - INFO -   Price: ₹102.30 | SL: ₹97.61 | P&L: -5.67%
2026-02-11 13:39:04,453 - INFO - ✓ Using first available quote: NSE_FO:NIFTY2621725950PE
2026-02-11 13:39:04,456 - INFO -   Price: ₹102.55 | SL: ₹97.61 | P&L: -5.44%
2026-02-11 13:39:08,228 - INFO - ✓ Using first available quote: NSE_FO:NIFTY2621725950PE
2026-02-11 13:39:08,231 - INFO -   Price: ₹102.50 | SL: ₹97.61 | P&L: -5.49%
2026-02-11 13:39:11,806 - INFO - ✓ Using first available quote: NSE_FO:NIFTY2621725950PE
2026-02-11 13:39:11,812 - INFO -   Price: ₹102.70 | SL: ₹97.61 | P&L: -5.30%
2026-02-11 13:39:15,449 - INFO - ✓ Using first available quote: NSE_FO:NIFTY2621725950PE
2026-02-11 13:39:15,454 - INFO -   Price: ₹102.10 | SL: ₹97.61 | P&L: -5.86%
2026-02-11 13:39:19,064 - INFO - ✓ Using first available quote: NSE_FO:NIFTY2621725950PE
2026-02-11 13:39:19,069 - INFO -   Price: ₹102.40 | SL: ₹97.61 | P&L: -5.58%
2026-02-11 13:39:22,629 - INFO - ✓ Using first available quote: NSE_FO:NIFTY2621725950PE
2026-02-11 13:39:22,633 - INFO -   Price: ₹102.75 | SL: ₹97.61 | P&L: -5.26%
2026-02-11 13:39:26,292 - INFO - ✓ Using first available quote: NSE_FO:NIFTY2621725950PE
2026-02-11 13:39:26,296 - INFO -   Price: ₹102.75 | SL: ₹97.61 | P&L: -5.26%
2026-02-11 13:39:29,914 - INFO - ✓ Using first available quote: NSE_FO:NIFTY2621725950PE
2026-02-11 13:39:29,917 - INFO -   Price: ₹102.80 | SL: ₹97.61 | P&L: -5.21%
2026-02-11 13:39:33,580 - INFO - ✓ Using first available quote: NSE_FO:NIFTY2621725950PE
2026-02-11 13:39:33,585 - INFO -   Price: ₹102.70 | SL: ₹97.61 | P&L: -5.30%
2026-02-11 13:39:37,213 - INFO - ✓ Using first available quote: NSE_FO:NIFTY2621725950PE
2026-02-11 13:39:37,218 - INFO -   Price: ₹102.50 | SL: ₹97.61 | P&L: -5.49%
2026-02-11 13:39:40,995 - INFO - ✓ Using first available quote: NSE_FO:NIFTY2621725950PE
2026-02-11 13:39:41,000 - INFO -   Price: ₹102.00 | SL: ₹97.61 | P&L: -5.95%
2026-02-11 13:39:44,696 - INFO - ✓ Using first available quote: NSE_FO:NIFTY2621725950PE
2026-02-11 13:39:44,701 - INFO -   Price: ₹101.50 | SL: ₹97.61 | P&L: -6.41%
2026-02-11 13:39:48,308 - INFO - ✓ Using first available quote: NSE_FO:NIFTY2621725950PE
2026-02-11 13:39:48,312 - INFO -   Price: ₹101.40 | SL: ₹97.61 | P&L: -6.50%
2026-02-11 13:39:51,890 - INFO - ✓ Using first available quote: NSE_FO:NIFTY2621725950PE
2026-02-11 13:39:51,894 - INFO -   Price: ₹102.00 | SL: ₹97.61 | P&L: -5.95%
2026-02-11 13:39:55,507 - INFO - ✓ Using first available quote: NSE_FO:NIFTY2621725950PE
2026-02-11 13:39:55,510 - INFO -   Price: ₹102.25 | SL: ₹97.61 | P&L: -5.72%
2026-02-11 13:39:59,143 - INFO - ✓ Using first available quote: NSE_FO:NIFTY2621725950PE
2026-02-11 13:39:59,148 - INFO -   Price: ₹102.25 | SL: ₹97.61 | P&L: -5.72%
2026-02-11 13:40:02,753 - INFO - ✓ Using first available quote: NSE_FO:NIFTY2621725950PE
2026-02-11 13:40:02,758 - INFO -   Price: ₹102.00 | SL: ₹97.61 | P&L: -5.95%
2026-02-11 13:40:06,360 - INFO - ✓ Using first available quote: NSE_FO:NIFTY2621725950PE
2026-02-11 13:40:06,364 - INFO -   Price: ₹102.40 | SL: ₹97.61 | P&L: -5.58%
2026-02-11 13:40:09,984 - INFO - ✓ Using first available quote: NSE_FO:NIFTY2621725950PE
2026-02-11 13:40:09,988 - INFO -   Price: ₹102.55 | SL: ₹97.61 | P&L: -5.44%
2026-02-11 13:40:13,582 - INFO - ✓ Using first available quote: NSE_FO:NIFTY2621725950PE
2026-02-11 13:40:13,586 - INFO -   Price: ₹103.15 | SL: ₹97.61 | P&L: -4.89%
2026-02-11 13:40:17,420 - INFO - ✓ Using first available quote: NSE_FO:NIFTY2621725950PE
2026-02-11 13:40:17,426 - INFO -   Price: ₹102.10 | SL: ₹97.61 | P&L: -5.86%
2026-02-11 13:40:21,188 - INFO - ✓ Using first available quote: NSE_FO:NIFTY2621725950PE
2026-02-11 13:40:21,192 - INFO -   Price: ₹102.25 | SL: ₹97.61 | P&L: -5.72%
2026-02-11 13:40:24,793 - INFO - ✓ Using first available quote: NSE_FO:NIFTY2621725950PE
2026-02-11 13:40:24,798 - INFO -   Price: ₹103.15 | SL: ₹97.61 | P&L: -4.89%
2026-02-11 13:40:28,413 - INFO - ✓ Using first available quote: NSE_FO:NIFTY2621725950PE
2026-02-11 13:40:28,418 - INFO -   Price: ₹102.80 | SL: ₹97.61 | P&L: -5.21%
2026-02-11 13:40:32,025 - INFO - ✓ Using first available quote: NSE_FO:NIFTY2621725950PE
2026-02-11 13:40:32,030 - INFO -   Price: ₹103.00 | SL: ₹97.61 | P&L: -5.03%
2026-02-11 13:40:35,597 - INFO - ✓ Using first available quote: NSE_FO:NIFTY2621725950PE
2026-02-11 13:40:35,602 - INFO -   Price: ₹102.95 | SL: ₹97.61 | P&L: -5.07%
2026-02-11 13:40:39,196 - INFO - ✓ Using first available quote: NSE_FO:NIFTY2621725950PE
2026-02-11 13:40:39,200 - INFO -   Price: ₹102.50 | SL: ₹97.61 | P&L: -5.49%
2026-02-11 13:40:42,756 - INFO - ✓ Using first available quote: NSE_FO:NIFTY2621725950PE
2026-02-11 13:40:42,761 - INFO -   Price: ₹102.40 | SL: ₹97.61 | P&L: -5.58%
2026-02-11 13:40:46,575 - INFO - ✓ Using first available quote: NSE_FO:NIFTY2621725950PE
2026-02-11 13:40:46,579 - INFO -   Price: ₹102.20 | SL: ₹97.61 | P&L: -5.76%
2026-02-11 13:40:50,185 - INFO - ✓ Using first available quote: NSE_FO:NIFTY2621725950PE
2026-02-11 13:40:50,189 - INFO -   Price: ₹102.00 | SL: ₹97.61 | P&L: -5.95%
2026-02-11 13:40:53,980 - INFO - ✓ Using first available quote: NSE_FO:NIFTY2621725950PE
2026-02-11 13:40:53,985 - INFO -   Price: ₹102.20 | SL: ₹97.61 | P&L: -5.76%
2026-02-11 13:40:57,742 - INFO - ✓ Using first available quote: NSE_FO:NIFTY2621725950PE
2026-02-11 13:40:57,747 - INFO -   Price: ₹100.85 | SL: ₹97.61 | P&L: -7.01%
2026-02-11 13:41:01,363 - INFO - ✓ Using first available quote: NSE_FO:NIFTY2621725950PE
2026-02-11 13:41:01,367 - INFO -   Price: ₹100.65 | SL: ₹97.61 | P&L: -7.19%
2026-02-11 13:41:05,007 - INFO - ✓ Using first available quote: NSE_FO:NIFTY2621725950PE
2026-02-11 13:41:05,011 - INFO -   Price: ₹100.85 | SL: ₹97.61 | P&L: -7.01%
2026-02-11 13:41:08,596 - INFO - ✓ Using first available quote: NSE_FO:NIFTY2621725950PE
2026-02-11 13:41:08,600 - INFO -   Price: ₹100.85 | SL: ₹97.61 | P&L: -7.01%
2026-02-11 13:41:12,250 - INFO - ✓ Using first available quote: NSE_FO:NIFTY2621725950PE
2026-02-11 13:41:12,255 - INFO -   Price: ₹100.80 | SL: ₹97.61 | P&L: -7.05%
2026-02-11 13:41:15,845 - INFO - ✓ Using first available quote: NSE_FO:NIFTY2621725950PE
2026-02-11 13:41:15,850 - INFO -   Price: ₹100.65 | SL: ₹97.61 | P&L: -7.19%
2026-02-11 13:41:19,485 - INFO - ✓ Using first available quote: NSE_FO:NIFTY2621725950PE
2026-02-11 13:41:19,490 - INFO -   Price: ₹100.00 | SL: ₹97.61 | P&L: -7.79%
2026-02-11 13:41:23,108 - INFO - ✓ Using first available quote: NSE_FO:NIFTY2621725950PE
2026-02-11 13:41:23,112 - INFO -   Price: ₹100.40 | SL: ₹97.61 | P&L: -7.42%
2026-02-11 13:41:26,675 - INFO - ✓ Using first available quote: NSE_FO:NIFTY2621725950PE
2026-02-11 13:41:26,679 - INFO -   Price: ₹100.05 | SL: ₹97.61 | P&L: -7.75%
2026-02-11 13:41:30,241 - INFO - ✓ Using first available quote: NSE_FO:NIFTY2621725950PE
2026-02-11 13:41:30,245 - INFO -   Price: ₹100.35 | SL: ₹97.61 | P&L: -7.47%
2026-02-11 13:41:33,850 - INFO - ✓ Using first available quote: NSE_FO:NIFTY2621725950PE
2026-02-11 13:41:33,854 - INFO -   Price: ₹100.25 | SL: ₹97.61 | P&L: -7.56%
2026-02-11 13:41:37,429 - INFO - ✓ Using first available quote: NSE_FO:NIFTY2621725950PE
2026-02-11 13:41:37,432 - INFO -   Price: ₹100.30 | SL: ₹97.61 | P&L: -7.51%
2026-02-11 13:41:41,071 - INFO - ✓ Using first available quote: NSE_FO:NIFTY2621725950PE
2026-02-11 13:41:41,076 - INFO -   Price: ₹99.70 | SL: ₹97.61 | P&L: -8.07%
2026-02-11 13:41:44,635 - INFO - ✓ Using first available quote: NSE_FO:NIFTY2621725950PE
2026-02-11 13:41:44,638 - INFO -   Price: ₹100.00 | SL: ₹97.61 | P&L: -7.79%
2026-02-11 13:41:48,207 - INFO - ✓ Using first available quote: NSE_FO:NIFTY2621725950PE
2026-02-11 13:41:48,212 - INFO -   Price: ₹100.30 | SL: ₹97.61 | P&L: -7.51%
2026-02-11 13:41:51,954 - INFO - ✓ Using first available quote: NSE_FO:NIFTY2621725950PE
2026-02-11 13:41:51,959 - INFO -   Price: ₹100.85 | SL: ₹97.61 | P&L: -7.01%
2026-02-11 13:41:55,798 - INFO - ✓ Using first available quote: NSE_FO:NIFTY2621725950PE
2026-02-11 13:41:55,801 - INFO -   Price: ₹100.25 | SL: ₹97.61 | P&L: -7.56%
2026-02-11 13:41:59,474 - INFO - ✓ Using first available quote: NSE_FO:NIFTY2621725950PE
2026-02-11 13:41:59,478 - INFO -   Price: ₹99.75 | SL: ₹97.61 | P&L: -8.02%
2026-02-11 13:42:03,211 - INFO - ✓ Using first available quote: NSE_FO:NIFTY2621725950PE
2026-02-11 13:42:03,216 - INFO -   Price: ₹99.80 | SL: ₹97.61 | P&L: -7.98%
2026-02-11 13:42:06,847 - INFO - ✓ Using first available quote: NSE_FO:NIFTY2621725950PE
2026-02-11 13:42:06,851 - INFO -   Price: ₹100.20 | SL: ₹97.61 | P&L: -7.61%
2026-02-11 13:42:10,514 - INFO - ✓ Using first available quote: NSE_FO:NIFTY2621725950PE
2026-02-11 13:42:10,519 - INFO -   Price: ₹99.40 | SL: ₹97.61 | P&L: -8.34%
2026-02-11 13:42:14,083 - INFO - ✓ Using first available quote: NSE_FO:NIFTY2621725950PE
2026-02-11 13:42:14,087 - INFO -   Price: ₹99.50 | SL: ₹97.61 | P&L: -8.25%
2026-02-11 13:42:17,720 - INFO - ✓ Using first available quote: NSE_FO:NIFTY2621725950PE
2026-02-11 13:42:17,725 - INFO -   Price: ₹99.50 | SL: ₹97.61 | P&L: -8.25%
2026-02-11 13:42:21,347 - INFO - ✓ Using first available quote: NSE_FO:NIFTY2621725950PE
2026-02-11 13:42:21,350 - INFO -   Price: ₹99.05 | SL: ₹97.61 | P&L: -8.67%
2026-02-11 13:42:24,982 - INFO - ✓ Using first available quote: NSE_FO:NIFTY2621725950PE
2026-02-11 13:42:24,987 - INFO -   Price: ₹99.40 | SL: ₹97.61 | P&L: -8.34%
2026-02-11 13:42:28,859 - INFO - ✓ Using first available quote: NSE_FO:NIFTY2621725950PE
2026-02-11 13:42:28,864 - INFO -   Price: ₹98.50 | SL: ₹97.61 | P&L: -9.17%
2026-02-11 13:42:32,622 - INFO - ✓ Using first available quote: NSE_FO:NIFTY2621725950PE
2026-02-11 13:42:32,626 - INFO -   Price: ₹98.10 | SL: ₹97.61 | P&L: -9.54%
2026-02-11 13:42:36,240 - INFO - ✓ Using first available quote: NSE_FO:NIFTY2621725950PE
2026-02-11 13:42:36,245 - INFO -   Price: ₹97.70 | SL: ₹97.61 | P&L: -9.91%
2026-02-11 13:42:39,808 - INFO - ✓ Using first available quote: NSE_FO:NIFTY2621725950PE
2026-02-11 13:42:39,813 - INFO -   Price: ₹96.75 | SL: ₹97.61 | P&L: -10.79%
2026-02-11 13:42:39,813 - WARNING - 🛑 STOP LOSS HIT at ₹96.75
2026-02-11 13:42:41,495 - INFO - ✓ Using first available quote: NSE_FO:NIFTY2621725950PE
2026-02-11 13:42:41,500 - INFO - 
======================================================================
2026-02-11 13:42:41,500 - INFO - 🚪 POSITION EXIT
2026-02-11 13:42:41,501 - INFO - ======================================================================
2026-02-11 13:42:41,501 - INFO - Exit Reason: STOP_LOSS
2026-02-11 13:42:41,501 - INFO - Entry:       ₹108.45
2026-02-11 13:42:41,501 - INFO - Exit:        ₹97.60
2026-02-11 13:42:41,502 - INFO - P&L:         ₹-10.85 (-10.00%)
2026-02-11 13:42:41,502 - INFO - Duration:    14.0 minutes
2026-02-11 13:42:41,502 - INFO - ======================================================================

2026-02-11 13:42:41,505 - INFO - 📝 Trade logged to trades/trades.csv
2026-02-11 13:42:43,441 - INFO - 💰 CUMULATIVE DAILY P&L: ₹-10.95
2026-02-11 13:42:43,441 - WARNING - 🛑 MAX TRADES LIMIT REACHED (2) - Stopping for the day
2026-02-11 13:42:43,442 - INFO - Trade completed. Waiting for market close...
2026-02-11 15:30:00,289 - INFO - 
======================================================================
2026-02-11 15:30:00,292 - INFO - 🔔 Market Closed
2026-02-11 15:30:00,292 - INFO - ======================================================================
2026-02-11 15:30:00,292 - INFO - 
================================================================================
2026-02-11 15:30:00,292 - INFO - 🏁 STRATEGY EXECUTION COMPLETED
2026-02-11 15:30:00,293 - INFO - ================================================================================
2026-02-11 15:30:00,293 - INFO - Total Trades: 2
2026-02-11 15:30:00,293 - INFO - ================================================================================

